DATASET INFORMATION:
TOTAL PACKAGES: 620221
TOTAL SNIPPETS: 384
--------
ERROR ANALYSIS

ERROR, CODE, CATEGORY, NUM OCCURANCES, NUM AFFECTED SNIPPETS, FIRST ID, PERCENT
Cannot find name, 2304, 1, 1181, 223, 1084584, 0.5807291666666666
Invalid character., 1127, 1, 697, 18, 1084584, 0.046875
Character expected, 1005, 1, 413, 69, 1084584, 0.1796875
Unexpected keyword or identifier., 1434, 1, 179, 35, 1084584, 0.09114583333333333
Cannot find name 'file'. Did you mean 'File'?, 2552, 1, 116, 69, 1084584, 0.1796875
Left side of comma operator is unused and has no side effects., 2695, 1, 96, 11, 670298, 0.028645833333333332
Expression expected., 1109, 1, 95, 33, 1084584, 0.0859375
Cannot use JSX unless the '--jsx' flag is provided., 17004, 1, 59, 24, 177110, 0.0625
Declaration or statement expected., 1128, 1, 29, 19, 1613760, 0.049479166666666664
Identifier expected., 1003, 1, 18, 8, 1084584, 0.020833333333333332
Property 'setState' does not exist on type 'MyComponent'., 2339, 1, 18, 7, 177110, 0.018229166666666668
Unknown keyword or identifier, 1435, 1, 18, 6, 26086, 0.015625
No value exists in scope for the shorthand property 'SQL'. Either declare one or provide an initializer., 18004, 1, 14, 4, 1382375, 0.010416666666666666
Top-level 'await' expressions are only allowed when the 'module' option is set to 'es2022', 'esnext', 'system', 'node16', or 'nodenext', and the 'target' option is set to 'es2017' or higher., 1378, 1, 14, 9, 970362, 0.0234375
Cannot find name '$'. Do you need to install type definitions for jQuery? Try `npm i --save-dev @types/jquery` and then add 'jquery' to the types field in your tsconfig., 2592, 1, 13, 10, 2156169, 0.026041666666666668
Cannot redeclare block-scoped variable 'chess'., 2451, 1, 11, 3, 229429, 0.0078125
Unterminated regular expression literal., 1161, 1, 9, 3, 636374, 0.0078125
'await' expressions are only allowed at the top level of a file when that file is a module, but this file has no imports or exports. Consider adding an empty 'export {}' to make this file a module., 1375, 1, 8, 7, 970362, 0.018229166666666668
JSX element 'pathToFile2' has no corresponding closing tag., 17008, 1, 7, 4, 1390315, 0.010416666666666666
'Required' only refers to a type, but is being used as a value here., 2693, 1, 7, 4, 1850043, 0.010416666666666666
Type annotations can only be used in TypeScript files., 8010, 1, 7, 3, 2103994, 0.0078125
The right-hand side of an arithmetic operation must be of type 'any', 'number', 'bigint' or an enum type., 2363, 1, 6, 3, 1096643, 0.0078125
Module declaration names may only use ' or " quoted strings., 1443, 1, 5, 1, 1393976, 0.0026041666666666665
Argument expression expected., 1135, 1, 4, 2, 26086, 0.005208333333333333
Type 'number' is not assignable to type 'object'., 2322, 1, 4, 3, 1105835, 0.0078125
Duplicate identifier 'MuseUtils'., 2300, 1, 4, 2, 1387644, 0.005208333333333333
Property assignment expected., 1136, 1, 4, 3, 904373, 0.0078125
An identifier or keyword cannot immediately follow a numeric literal., 1351, 1, 3, 1, 670298, 0.0026041666666666665
Cannot find name 'test'. Do you need to install type definitions for a test runner? Try `npm i --save-dev @types/jest` or `npm i --save-dev @types/mocha` and then add 'jest' or 'mocha' to the types field in your tsconfig., 2593, 1, 3, 2, 2128248, 0.005208333333333333
Experimental support for decorators is a feature that is subject to change in a future release. Set the 'experimentalDecorators' option in your 'tsconfig' or 'jsconfig' to remove this warning., 1219, 1, 3, 3, 927397, 0.0078125
This expression is not callable., 2349, 1, 3, 3, 927397, 0.0078125
The left-hand side of an arithmetic operation must be of type 'any', 'number', 'bigint' or an enum type., 2362, 1, 3, 2, 1823469, 0.005208333333333333
Cannot find namespace 'form'., 2503, 1, 3, 2, 1387644, 0.005208333333333333
The '?' modifier can only be used in TypeScript files., 8009, 1, 3, 2, 1021185, 0.005208333333333333
The left-hand side of an assignment expression must be a variable or a property access., 2364, 1, 3, 1, 1393976, 0.0026041666666666665
Declaration expected., 1146, 1, 2, 2, 198099, 0.005208333333333333
Non-null assertions can only be used in TypeScript files., 8013, 1, 2, 1, 1096643, 0.0026041666666666665
Unterminated template literal., 1160, 1, 2, 2, 760287, 0.005208333333333333
'import ... =' can only be used in TypeScript files., 8002, 1, 2, 2, 1823469, 0.005208333333333333
JSX expressions must have one parent element., 2657, 1, 2, 2, 1149718, 0.005208333333333333
Spread types may only be created from object types., 2698, 1, 2, 1, 1224708, 0.0026041666666666665
The left-hand side of an 'instanceof' expression must be of type 'any', an object type or a type parameter., 2358, 1, 2, 1, 5951, 0.0026041666666666665
Unexpected token. Did you mean `{'}'}` or `&rbrace;`?, 1381, 1, 2, 1, 1408776, 0.0026041666666666665
JSX spread child must be an array type., 2609, 1, 2, 1, 1408776, 0.0026041666666666665
Cannot find module './plugins.json'. Consider using '--resolveJsonModule' to import module with '.json' extension., 2732, 1, 1, 1, 1554023, 0.0026041666666666665
A 'yield' expression is only allowed in a generator body., 1163, 1, 1, 1, 1391140, 0.0026041666666666665
'implements' clauses can only be used in TypeScript files., 8005, 1, 1, 1, 405101, 0.0026041666666666665
String literal expected., 1141, 1, 1, 1, 1387644, 0.0026041666666666665
A type predicate is only allowed in return type position for functions and methods., 1228, 1, 1, 1, 1988229, 0.0026041666666666665
Private identifiers are not allowed outside class bodies., 18016, 1, 1, 1, 1995548, 0.0026041666666666665
Unexpected token. A constructor, method, accessor, or property was expected., 1068, 1, 1, 1, 60170, 0.0026041666666666665
An object member cannot be declared optional., 1162, 1, 1, 1, 1656592, 0.0026041666666666665
Cannot assign to 'name' because it is a constant., 2588, 1, 1, 1, 6268, 0.0026041666666666665
Unterminated string literal., 1002, 1, 1, 1, 6268, 0.0026041666666666665
Type arguments can only be used in TypeScript files., 8011, 1, 1, 1, 31765, 0.0026041666666666665
Variable declaration expected., 1134, 1, 1, 1, 867118, 0.0026041666666666665

Snippets without errors: 93/384(0.2421875)
Snippets timed out: 0/384(0)
Snippets failed: 0/384(0)
--------
LINE DELETION ERRORS

ERROR, CODE, CATEGORY, NUM OCCURANCES, NUM AFFECTED SNIPPETS, FIRST ID, PERCENT
Cannot find name, 2304, 1, 78, 66, 1433452, 0.171875
Cannot use JSX unless the '--jsx' flag is provided., 17004, 1, 29, 12, 376543, 0.03125
Cannot find name 'map'. Did you mean 'Map'?, 2552, 1, 15, 12, 673019, 0.03125
Character expected, 1005, 1, 6, 6, 736477, 0.015625
Expression expected., 1109, 1, 5, 5, 575812, 0.013020833333333334
Type annotations can only be used in TypeScript files., 8010, 1, 4, 2, 2103994, 0.005208333333333333
'await' expressions are only allowed at the top level of a file when that file is a module, but this file has no imports or exports. Consider adding an empty 'export {}' to make this file a module., 1375, 1, 2, 2, 1552499, 0.005208333333333333
Top-level 'await' expressions are only allowed when the 'module' option is set to 'es2022', 'esnext', 'system', 'node16', or 'nodenext', and the 'target' option is set to 'es2017' or higher., 1378, 1, 2, 2, 1552499, 0.005208333333333333
JSX element 'Form' has no corresponding closing tag., 17008, 1, 2, 1, 1736585, 0.0026041666666666665
Property 'config' does not exist on type 'Window & typeof globalThis'., 2339, 1, 2, 2, 294569, 0.005208333333333333
Cannot find name 'describe'. Do you need to install type definitions for a test runner? Try `npm i --save-dev @types/jest` or `npm i --save-dev @types/mocha` and then add 'jest' or 'mocha' to the types field in your tsconfig., 2593, 1, 2, 1, 1371749, 0.0026041666666666665
Experimental support for decorators is a feature that is subject to change in a future release. Set the 'experimentalDecorators' option in your 'tsconfig' or 'jsconfig' to remove this warning., 1219, 1, 1, 1, 927397, 0.0026041666666666665
This expression is not callable., 2349, 1, 1, 1, 927397, 0.0026041666666666665
Identifier expected., 1003, 1, 1, 1, 1698257, 0.0026041666666666665
Cannot find name '$'. Do you need to install type definitions for jQuery? Try `npm i --save-dev @types/jquery` and then add 'jquery' to the types field in your tsconfig., 2592, 1, 1, 1, 865225, 0.0026041666666666665
Type '{ id: string; classNmae: string; placeholder: string; required: true; value: string; }' is not assignable to type 'string'., 2322, 1, 1, 1, 1736585, 0.0026041666666666665
Property assignment expected., 1136, 1, 1, 1, 1224708, 0.0026041666666666665
Type arguments can only be used in TypeScript files., 8011, 1, 1, 1, 31765, 0.0026041666666666665

Snippets no lines: 131/384(0.3411458333333333)
Snippets without errors: 285/384(0.7421875)
Snippets failed: 0/384(0)
