DATASET INFORMATION:
TOTAL PACKAGES: 620221
TOTAL SNIPPETS: 2161911
--------
ERROR ANALYSIS

ERROR, CODE, CATEGORY, NUM OCCURANCES, NUM AFFECTED SNIPPETS, FIRST ID, PERCENT
Cannot find name, 2304, 1, 1089, 218, 2032427, 0.00010083671344472552

const shape = {
    example: {
        type: "text",
        validators: [my_validator],
        messages: {
            myValidator: "myValidator failed",
        },
    },
};
Expression expected., 1109, 1, 943, 32, 334051, 0.000014801719404730351

https://unpkg.com/@rakuten-rex/text-field@1.5.0/TextFieldLabel/TextFieldLabel.production.min.css
Character expected, 1005, 1, 262, 61, 1551374, 0.000028215777615267232

plasma-cli getexits 1
Unexpected keyword or identifier., 1434, 1, 246, 40, 516529, 0.00001850214925591294

<button
       type="button"
       style="position:absolute;top:100px"
       a2dShortCut
       (initialize)="initializeComponent($event)"
       [appId]="'mygreatapp'">i am a custom button</button>
Invalid character., 1127, 1, 129, 11, 96001, 0.000005088091045376058

node scripts/integrate.js --name acme --openapi https://api.acme.com/openapi.json
# or
node scripts/integrate.js --name acme_rss --rss https://acme.com/rss.xml
Cannot use JSX unless the '--jsx' flag is provided., 17004, 1, 81, 29, 394375, 0.00001341405821053688

import ReactPinchZoom from 'react-pinch-zoom';

let isOpen = true;

let items = [
    {
        src: 'https://dl.dropboxusercontent.com/u/8725581/18982935446_9c0d4157f9_h.jpg',
        w: 1600,
        h: 1067
    }
];

let options = {};

handleClose = () => {
    isOpen: false
};

<ReactPinchZoom isOpen={isOpen} items={items} options={options} onClose={handleClose}  />
Cannot find name 'promsify'. Did you mean 'promisify'?, 2552, 1, 63, 45, 1504538, 0.000020814917912902057

const {promisify} = require('util');
const {execFile} = require('child_process');
const optipng = require('optipng-bin');

const execFileP = promsify(execFile);

(async () => {
    await execFile(optipng, ['-out', 'output.png', 'input.png']);
    console.log('Image minified!');
})();
Left side of comma operator is unused and has no side effects., 2695, 1, 42, 14, 1336055, 0.000006475752239569529

where is one of:
init, gen

mgcbg help         quick help
mgcbg init         init mgcb-gen-config.json file for generate .mgcb file content
mgcbg gen          genearte .mgcb file content
Identifier expected., 1003, 1, 31, 10, 516529, 0.000004625537313978235

<button
       type="button"
       style="position:absolute;top:100px"
       a2dShortCut
       (initialize)="initializeComponent($event)"
       [appId]="'mygreatapp'">i am a custom button</button>
Declaration or statement expected., 1128, 1, 29, 19, 515252, 0.000008788520896558647

.config(['tooltipsConfProvider', function configConf(tooltipsConfProvider) {
  tooltipsConfProvider.configure({
    'smart': true,
    'size': 'large',
    'speed': 'slow',
    'tooltipTemplateUrlCache': true
    //etc...
  });
}])
Top-level 'await' expressions are only allowed when the 'module' option is set to 'es2022', 'esnext', 'system', 'node16', or 'nodenext', and the 'target' option is set to 'es2017' or higher., 1378, 1, 23, 11, 204859, 0.000005088091045376058

import { buildProject } from "@jsenv/core"

await buildProject({
  projectDirectoryUrl: new URL("./", import.meta.url),
  buildDirectoryRelativeUrl: "dist",
  enryPointMap: {
    "./index.html": "./main.html",
  },
  format: "esmodule",
  minify: false,
})
'number' only refers to a type, but is being used as a value here., 2693, 1, 21, 8, 752328, 0.000003700429851182588

  Options:

    -h, --help             output usage information
    -V, --version          output the version number
    -d, --dir <path>       set convert path. default: ./
    -o, --outDir <path>    set outDir path. default: same as dir
    -p, --prefix <prefix>  set interface prefix. default: ""
    -s, --suffix <suffix>  set interface suffix. default: "Csv"
    -m, --merge <name>     merge all to one ts file. default: csv.ts
Type annotations can only be used in TypeScript files., 8010, 1, 20, 8, 1997627, 0.000003700429851182588

import  { MyServiceConfig } from '../services/MyService'
export const myServiceConfig: MyServiceConfig = evaluateConfig({
  username: stringConfigValue('SAMP_USERNAME'),
  port: intConfigValue('SAMP_PORT', 3000), 
  active: boolConfigValue('active', true), 
});
'await' expressions are only allowed at the top level of a file when that file is a module, but this file has no imports or exports. Consider adding an empty 'export {}' to make this file a module., 1375, 1, 17, 7, 86953, 0.0000032378761197847644

const job = agenda.create("printAnalyticsReport", { userCount: 100 });
await job.save();
console.log("Job successfully saved");
Property 'listen' does not exist on type 'typeof ContentSearchService'., 2339, 1, 16, 13, 11220, 0.000006013198508171706

...
ContentSearchService.prefsManager = prefs;
ContentSearchService.startupOptions = {
  searchFile: path.join(__dirname, 'search-imports.html')
};
ContentSearchService.listen();
No value exists in scope for the shorthand property 'rotation'. Either declare one or provide an initializer., 18004, 1, 13, 4, 1739707, 0.000001850214925591294

regl.frame(() => {
  model({rotation, position, scale}, ({transform}) => {
    drawCommand()
  })
})
An identifier or keyword cannot immediately follow a numeric literal., 1351, 1, 13, 3, 531761, 0.0000013876611941934705

Icon.png
Icon@2x.png
Icon@3x.png
Logo.png
Logo@2x.png
Logo@3x.png
Thumbnail@3x.png
Declaration expected., 1146, 1, 8, 5, 585885, 0.0000023127686569891176

例子 :
   .className{ @include z3; }
Cannot redeclare block-scoped variable 'Comment'., 2451, 1, 8, 5, 198722, 0.0000023127686569891176

const Comment = new Schema({
  name: { type: String, default: 'hahaha' },
  age: { type: Number, min: 18, index: true },
  bio: { type: String, match: /[a-z]/ },
  date: { type: Date, default: Date.now },
  buff: Buffer
});

// a setter
Comment.path('name').set(function (v) {
  return capitalize(v);
});

// middleware
Comment.pre('save', function (next) {
  notify(this.get('email'));
  next();
});
Unknown keyword or identifier, 1435, 1, 8, 7, 2140417, 0.0000032378761197847644

Usage:
    yaml2resume [ -t TEMPLATE ] [ -l ] [ -j ]
    yaml2resume list
    yaml2resume ( -h | --help )

Options:
    -h, --help                  help for yaml2resume
    -t, --template TEMPLATE     template file to use     ( 'latex-jr' )
    -l, --latex                 compile the output with `xelatex`.
    -j, --json                  interpret input data as valid json

Commands:
    list                        list current templates

Description:
    This command expands a liquid template (file TEMPLATE) by using
    either valid YAML or JSON read from stdin.

    Note: if TEMPLATE starts with `.` or `/` it is interpreted
    as an absolute file instead of the name of built-in plugin.

The right-hand side of an arithmetic operation must be of type 'any', 'number', 'bigint' or an enum type., 2363, 1, 8, 4, 1821201, 0.000001850214925591294

custom:
  logfunnel:
    targetfn: logHandler                # required
    enabled: true/false                 # optional, defaults to true
    filter:  '{ $.something = stuff }'  # optional, defaults to no filter and everything is forwarded

functions:
  fnA:
    handler: foo
  fnB:
    handler: bar
    logHandler:
      enabled: true/false               # optional, defaults to custom.logfunnel.enabled
      filter: '{ $.something = stuff }' # optional, defaults to custom.logfunnel.filter
  logHandler:                           # required, custom.logfunnel.targetfn should match this
    handler: myLogHandler
The left-hand side of an arithmetic operation must be of type 'any', 'number', 'bigint' or an enum type., 2362, 1, 7, 4, 1821201, 0.000001850214925591294

custom:
  logfunnel:
    targetfn: logHandler                # required
    enabled: true/false                 # optional, defaults to true
    filter:  '{ $.something = stuff }'  # optional, defaults to no filter and everything is forwarded

functions:
  fnA:
    handler: foo
  fnB:
    handler: bar
    logHandler:
      enabled: true/false               # optional, defaults to custom.logfunnel.enabled
      filter: '{ $.something = stuff }' # optional, defaults to custom.logfunnel.filter
  logHandler:                           # required, custom.logfunnel.targetfn should match this
    handler: myLogHandler
Duplicate identifier 'X'., 2300, 1, 7, 3, 883399, 0.0000013876611941934705

type X = Array<string>
// Message: Use "$ReadOnlyArray" instead of "Array"

type X = string[]
// Message: Use "$ReadOnlyArray" instead of array shorthand notation

const values: Array<Array<string>> = [];
// Message: Use "$ReadOnlyArray" instead of "Array"

let values: Array<Array<string>>;
// Message: Use "$ReadOnlyArray" instead of "Array"
// Message: Use "$ReadOnlyArray" instead of "Array"
Experimental support for decorators is a feature that is subject to change in a future release. Set the 'experimentalDecorators' option in your 'tsconfig' or 'jsconfig' to remove this warning., 1219, 1, 6, 2, 543872, 9.25107462795647e-7

import { BrowserModule } from '@angular/platform-browser';
import { NgModule } from '@angular/core';
import { FormsModule } from '@angular/forms';
import { HttpModule } from '@angular/http';
import { RouterModule } from '@angular/router';

import { SimpleLoggerModule, SimpleLoggerService } from 'custom-angular-modules';
import { AppRoutingModule } from './app-routing/app-routing.module';
import { AppComponent } from './app.component';

@NgModule({
  declarations: [
    AppComponent,
  ],
  imports: [
    BrowserModule,
    FormsModule,
    HttpModule,
    SimpleLoggerModule.forRoot({applicationName: `ngAppDos`}),
    AppRoutingModule, // defines available app routes;
    RouterModule, // required to engage <router-outlet>
  ],
  providers: [
    SimpleLoggerService
  ],
  bootstrap: [AppComponent]
})
export class AppModule { }
Type 'boolean' is not assignable to type 'string'., 2322, 1, 5, 3, 516529, 0.0000013876611941934705

<button
       type="button"
       style="position:absolute;top:100px"
       a2dShortCut
       (initialize)="initializeComponent($event)"
       [appId]="'mygreatapp'">i am a custom button</button>
Unterminated regular expression literal., 1161, 1, 5, 4, 2038872, 0.000001850214925591294

mkdir ~/_verquire
A type predicate is only allowed in return type position for functions and methods., 1228, 1, 5, 4, 1336055, 0.000001850214925591294

where is one of:
init, gen

mgcbg help         quick help
mgcbg init         init mgcb-gen-config.json file for generate .mgcb file content
mgcbg gen          genearte .mgcb file content
Cannot find name '$'. Do you need to install type definitions for jQuery? Try `npm i --save-dev @types/jquery` and then add 'jquery' to the types field in your tsconfig., 2592, 1, 5, 2, 1210256, 9.25107462795647e-7

$(function(){
   $.jTimeout({
        expiration_key: 'jtimeout-session-expiration', //key used to store expiration in localstorage (change this for multiple timers)

        flashTitle: true, //whether or not to flash the tab/title bar when about to timeout, or after timing out
        flashTitleSpeed: 500, //how quickly to switch between the original title, and the warning text
        flashingTitleText: '**WARNING**', //what to show in the tab/title bar when about to timeout, or after timing out
        originalTitle: document.title, //store the original title of this page

        timeoutAfter: 1440, //pass this from server side to be fully-dynamic. For PHP: ini_get('session.gc_maxlifetime'); - 1440 is generally the default timeout
        heartbeat: 1, //how many seconds in between checking the expiration - warning: changing this can effect your prior countdown warning and timeout - for best results, stick with 1

        extendOnMouseMove: true, //Whether or not to extend the session when the mouse is moved
        mouseDebounce: 30, //How many seconds between extending the session when the mouse is moved (instead of extending a billion times within 5 seconds)
        onMouseMove: false, //Override the standard $.get() request that uses the extendUrl with your own function.

        extendUrl: '/dashboard', //URL to request in order to extend the session.
        logoutUrl: '/logout', //URL to request in order to force a logout after the timeout. This way you can end a session early based on a shorter timeout OR if the front-end timeout doesn't sync with the backend one perfectly, you don't look like an idiot.
        loginUrl: '/login', //URL to send a customer when they want to log back in

        secondsPrior: 60, //how many seconds before timing out to run the next callback (onPriorCallback)
        onPriorCallback: false, //override the popup that shows when getting within x seconds of timing out

        onClickExtend: false, //override the click to extend button callback

        onTimeout: false, //override the timeout function if you'd like
        onSessionExtended: false //override the session extension method (triggered only after a timeout)
    }
   );
   $.jTimeout().getExpiration(); //gets the expiration date string
   $.jTimeout().getSecondsTillExpiration(); //gets the number of seconds until the session expires
});
JSX element 'GameWindow' has no corresponding closing tag., 17008, 1, 5, 2, 1697303, 9.25107462795647e-7

<GameWindow>
  <CustomMenuComponent componentKey="customMenu" index>
  <CustomOptionsComponent componentKey="options">
  <Scene1 componentKey="scene1">
  <Scene2 componentKey="scene2">
</GameWindow>
Operator cannot be applied to types 1 and 2, 2365, 1, 3, 3, 1792479, 0.0000013876611941934705

 psql <databasename> < ./sql/sails-pg-session-support.sql
Cannot find module 'easycommands.json'. Consider using '--resolveJsonModule' to import module with '.json' extension., 2732, 1, 3, 3, 797808, 0.0000013876611941934705

const init = require("easycommands.json");
const { Client, MessageEmbed } = require("discord.js");
const client = new Client();

const Commands = {
  /* Put example object here */
};

client.on("message", (msg) => {
  const prefix = ExampleDataBase.get(msg.guild.id); // Mocking DB Prefix

  /* ONLY CALL THE INIT FUNCTION ONCE */

  init(client /*  Instantiated Client  */, {
    // Options

    commands: Commands, // Path to Command Object. REQUIRED

    prefix: prefix ?? "!", // Prefix to check for the prefix property inputs. Defualt: "" (Empty String)

    reply: false, // Use message.reply if true for responding to commands. DEFAULT: FALSE

    message: msg, // Message object to access the content, etc properties. REQURIED
  }); // Returns Message Object Of Reply || Passed Client
  /* Note: init Function Adds commandsJSON property to client, value being the parsed JSON file/Object. */
});
Type aliases can only be used in TypeScript files., 8008, 1, 3, 2, 883399, 9.25107462795647e-7

type X = Array<string>
// Message: Use "$ReadOnlyArray" instead of "Array"

type X = string[]
// Message: Use "$ReadOnlyArray" instead of array shorthand notation

const values: Array<Array<string>> = [];
// Message: Use "$ReadOnlyArray" instead of "Array"

let values: Array<Array<string>>;
// Message: Use "$ReadOnlyArray" instead of "Array"
// Message: Use "$ReadOnlyArray" instead of "Array"
'interface' declarations can only be used in TypeScript files., 8006, 1, 3, 2, 752328, 9.25107462795647e-7

  Options:

    -h, --help             output usage information
    -V, --version          output the version number
    -d, --dir <path>       set convert path. default: ./
    -o, --outDir <path>    set outDir path. default: same as dir
    -p, --prefix <prefix>  set interface prefix. default: ""
    -s, --suffix <suffix>  set interface suffix. default: "Csv"
    -m, --merge <name>     merge all to one ts file. default: csv.ts
Expected 1 arguments, but got 2., 2554, 1, 3, 2, 2138669, 9.25107462795647e-7

// Runtime build will be enough, you don't really need the full Handlebars anymore
require(['handlebars.runtime.amd.min.js', './handlebars.bundle.js'], Handlebars => {
  // the same as for Node.js
});
Unterminated string literal., 1002, 1, 3, 2, 631139, 9.25107462795647e-7

npx bsconfig.json

? Pick the framework you're using: 
 ❯ apollo 
  basic 
  generator 
  minimal 
  node 
  react-hooks 
  react-native 
(Move up and down to reveal more choices)
A 'return' statement can only be used within a function body., 1108, 1, 2, 2, 498736, 9.25107462795647e-7

const outTradeNo = '1232423'
return service.queryOrder({ out_trade_no: outTradeNo })
.then(result => {
  assert(result.code == '40004', result.message)
})
Type assertion expressions can only be used in TypeScript files., 8016, 1, 2, 2, 2140417, 9.25107462795647e-7

Usage:
    yaml2resume [ -t TEMPLATE ] [ -l ] [ -j ]
    yaml2resume list
    yaml2resume ( -h | --help )

Options:
    -h, --help                  help for yaml2resume
    -t, --template TEMPLATE     template file to use     ( 'latex-jr' )
    -l, --latex                 compile the output with `xelatex`.
    -j, --json                  interpret input data as valid json

Commands:
    list                        list current templates

Description:
    This command expands a liquid template (file TEMPLATE) by using
    either valid YAML or JSON read from stdin.

    Note: if TEMPLATE starts with `.` or `/` it is interpreted
    as an absolute file instead of the name of built-in plugin.

The operand of a 'delete' operator must be a property reference., 2703, 1, 2, 2, 966774, 9.25107462795647e-7

frodo delete
Variable declaration expected., 1134, 1, 2, 1, 558808, 4.625537313978235e-7

d:b -> display: block
d:ib -> display: inline-block
d:b@m -> display: block @ media device-width < 420px

c:#fff -> color: #fff
bc:#000 -> background-color: #000
c:$a -> color: var(--color-a)
bc:$b -> background-color: var(--color-b)

fs:1 -> font-size: 1rem
fs:24px -> font-size: 24px
lh:1 -> line-height: 1
lh:30px -> line-height: 30px

Index signature in type 'String' only permits reading., 2542, 1, 1, 1, 516529, 4.625537313978235e-7

<button
       type="button"
       style="position:absolute;top:100px"
       a2dShortCut
       (initialize)="initializeComponent($event)"
       [appId]="'mygreatapp'">i am a custom button</button>
The 'import.meta' meta-property is only allowed when the '--module' option is 'es2020', 'es2022', 'esnext', 'system', 'node16', or 'nodenext'., 1343, 1, 1, 1, 204859, 4.625537313978235e-7

import { buildProject } from "@jsenv/core"

await buildProject({
  projectDirectoryUrl: new URL("./", import.meta.url),
  buildDirectoryRelativeUrl: "dist",
  enryPointMap: {
    "./index.html": "./main.html",
  },
  format: "esmodule",
  minify: false,
})
Module declaration names may only use ' or " quoted strings., 1443, 1, 1, 1, 2140417, 4.625537313978235e-7

Usage:
    yaml2resume [ -t TEMPLATE ] [ -l ] [ -j ]
    yaml2resume list
    yaml2resume ( -h | --help )

Options:
    -h, --help                  help for yaml2resume
    -t, --template TEMPLATE     template file to use     ( 'latex-jr' )
    -l, --latex                 compile the output with `xelatex`.
    -j, --json                  interpret input data as valid json

Commands:
    list                        list current templates

Description:
    This command expands a liquid template (file TEMPLATE) by using
    either valid YAML or JSON read from stdin.

    Note: if TEMPLATE starts with `.` or `/` it is interpreted
    as an absolute file instead of the name of built-in plugin.

Cannot find name 'it'. Do you need to install type definitions for a test runner? Try `npm i --save-dev @types/jest` or `npm i --save-dev @types/mocha` and then add 'jest' or 'mocha' to the types field in your tsconfig., 2593, 1, 1, 1, 2140417, 4.625537313978235e-7

Usage:
    yaml2resume [ -t TEMPLATE ] [ -l ] [ -j ]
    yaml2resume list
    yaml2resume ( -h | --help )

Options:
    -h, --help                  help for yaml2resume
    -t, --template TEMPLATE     template file to use     ( 'latex-jr' )
    -l, --latex                 compile the output with `xelatex`.
    -j, --json                  interpret input data as valid json

Commands:
    list                        list current templates

Description:
    This command expands a liquid template (file TEMPLATE) by using
    either valid YAML or JSON read from stdin.

    Note: if TEMPLATE starts with `.` or `/` it is interpreted
    as an absolute file instead of the name of built-in plugin.

Argument expression expected., 1135, 1, 1, 1, 316504, 4.625537313978235e-7

myContract.methods.myMethod([param1[, param2[, ...]]]).send(options[, callback])
Cannot assign to 'res' because it is a constant., 2588, 1, 1, 1, 1864897, 4.625537313978235e-7

'use strict';

class ExampleClassPromised {
  modulus(p1, p2) {
    return Promise.resolve(p1 % p2);
  }

  multiply() {
    const res = 1;
    for (let i = 0; i < arguments.length; ++i) {
      res *= arguments[i];
    }
    return Promise.resolve(res);
  }
}

ExampleClassPromised.map = {
  modulus: 'number',
  multiply: 'number',
};

module.exports = ExampleClassPromised;
Property 'plugins' does not exist on type 'Window & typeof globalThis'. Did you mean 'Plugin'?, 2551, 1, 1, 1, 726504, 4.625537313978235e-7

window.plugins.PrintPDF.print(options);
Unterminated template literal., 1160, 1, 1, 1, 1067595, 4.625537313978235e-7


### Send an order to dispatch
```javascript
  client.create({
      sellerId: sellerId,
      thirdParty: false,
      deliveryAddress: address,
      deliveryInstructions: instructions,
      customer: { phone, name },
      DaaSType: type
  })
Expected corresponding JSX closing tag for 'Scene2'., 17002, 1, 1, 1, 1697303, 4.625537313978235e-7

<GameWindow>
  <CustomMenuComponent componentKey="customMenu" index>
  <CustomOptionsComponent componentKey="options">
  <Scene1 componentKey="scene1">
  <Scene2 componentKey="scene2">
</GameWindow>
JSX expressions may not use the comma operator. Did you mean to write an array?, 18007, 1, 1, 1, 1813747, 4.625537313978235e-7

<script type="module">

    import {
      Engine,
      compile,
      Learner,
      getBlock
    } from "./sema-engine.mjs";

</script>
Argument of type 'typeof MyInput' is not assignable to parameter of type 'CustomElementConstructor'., 2345, 1, 1, 1, 227558, 4.625537313978235e-7

import { css } from '@lion/core';
import { LionInput } from '@lion/input';

class MyInput extends LionInput {
  static get styles() {
    return [
      super.styles,
      css`
        /* your styles here */
      `,
    ];
  }
}
customElements.define('my-input', MyInput);
Identifier expected. 'delete' is a reserved word that cannot be used here., 1359, 1, 1, 1, 1075874, 4.625537313978235e-7

function delete(leftKey:*, rightKey:*):boolean
Parameter modifiers can only be used in TypeScript files., 8012, 1, 1, 1, 490550, 4.625537313978235e-7

import { DefaultApi } from 'aig-commerce';

export class AppComponent {
     constructor(private apiGateway: DefaultApi) { }
}
Property assignment expected., 1136, 1, 1, 1, 2072400, 4.625537313978235e-7

<div class="focus-item" v-focusable v-for="index in 300" :key="index" @down="down(index)"
             @onFocus="focus(index,$event)" @onBlur="blur(index)">
          {{ index }}
        </div>
...
  focus(index: number, event: any) {
    console.log(event.detail.el); //this
    console.log('focus:' + index);
  }

  blur(index: number) {
    console.log('blur:' + index);
  }

Snippets without errors: 104/2161911(0.00004810558806537365)
Snippets timed out: 0/384(0)
Snippets failed: 0/384(0)
