DATASET INFORMATION:
TOTAL PACKAGES: 620221
TOTAL SNIPPETS: 2161911
--------
ERROR ANALYSIS

ERROR, CODE, CATEGORY, NUM OCCURANCES, NUM AFFECTED SNIPPETS, FIRST ID, PERCENT
Cannot find name, 2304, 1, 6761931, 1251789, 2, 0.5790196728727501
Character expected, 1005, 1, 1598154, 326947, 1, 0.1512305548193242
Unexpected keyword or identifier., 1434, 1, 1389730, 181887, 2, 0.08413251054275592
Invalid character., 1127, 1, 1186301, 58976, 2, 0.02727956886291804
Expression expected., 1109, 1, 666291, 176841, 29, 0.0817984644141225
Cannot find name 'clone'. Did you mean 'close'?, 2552, 1, 443714, 302749, 17, 0.14003767962695968
Cannot use JSX unless the '--jsx' flag is provided., 17004, 1, 424896, 154737, 1, 0.07157417673530501
Left side of comma operator is unused and has no side effects., 2695, 1, 321258, 74419, 29, 0.034422786136894624
Declaration or statement expected., 1128, 1, 240122, 111705, 20, 0.05166956456579387
Identifier expected., 1003, 1, 128660, 61009, 21, 0.028219940598849812
Property '$' does not exist on type 'Window & typeof globalThis'., 2339, 1, 115103, 61986, 32, 0.028671855594425488
'any' only refers to a type, but is being used as a value here., 2693, 1, 87198, 32305, 39, 0.014942798292806689
Top-level 'await' expressions are only allowed when the 'module' option is set to 'es2022', 'esnext', 'system', 'node16', or 'nodenext', and the 'target' option is set to 'es2017' or higher., 1378, 1, 81863, 56324, 427, 0.02605287636725101
Type annotations can only be used in TypeScript files., 8010, 1, 68548, 23827, 139, 0.011021267758015941
Cannot find name '$'. Do you need to install type definitions for jQuery? Try `npm i --save-dev @types/jquery` and then add 'jquery' to the types field in your tsconfig., 2592, 1, 62601, 37606, 37, 0.01739479562294655
Unknown keyword or identifier, 1435, 1, 61242, 30165, 2, 0.013952933307615345
'await' expressions are only allowed at the top level of a file when that file is a module, but this file has no imports or exports. Consider adding an empty 'export {}' to make this file a module., 1375, 1, 52317, 38752, 427, 0.017924882199128456
Cannot find name 'it'. Do you need to install type definitions for a test runner? Try `npm i --save-dev @types/jest` or `npm i --save-dev @types/mocha` and then add 'jest' or 'mocha' to the types field in your tsconfig., 2593, 1, 50454, 29991, 45, 0.013872448958352124
No value exists in scope for the shorthand property 'cfg'. Either declare one or provide an initializer., 18004, 1, 48716, 18587, 429, 0.008597486205491346
Duplicate identifier 'zeroxName'., 2300, 1, 46755, 15795, 140, 0.007306036187428622
JSX element 'meta' has no corresponding closing tag., 17008, 1, 45035, 20268, 1, 0.009375039027971087
An identifier or keyword cannot immediately follow a numeric literal., 1351, 1, 44395, 11524, 166, 0.005330469200628518
The left-hand side of an arithmetic operation must be of type 'any', 'number', 'bigint' or an enum type., 2362, 1, 42497, 27403, 39, 0.012675359901494557
The right-hand side of an arithmetic operation must be of type 'any', 'number', 'bigint' or an enum type., 2363, 1, 41970, 19482, 422, 0.009011471795092398
Cannot redeclare block-scoped variable 'Auth'., 2451, 1, 41480, 15507, 153, 0.007172820712786049
Unexpected token. Did you mean `{'}'}` or `&rbrace;`?, 1381, 1, 40904, 11405, 816, 0.005275425306592177
Declaration expected., 1146, 1, 34354, 20606, 723, 0.00953138218918355
This expression is not callable., 2349, 1, 21768, 12891, 851, 0.005962780151449343
Experimental support for decorators is a feature that is subject to change in a future release. Set the 'experimentalDecorators' option in your 'tsconfig' or 'jsconfig' to remove this warning., 1219, 1, 21715, 14181, 1927, 0.006559474464952535
Operator cannot be applied to types 1 and 2, 2365, 1, 19424, 11235, 452, 0.005196791172254547
Argument expression expected., 1135, 1, 19196, 8288, 422, 0.0038336453258251612
A type predicate is only allowed in return type position for functions and methods., 1228, 1, 16698, 10560, 389, 0.0048845674035610165
Unexpected token. Did you mean `{'>'}` or `&gt;`?, 1382, 1, 16307, 8130, 21, 0.003760561836264305
Unterminated regular expression literal., 1161, 1, 16288, 11957, 39, 0.005530754966323776
Unterminated string literal., 1002, 1, 15569, 10864, 389, 0.005025183737905954
Type 'string' is not assignable to type 'object'., 2322, 1, 15407, 9731, 809, 0.004501110360232221
JSX expressions must have one parent element., 2657, 1, 12742, 11931, 14, 0.0055187285693074324
The 'const' modifier can only be used in TypeScript files., 8009, 1, 10667, 4617, 1319, 0.0021356105778637512
Object is possibly 'undefined'., 2532, 1, 10648, 4842, 847, 0.0022396851674282613
Property assignment expected., 1136, 1, 10158, 8045, 989, 0.00372124476909549
Type assertion expressions can only be used in TypeScript files., 8016, 1, 9228, 6711, 85, 0.0031041980914107937
'enum' declarations can only be used in TypeScript files., 8006, 1, 9075, 6676, 1637, 0.0030880087108118696
Type aliases can only be used in TypeScript files., 8008, 1, 8646, 4485, 1925, 0.0020745534853192386
Non-null assertions can only be used in TypeScript files., 8013, 1, 8592, 5710, 43, 0.002641181806281572
Expected 0 arguments, but got 2., 2554, 1, 8228, 6526, 1346, 0.003018625651102196
Unterminated template literal., 1160, 1, 8127, 8127, 48, 0.0037591741750701117
Module declaration names may only use ' or " quoted strings., 1443, 1, 7974, 3852, 809, 0.0017817569733444161
The operand of an increment or decrement operator must be a variable or a property access., 2357, 1, 6902, 3287, 377, 0.0015204141151046457
Expected corresponding JSX closing tag for 'div'., 17002, 1, 6651, 4064, 21, 0.0018798183644007547
A 'return' statement can only be used within a function body., 1108, 1, 6320, 5607, 1068, 0.0025935387719475964
An arithmetic operand must be of type 'any', 'number', 'bigint' or an enum type., 2356, 1, 6275, 3824, 624, 0.0017688054688652771
Cannot find module '18Awesome.json'. Consider using '--resolveJsonModule' to import module with '.json' extension., 2732, 1, 5800, 5176, 515, 0.0023941781137151344
Block-scoped variable 'uth' used before its declaration., 2448, 1, 5286, 3570, 153, 0.00165131682109023
Property 'value' does not exist on type 'string'. Did you mean 'valueOf'?, 2551, 1, 5158, 3497, 3242, 0.0016175503986981888
Function implementation is missing or not immediately following the declaration., 2391, 1, 4442, 874, 50739, 0.0004042719612416977
Cannot assign to 'uth' because it is a constant., 2588, 1, 4433, 3746, 153, 0.0017327262778162468
Variable declaration expected., 1134, 1, 4136, 3414, 153, 0.0015791584389921694
Argument of type 'Buffer' is not assignable to parameter of type 'string'., 2345, 1, 4093, 3441, 503, 0.0015916473897399108
The left-hand side of an assignment expression must be a variable or a property access., 2364, 1, 4016, 1918, 481, 0.0008871780568210255
Unexpected token. A constructor, method, accessor, or property was expected., 1068, 1, 3668, 2668, 1652, 0.0012340933553693931
An element access expression should take an argument., 1011, 1, 3610, 2028, 1081, 0.0009380589672747861
Cannot find namespace 'an'., 2503, 1, 3352, 2302, 1215, 0.0010647986896777898
Expression or comma expected., 1137, 1, 3345, 2051, 627, 0.000948697703096936
'import ... =' can only be used in TypeScript files., 8002, 1, 3231, 2361, 1215, 0.0010920893598302614
The value 'null' cannot be used here., 18050, 1, 2769, 1651, 1501, 0.0007636762105378066
Parameter modifiers can only be used in TypeScript files., 8012, 1, 2755, 2122, 2092, 0.0009815390180261815
Type 'number' is not an array type., 2461, 1, 2509, 2032, 3688, 0.0009399091822003773
The operand of a 'delete' operator must be a property reference., 2703, 1, 2499, 1851, 51, 0.0008561869568173713
'*/' expected., 1010, 1, 2337, 2337, 39, 0.0010809880702767134
Index signature in type 'String' only permits reading., 2542, 1, 2219, 850, 4152, 0.00039317067168814996
A module cannot have multiple default exports., 2528, 1, 2017, 724, 3770, 0.0003348889015320242
Type '{ title: StringConstructor; date: StringConstructor; penName: StringConstructor; host: StringConstructor; ... 7 more ...; sid: NumberConstructor; }' cannot be used as an index type., 2538, 1, 1949, 1060, 2314, 0.0004903069552816929
A 'yield' expression is only allowed in a generator body., 1163, 1, 1913, 1289, 20589, 0.0005962317597717945
The '|' operator is not allowed for boolean types. Consider using '||' instead., 2447, 1, 1895, 1085, 1776, 0.0005018707985666385
Value of type '{ new (): Node; prototype: Node; readonly ATTRIBUTE_NODE: number; readonly CDATA_SECTION_NODE: number; readonly COMMENT_NODE: number; readonly DOCUMENT_FRAGMENT_NODE: number; ... 13 more ...; readonly TEXT_NODE: number; }' is not callable. Did you mean to include 'new'?, 2348, 1, 1854, 1269, 2597, 0.000586980685143838
Type 'IArguments' can only be iterated through when using the '--downlevelIteration' flag or with a '--target' of 'es2015' or higher., 2802, 1, 1836, 1506, 840, 0.0006966059194851221
Did you mean to use a ':'? An '=' can only follow a property name when the containing object literal is part of a destructuring pattern., 1312, 1, 1801, 795, 3313, 0.0003677302164612697
Type expected., 1110, 1, 1728, 1027, 5905, 0.0004750426821455647
No overload matches this call., 2769, 1, 1595, 1206, 3703, 0.0005578398000657751
'{' or ';' expected., 1144, 1, 1593, 1245, 1652, 0.0005758793955902903
Property or signature expected., 1131, 1, 1585, 629, 8306, 0.00029094629704923096
Digit expected., 1124, 1, 1560, 721, 377, 0.00033350124033783074
String literal expected., 1141, 1, 1515, 1418, 4179, 0.0006559011911221138
'no' is possibly 'undefined'., 18048, 1, 1486, 708, 11869, 0.00032748804182965906
An object literal cannot have multiple properties with the same name., 1117, 1, 1365, 879, 4955, 0.0004065847298986869
'implements' clauses can only be used in TypeScript files., 8005, 1, 1365, 1327, 5116, 0.0006138088015649118
Type arguments can only be used in TypeScript files., 8011, 1, 1309, 1069, 1652, 0.0004944699388642733
Augmentations for the global scope should have 'declare' modifier unless they appear in already ambient context., 2670, 1, 1261, 903, 6442, 0.0004176860194522346
Cannot use namespace 'to' as a value., 2708, 1, 1255, 463, 5917, 0.00021416237763719227
JSX spread child must be an array type., 2609, 1, 1254, 856, 5154, 0.00039594599407653694
Augmentations for the global scope can only be directly nested in external modules or ambient module declarations., 2669, 1, 1241, 890, 9173, 0.0004116728209440629
This condition will always return 'true' since JavaScript compares objects by reference, not value., 2839, 1, 1221, 792, 5939, 0.0003663425552670762
This comparison appears to be unintentional because the types '"hello"' and '"world"' have no overlap., 2367, 1, 1211, 763, 12584, 0.00035292849705653934
A parameter initializer is only allowed in a function or constructor implementation., 2371, 1, 1133, 536, 14895, 0.0002479288000292334
'$cssName' refers to a value, but is being used as a type here. Did you mean 'typeof $cssName'?, 2749, 1, 1012, 615, 1081, 0.00028447054480966146
Property 'prefix' is missing in type '{ base: string; perpage: number; posts: number[]; }' but required in type '{ base: string; perpage: number; posts: number[]; prefix: string; }'., 2741, 1, 1006, 754, 8556, 0.0003487655134739589
Module '"fs"' has no default export., 1192, 1, 982, 960, 3156, 0.00044405158214191057
Identifier expected. 'in' is a reserved word that cannot be used here., 1359, 1, 972, 701, 2288, 0.00032425016570987426
Module '"path"' can only be default-imported using the 'esModuleInterop' flag, 1259, 1, 972, 959, 3412, 0.00044358902841051275
Cannot assign to 'fetch' because it is a function., 2630, 1, 930, 795, 1886, 0.0003677302164612697
Only a void function can be called with the 'new' keyword., 2350, 1, 922, 877, 887, 0.0004056596224358912
'{' or JSX element expected., 1145, 1, 908, 663, 3325, 0.000306673123916757
'await' expressions are only allowed within async functions and at the top levels of modules., 1308, 1, 886, 593, 1383, 0.00027429436271890934
Type parameter declarations can only be used in TypeScript files., 8004, 1, 883, 732, 5119, 0.0003385893313832068
A spread argument must either have a tuple type or be passed to a rest parameter., 2556, 1, 847, 736, 6062, 0.0003404395463087981
JSDoc '@param' tag has name '后台加密后的数据', but there is no parameter with that name., 8024, 1, 825, 388, 13464, 0.0001794708477823555
A function whose declared type is neither 'void' nor 'any' must return a value., 2355, 1, 802, 452, 7395, 0.00020907428659181623
A computed property name must be of type 'string', 'number', 'symbol', or 'any'., 2464, 1, 759, 641, 2022, 0.00029649694182600487
Individual declarations in merged declaration 'two' must be all exported or all local., 2395, 1, 742, 279, 2053, 0.00012905249105999277
'super' must be called before accessing 'this' in the constructor of a derived class., 17009, 1, 731, 356, 3963, 0.00016466912837762517
Initializer provides no value for this binding element and the binding element has no default value., 2525, 1, 696, 265, 11269, 0.00012257673882042322
Parameter declaration expected., 1138, 1, 689, 465, 5175, 0.00021508748509998794
Top-level 'for await' loops are only allowed when the 'module' option is set to 'es2022', 'esnext', 'system', 'node16', or 'nodenext', and the 'target' option is set to 'es2017' or higher., 1432, 1, 681, 626, 6742, 0.0002895586358550375
Type '{ getItem: any; setItem: any; clear: any; }' is missing the following properties from type 'Storage': length, key, removeItem, 2739, 1, 674, 596, 1611, 0.0002756820239131028
Duplicate function implementation., 2393, 1, 671, 145, 11461, 0.0000670702910526844
This expression is not constructable., 2351, 1, 657, 582, 153, 0.0002692062716735333
Cannot assign to 'App' because it is an import., 2632, 1, 657, 514, 5609, 0.0002377526179384813
'const' declarations must be initialized., 1155, 1, 597, 405, 1578, 0.00018733426121611852
Super calls are not permitted outside constructors or in nested functions inside constructors., 2337, 1, 561, 540, 1988, 0.0002497790149548247
Qualified name 'bitcoinjs-lib.KeyPair' is not allowed without a leading '@param {object} bitcoinjs-lib'., 8032, 1, 542, 160, 67173, 0.00007400859702365176
Private identifiers are not allowed outside class bodies., 18016, 1, 536, 253, 74370, 0.00011702609404364935
Cannot find name 'closeAction'. Did you mean the instance member 'this.closeAction'?, 2663, 1, 533, 363, 1319, 0.00016790700449740992
'(Missing)' is an unused renaming of 'type'. Did you intend to use it as a type annotation?, 2842, 1, 528, 201, 12746, 0.00009297330001096252
Spread types may only be created from object types., 2698, 1, 527, 468, 14348, 0.0002164751462941814
An object member cannot be declared optional., 1162, 1, 473, 120, 4756, 0.00005550644776773882
Class 'AppComponent' used before its declaration., 2449, 1, 459, 234, 11549, 0.0001082375731470907
Constructors for derived classes must contain a 'super' call., 2377, 1, 443, 421, 2598, 0.0001947351209184837
Function with bodies can only merge with classes that are ambient., 2814, 1, 429, 69, 5546, 0.00003191620746644982
Merge conflict marker encountered., 1185, 1, 416, 385, 2597, 0.00017808318658816204
'return' tag already specified., 1223, 1, 396, 121, 52541, 0.00005596900149913664
An expression of type 'void' cannot be tested for truthiness., 1345, 1, 384, 337, 7230, 0.0001558806074810665
'function' is not allowed as a variable declaration name., 1389, 1, 376, 339, 12945, 0.00015680571494386216
Trailing comma not allowed., 1009, 1, 357, 320, 4379, 0.00014801719404730352
An unary expression with the '-' operator is not allowed in the left-hand side of an exponentiation expression. Consider enclosing the expression in parentheses., 17006, 1, 357, 243, 12317, 0.00011240055672967111
'super' can only be referenced in members of derived classes or object literal expressions., 2660, 1, 355, 270, 1988, 0.00012488950747741235
The 'import.meta' meta-property is only allowed when the '--module' option is 'es2020', 'es2022', 'esnext', 'system', 'node16', or 'nodenext'., 1343, 1, 347, 271, 2919, 0.00012535206120881017
Constructor implementation is missing., 2390, 1, 345, 298, 14254, 0.0001378410119565514
Cannot invoke an object which is possibly 'undefined'., 2722, 1, 342, 274, 19587, 0.00012673972240300364
An import path cannot end with a '.ts' extension. Consider importing '@555platform/Author' instead., 2691, 1, 333, 292, 4810, 0.00013506568956816447
Circular definition of import alias 'the'., 2303, 1, 318, 131, 9423, 0.000060594538813114876
Function type, which lacks return-type annotation, implicitly has an 'any' return type., 7014, 1, 317, 228, 5175, 0.00010546225075870376
'for await' loops are only allowed at the top level of a file when that file is a module, but this file has no imports or exports. Consider adding an empty 'export {}' to make this file a module., 1431, 1, 314, 290, 6742, 0.0001341405821053688
Numeric separators are not allowed here., 6188, 1, 303, 180, 12323, 0.00008325967165160823
Type alias name cannot be 'ɵɵFactoryDef'., 2457, 1, 276, 187, 12991, 0.00008649754777139299
Cannot redeclare exported variable 'default'., 2323, 1, 275, 94, 5546, 0.000043480050751395406
Hexadecimal digit expected., 1125, 1, 244, 131, 84, 0.000060594538813114876
JSX attributes must only be assigned a non-empty 'expression'., 17000, 1, 229, 206, 6586, 0.00009528606866795164
The body of an 'if' statement cannot be the empty statement., 1313, 1, 222, 157, 48960, 0.00007262093582945828
Expected '=' for property initializer., 1442, 1, 218, 147, 5119, 0.00006799539851548006
'with' statements are not allowed in strict mode., 1101, 1, 216, 137, 19536, 0.00006336986120150182
Type '{}' is missing the following properties from type 'Process': stdout, stderr, stdin, openStdin, and 50 more., 2740, 1, 215, 197, 14313, 0.00009112308508537123
Cannot find name 'await'. Did you mean to write this in an async function?, 2311, 1, 211, 140, 2512, 0.0000647575223956953
Declaration or statement expected. This '=' follows a block of statements, so if you intended to write a destructuring assignment, you might need to wrap the the whole assignment in parentheses., 2809, 1, 208, 174, 19587, 0.00008048434926322129
'function' is not allowed as a parameter name., 1390, 1, 204, 117, 52677, 0.00005411878657354535
'super' must be followed by an argument list or member access., 1034, 1, 193, 145, 21677, 0.0000670702910526844
'case' or 'default' expected., 1130, 1, 184, 114, 9163, 0.00005273112537935188
Type parameter declaration expected., 1139, 1, 179, 157, 5119, 0.00007262093582945828
Cannot assign to 'A' because it is a class., 2629, 1, 179, 166, 14704, 0.0000767839194120387
Cannot find type definition file for 'cypress'., 2688, 1, 174, 174, 46075, 0.00008048434926322129
Property destructuring pattern expected., 1180, 1, 169, 118, 70938, 0.00005458134030494317
JSDoc '@extends' is not attached to a class., 8022, 1, 169, 80, 104599, 0.00003700429851182588
Array element destructuring pattern expected., 1181, 1, 168, 140, 67261, 0.0000647575223956953
Duplicate identifier 'exports'. Compiler reserves name 'exports' in top level scope of a module., 2441, 1, 167, 165, 25291, 0.00007632136568064088
Enum declarations can only merge with namespace or other enum declarations., 2567, 1, 164, 83, 4882, 0.00003839195970601935
JSX fragment has no corresponding closing tag., 17014, 1, 159, 81, 15175, 0.0000374668522432237
Property 'replaceAll' does not exist on type '"Test abc test test abc test."'. Do you need to change your target library? Try changing the 'lib' compiler option to 'es2021' or later., 2550, 1, 159, 92, 87068, 0.000042554943288599764
Type 'ObjectConstructor' is not a valid async function return type in ES5/ES3 because it does not refer to a Promise-compatible constructor value., 1055, 1, 149, 100, 12648, 0.00004625537313978235
JSX element type 'JSON' does not have any construct or call signatures., 2604, 1, 145, 108, 43475, 0.00004995580299096494
Subsequent property declarations must have the same type.  Property 'state' must be of type 'string', but here has type '"Texas" | "Alabama" | "California" | "other"'., 2717, 1, 141, 76, 35907, 0.00003515408358623459
A 'get' accessor must return a value., 2378, 1, 139, 93, 11792, 0.000043017497019997585
Type 'NodeListOf<any>' is not an array type or a string type., 2495, 1, 131, 123, 5471, 0.00005689410896193229
File '../node_modules/ptz-user-app/src/typings/index.d.ts' not found., 6053, 1, 129, 112, 15282, 0.00005180601791655623
Statement expected., 1129, 1, 128, 80, 8452, 0.00003700429851182588
Cannot assign to 'method' because it is a read-only property., 2540, 1, 128, 107, 9124, 0.00004949324925956712
Type 'Function' is not generic., 2315, 1, 127, 82, 14362, 0.000037929405974621524
Tuple type '[]' of length '0' has no element at index '0'., 2493, 1, 124, 42, 122564, 0.000019427256718708586
Module '"module"' has no exported member 'foo'., 2305, 1, 122, 64, 19566, 0.000029603438809460703
Decorators are not valid here., 1206, 1, 122, 86, 198485, 0.00003977962090021282
The left-hand side of an 'instanceof' expression must be of type 'any', an object type or a type parameter., 2358, 1, 121, 69, 2976, 0.00003191620746644982
'catch' or 'finally' expected., 1472, 1, 119, 118, 35937, 0.00005458134030494317
Binary digit expected., 1177, 1, 118, 81, 452, 0.0000374668522432237
'#!' can only be used at the start of a file., 18026, 1, 116, 106, 1554, 0.00004903069552816929
Namespace name cannot be 'with'., 2819, 1, 110, 106, 45220, 0.00004903069552816929
'export =' can only be used in TypeScript files., 8003, 1, 109, 97, 30442, 0.00004486771194558888
Merged declaration 'User' cannot include a default export declaration. Consider adding a separate 'export default User' declaration instead., 2652, 1, 109, 45, 114705, 0.000020814917912902057
Type '{ headers: { Cookie: string; }; }' has no properties in common with type 'EventSourceInit'., 2559, 1, 108, 104, 32161, 0.00004810558806537365
All declarations of 'state' must have identical modifiers., 2687, 1, 108, 48, 35907, 0.000022202579107095528
The right-hand side of a 'for...in' statement must be of type 'any', an object type or a type parameter, but here has type 'number'., 2407, 1, 104, 93, 3179, 0.000043017497019997585
'super' can only be referenced in a derived class., 2335, 1, 101, 99, 69000, 0.000045792819408384527
The 'with' statement is not supported. All symbols in a 'with' block will have type 'any'., 2410, 1, 101, 86, 171441, 0.00003977962090021282
Meta-property 'new.target' is only allowed in the body of a function declaration, function expression, or constructor., 17013, 1, 100, 82, 55782, 0.000037929405974621524
Multiple consecutive numeric separators are not permitted., 6189, 1, 99, 23, 225763, 0.000010638735822149941
Property 'foo' of type 'string' is not assignable to 'string' index type 'number'., 2411, 1, 96, 6, 883198, 0.000002775322388386941
Identifier expected. 'let' is a reserved word in strict mode. Modules are automatically in strict mode., 1214, 1, 95, 77, 19538, 0.00003561663731763241
A 'this' type is available only in a non-static member of a class or interface., 2526, 1, 91, 67, 38852, 0.00003099110000365418
A type literal property cannot have an initializer., 1247, 1, 90, 20, 76491, 0.00000925107462795647
Type annotation cannot appear on a constructor declaration., 1093, 1, 88, 74, 87070, 0.00003422897612343894
A 'this' parameter must be the first parameter., 2680, 1, 83, 80, 75129, 0.00003700429851182588
Enum 'S3PBAttributeType' used before its declaration., 2450, 1, 78, 21, 1637, 0.000009713628359354293
Interface name cannot be 'with'., 2427, 1, 77, 50, 9031, 0.000023127686569891174
'$Reify' cannot be used as a value because it was imported using 'import type'., 1361, 1, 77, 26, 574567, 0.000012026397016343412
Class declaration cannot implement overload list for 'default'., 2813, 1, 74, 69, 5546, 0.00003191620746644982
Property 'ensureData' does not exist on type 'MemoryDriver'. Did you mean to access the static member 'MemoryDriver.ensureData' instead?, 2576, 1, 74, 45, 108981, 0.000020814917912902057
A computed property name in a type literal must refer to an expression whose type is a literal type or a 'unique symbol' type., 1170, 1, 72, 40, 179833, 0.00001850214925591294
An enum member name must be followed by a ',', '=', or '}'., 1357, 1, 71, 27, 194745, 0.000012488950747741235
A class declaration without the 'default' modifier must have a name., 1211, 1, 70, 67, 46158, 0.00003099110000365418
Function type notation must be parenthesized when used in a union type., 1385, 1, 66, 39, 87127, 0.000018039595524515116
Type parameter name cannot be 'string'., 2368, 1, 64, 40, 28765, 0.00001850214925591294
Type '"TOTALLY_BOGUS_STRING"' is not comparable to type '"SOMETHING_SIMPLE_HAPPENED" | "SOMETHING_SIMPLE_HAPPENED_2"'., 2678, 1, 61, 26, 448554, 0.000012026397016343412
Object is possibly 'null'., 2531, 1, 59, 46, 3690, 0.000021277471644299882
Variable declaration not allowed at this location., 1440, 1, 58, 51, 101849, 0.000023590240301289
Conversion of type 'boolean' to type '"getCode"' may be a mistake because neither type sufficiently overlaps with the other. If this was intentional, convert the expression to 'unknown' first., 2352, 1, 53, 30, 150764, 0.000013876611941934705
Cannot find name 'propTypes'. Did you mean the static member 'Root.propTypes'?, 2662, 1, 51, 40, 69722, 0.00001850214925591294
JSX elements cannot have multiple attributes with the same name., 17001, 1, 51, 50, 149891, 0.000023127686569891174
The type of a function declaration must match the function's signature., 8030, 1, 50, 36, 219234, 0.000016651934330321645
'browser' is possibly 'null'., 18047, 1, 45, 32, 118831, 0.000014801719404730351
Parameter cannot have question mark and initializer., 1015, 1, 43, 30, 87070, 0.000013876611941934705
An arrow function cannot have a 'this' parameter., 2730, 1, 42, 39, 75129, 0.000018039595524515116
The left-hand side of a 'for...in' statement must be of type 'string' or 'any'., 2405, 1, 39, 34, 10327, 0.000015726826867526
An import declaration can only be used at the top level of a module., 1473, 1, 35, 32, 68079, 0.000014801719404730351
Duplicate index signature for type 'string'., 2374, 1, 35, 7, 671569, 0.0000032378761197847644
A class member cannot have the 'const' keyword., 1248, 1, 34, 31, 1319, 0.000014339165673332528
Setters cannot return a value., 2408, 1, 34, 23, 4225, 0.000010638735822149941
Static property 'name' conflicts with built-in property 'Function.name' of constructor function 'CollectionName'., 2699, 1, 33, 30, 26290, 0.000013876611941934705
This member cannot have a JSDoc comment with an '@override' tag because its containing class 'default' does not extend another class., 4121, 1, 33, 26, 90431, 0.000012026397016343412
JSDoc '@typedef' tag should either have a type annotation or be followed by '@property' or '@member' tags., 8021, 1, 31, 24, 76773, 0.000011101289553547764
Invalid module name in augmentation, module 'deck.gl' cannot be found., 2664, 1, 31, 30, 94365, 0.000013876611941934705
Generic type 'Record' requires 2 type argument(s)., 2314, 1, 31, 13, 161885, 0.000006013198508171706
Type 'MetaClassEx' is not a constructor function type., 2507, 1, 30, 27, 13908, 0.000012488950747741235
Object literal may only specify known properties, and '"args"' does not exist in type '{ name: any; }'., 2353, 1, 30, 12, 88585, 0.000005550644776773882
The left-hand side of a 'for...in' statement must be a variable or a property access., 2406, 1, 30, 26, 127497, 0.000012026397016343412
The left-hand side of a 'for...of' statement must be a variable or a property access., 2487, 1, 30, 29, 164206, 0.00001341405821053688
Declaration name conflicts with built-in global identifier 'globalThis'., 2397, 1, 29, 28, 87118, 0.000012951504479139058
Cannot invoke an object which is possibly 'null'., 2721, 1, 29, 25, 264215, 0.000011563843284945587
Export declaration conflicts with exported declaration of 'LogoutEvent'., 2484, 1, 28, 17, 79772, 0.000007863413433763
All declarations of 'Iterator' must have identical type parameters., 2428, 1, 28, 16, 87147, 0.000007400859702365176
Expected corresponding closing tag for JSX fragment., 17015, 1, 27, 27, 15175, 0.000012488950747741235
A binding pattern parameter cannot be optional in an implementation signature., 2463, 1, 27, 20, 141910, 0.00000925107462795647
Assertions require the call target to be an identifier or qualified name., 2776, 1, 27, 19, 261182, 0.000008788520896558647
Cannot assign to 'undefined' because it is not a variable., 2539, 1, 27, 10, 1127308, 0.000004625537313978235
This condition will always return 'false'., 2845, 1, 26, 22, 185455, 0.000010176182090752116
Variable 'chart' is used before being assigned., 2454, 1, 26, 12, 662848, 0.000005550644776773882
JSX expressions may not use the comma operator. Did you mean to write an array?, 18007, 1, 25, 24, 30738, 0.000011101289553547764
'View' is referenced directly or indirectly in its own base expression., 2506, 1, 25, 25, 79762, 0.000011563843284945587
An object literal cannot have property and accessor with the same name., 1119, 1, 25, 24, 109167, 0.000011101289553547764
'delete' cannot be called on an identifier in strict mode., 1102, 1, 24, 20, 253181, 0.00000925107462795647
'public' modifier cannot appear on a module or namespace element., 1044, 1, 23, 13, 86049, 0.000006013198508171706
Expected at least 1 arguments, but got 0., 2555, 1, 22, 14, 27149, 0.000006475752239569529
A required parameter cannot follow an optional parameter., 1016, 1, 22, 22, 75682, 0.000010176182090752116
Cannot export 'stop'. Only local declarations can be exported from a module., 2661, 1, 22, 14, 126661, 0.000006475752239569529
Duplicate label 'uri'., 1114, 1, 22, 13, 209175, 0.000006013198508171706
The '+' operator cannot be applied to type 'symbol'., 2469, 1, 21, 15, 59691, 0.000006938305970967353
It is likely that you are missing a comma to separate these two template expressions. They form a tagged template expression which cannot be invoked., 2796, 1, 21, 17, 70990, 0.000007863413433763
'static' modifier must precede 'async' modifier., 1029, 1, 21, 21, 288538, 0.000009713628359354293
JSDoc '@extends superhero' does not match the 'extends Dispatcher' clause., 8023, 1, 21, 21, 388552, 0.000009713628359354293
'state' is referenced directly or indirectly in its own type annotation., 2502, 1, 20, 15, 27566, 0.000006938305970967353
Namespace 'ACDesigner' has no exported member 'HostContainer'., 2694, 1, 20, 12, 480905, 0.000005550644776773882
A rest parameter must be last in a parameter list., 1014, 1, 19, 15, 64430, 0.000006938305970967353
The right-hand side of an 'instanceof' expression must be of type 'any' or of a type assignable to the 'Function' interface type., 2359, 1, 18, 13, 13907, 0.000006013198508171706
'parseBootstrap' is not a valid meta-property for keyword 'import'. Did you mean 'meta'?, 17012, 1, 18, 17, 61574, 0.000007863413433763
Ambient module declaration cannot specify relative module name., 2436, 1, 18, 18, 62897, 0.000008325967165160823
An index signature parameter type must be 'string', 'number', 'symbol', or a template literal type., 1268, 1, 18, 14, 115899, 0.000006475752239569529
Type satisfaction expressions can only be used in TypeScript files., 8037, 1, 18, 14, 400519, 0.000006475752239569529
Property 'testNested' is used before its initialization., 2729, 1, 17, 13, 4225, 0.000006013198508171706
Import declaration conflicts with local declaration of 'url'., 2440, 1, 17, 17, 257491, 0.000007863413433763
'async' modifier cannot appear on a type member., 1070, 1, 17, 7, 461275, 0.0000032378761197847644
A computed property name in a class property declaration must have a simple literal type or a 'unique symbol' type., 1166, 1, 17, 12, 574196, 0.000005550644776773882
Cannot use namespace 'reference' as a type., 2709, 1, 17, 10, 671834, 0.000004625537313978235
Decorators must precede the name and all keywords of property declarations., 1436, 1, 16, 16, 87171, 0.000007400859702365176
Parameter 'store' cannot reference itself., 2372, 1, 16, 13, 143299, 0.000006013198508171706
'Point' only refers to a type, but is being used as a namespace here., 2702, 1, 15, 15, 232785, 0.000006938305970967353
A 'get' accessor cannot have parameters., 1054, 1, 15, 10, 1094343, 0.000004625537313978235
Type argument list cannot be empty., 1099, 1, 14, 13, 22468, 0.000006013198508171706
A rest parameter must be of an array type., 2370, 1, 14, 13, 431881, 0.000006013198508171706
Duplicate identifier 'arguments'. Compiler uses 'arguments' to initialize rest parameters., 2396, 1, 14, 10, 532091, 0.000004625537313978235
Cannot start a function call in a type annotation., 1441, 1, 13, 13, 434696, 0.000006013198508171706
Private identifiers are not allowed in variable declarations., 18029, 1, 13, 7, 730744, 0.0000032378761197847644
An interface property cannot have an initializer., 1246, 1, 12, 2, 102091, 9.25107462795647e-7
A parameter property is only allowed in a constructor implementation., 2369, 1, 12, 11, 166400, 0.000005088091045376058
Property 'amethod' in type 'Child' is not assignable to the same property in base type 'Parent'., 2416, 1, 12, 10, 206540, 0.000004625537313978235
Cannot use 'this' in a static property initializer of a decorated class., 2816, 1, 12, 3, 244023, 0.0000013876611941934705
Cannot find parameter 'error'., 1225, 1, 11, 11, 81455, 0.000005088091045376058
The 'this' context of type 'void' is not assignable to method's 'this' of type 'Window'., 2684, 1, 11, 9, 165886, 0.000004162983582580411
A rest element type must be an array type., 2574, 1, 11, 8, 306651, 0.000003700429851182588
'AddressInfo' is a type and cannot be imported in JavaScript files. Use 'import("net").AddressInfo' in a JSDoc type annotation., 18042, 1, 10, 8, 53181, 0.000003700429851182588
Identifier expected. 'interface' is a reserved word in strict mode. Class definitions are automatically in strict mode., 1213, 1, 10, 6, 112381, 0.000002775322388386941
A 'declare' modifier cannot be used in an already ambient context., 1038, 1, 10, 7, 116430, 0.0000032378761197847644
Implicit conversion of a 'symbol' to a 'string' will fail at runtime. Consider wrapping this expression in 'String(...)'., 2731, 1, 10, 9, 195383, 0.000004162983582580411
Invalid use of 'arguments'. Modules are automatically in strict mode., 1215, 1, 10, 9, 245882, 0.000004162983582580411
'await' expressions cannot be used in a parameter initializer., 2524, 1, 10, 2, 257187, 9.25107462795647e-7
A 'continue' statement can only be used within an enclosing iteration statement., 1104, 1, 10, 10, 315187, 0.000004625537313978235
Return type of constructor signature must be assignable to the instance type of the class., 2409, 1, 9, 9, 14499, 0.000004162983582580411
'"stream"' has no exported member named 'Writeable'. Did you mean 'Writable'?, 2724, 1, 9, 9, 35119, 0.000004162983582580411
Cannot extend an interface 'Generator'. Did you mean 'implements'?, 2689, 1, 9, 7, 243856, 0.0000032378761197847644
An enum member cannot have a numeric name., 2452, 1, 9, 4, 352985, 0.000001850214925591294
A destructuring declaration must have an initializer., 1182, 1, 9, 9, 371641, 0.000004162983582580411
Types cannot appear in export declarations in JavaScript files., 18043, 1, 9, 6, 570489, 0.000002775322388386941
Module '"cluster"' has no exported member 'isMaster'. Did you mean to use 'import isMaster from "cluster"' instead?, 2614, 1, 8, 8, 64850, 0.000003700429851182588
Duplicate identifier 'Promise'. Compiler reserves name 'Promise' in top level scope of a module containing async functions., 2529, 1, 8, 8, 83994, 0.000003700429851182588
Variable declaration list cannot be empty., 1123, 1, 8, 8, 111113, 0.000003700429851182588
Enum member expected., 1132, 1, 8, 5, 114465, 0.0000023127686569891176
The left-hand side of a 'for...in' statement cannot be a destructuring pattern., 2491, 1, 8, 5, 136023, 0.0000023127686569891176
A rest parameter or binding pattern may not have a trailing comma., 1013, 1, 8, 8, 472037, 0.000003700429851182588
Function implementation name must be 'a'., 2389, 1, 8, 8, 883761, 0.000003700429851182588
An overload signature cannot be declared as a generator., 1222, 1, 8, 8, 954017, 0.000003700429851182588
Multiple constructor implementations are not allowed., 2392, 1, 8, 3, 1097288, 0.0000013876611941934705
Line terminator not permitted before arrow., 1200, 1, 7, 6, 153188, 0.000002775322388386941
File 'D:/Documents/GitHub/node_code_correction/node_modules/@types/node/index.d.ts' is not a module., 2306, 1, 7, 7, 204992, 0.0000032378761197847644
Private identifiers cannot be used as parameters., 18009, 1, 7, 5, 232693, 0.0000023127686569891176
Type 'String' has no matching index signature for type 'string'., 2537, 1, 7, 5, 576567, 0.0000023127686569891176
Decorators cannot be applied to multiple get/set accessors of the same name., 1207, 1, 6, 6, 305521, 0.000002775322388386941
Interface must be given a name., 1438, 1, 6, 6, 442999, 0.000002775322388386941
Required type parameters may not follow optional type parameters., 2706, 1, 6, 4, 469405, 0.000001850214925591294
Unable to resolve signature of parameter decorator when called as an expression., 1239, 1, 6, 4, 502678, 0.000001850214925591294
Class 'HTMLElement' defines instance member property 'onclick', but extended class '(Anonymous class)' defines it as instance member function., 2425, 1, 6, 6, 1090350, 0.000002775322388386941
'for await' loops are only allowed within async functions and at the top levels of modules., 1103, 1, 6, 5, 1157476, 0.0000023127686569891176
'super' must be called before accessing a property of 'super' in the constructor of a derived class., 17011, 1, 5, 3, 2598, 0.0000013876611941934705
Dynamic import's specifier must be of type 'string', but here has type '{ onBoundary: (doc: any, cb: any) => void; onFinish: (err: any) => void; }'., 7036, 1, 5, 5, 49950, 0.0000023127686569891176
Type alias 'pingResponse' circularly references itself., 2456, 1, 5, 5, 230596, 0.0000023127686569891176
Type '"INCREMEN"' is not assignable to type '"@@redux/INIT" | "INCREMENT" | "DECREMENT"'. Did you mean '"INCREMENT"'?, 2820, 1, 5, 5, 574563, 0.0000023127686569891176
Global module exports may only appear in module files., 1314, 1, 5, 5, 685864, 0.0000023127686569891176
Property 'comments' is private and only accessible within class 'MyVisitor'., 2341, 1, 4, 3, 25427, 0.0000013876611941934705
Dynamic imports only support a second argument when the '--module' option is set to 'esnext', 'node16', or 'nodenext'., 1324, 1, 4, 4, 61573, 0.000001850214925591294
Module '"fs"' has no default export. Did you mean to use 'import { readFile } from "fs"' instead?, 2613, 1, 4, 4, 70024, 0.000001850214925591294
Only ambient modules can use quoted names., 1035, 1, 4, 3, 243348, 0.0000013876611941934705
'async' modifier cannot be used here., 1042, 1, 4, 4, 288831, 0.000001850214925591294
Unable to resolve signature of class decorator when called as an expression., 1238, 1, 4, 4, 305516, 0.000001850214925591294
Type 'Extract<keyof this, string>' cannot be used to index type '{}'., 2536, 1, 4, 4, 348264, 0.000001850214925591294
'const' declarations can only be declared inside a block., 1156, 1, 4, 3, 356747, 0.0000013876611941934705
'classDec' accepts too few arguments to be used as a decorator here. Did you mean to call it first and write '@classDec()'?, 1329, 1, 4, 4, 573781, 0.000001850214925591294
Namespace must be given a name., 1437, 1, 4, 4, 688450, 0.000001850214925591294
No overload expects 4 arguments, but overloads do exist that expect either 2 or 5 arguments., 2575, 1, 4, 2, 747894, 9.25107462795647e-7
Class static side 'typeof CircleDef' incorrectly extends base class static side 'typeof ShapeDef'., 2417, 1, 4, 3, 869369, 0.0000013876611941934705
Unexpected token. A type parameter name was expected without curly braces., 1069, 1, 4, 4, 883714, 0.000001850214925591294
Unused '@ts-expect-error' directive., 2578, 1, 4, 3, 883733, 0.0000013876611941934705
File 'test.setup.html' has an unsupported extension. The only supported extensions are '.ts', '.tsx', '.d.ts', '.js', '.jsx', '.cts', '.d.cts', '.cjs', '.mts', '.d.mts', '.mjs'., 6054, 1, 4, 4, 1037521, 0.000001850214925591294
A bigint literal must be an integer., 1353, 1, 4, 4, 1140197, 0.000001850214925591294
Value of type '(data: any) => any' has no properties in common with type '{ end?: boolean; }'. Did you mean to call it?, 2560, 1, 4, 4, 1461838, 0.000001850214925591294
'assert' can only be imported by using a 'require' call or by turning on the 'esModuleInterop' flag and using a default import., 2598, 1, 4, 4, 1613464, 0.000001850214925591294
Rest types may only be created from object types., 2700, 1, 3, 3, 31225, 0.0000013876611941934705
A rest element must be last in a destructuring pattern., 2462, 1, 3, 3, 92865, 0.0000013876611941934705
A decorator can only decorate a method implementation, not an overload., 1249, 1, 3, 3, 112381, 0.0000013876611941934705
Cannot import type declaration files. Consider importing 'esydoc' instead of '@types/esydoc'., 6137, 1, 3, 3, 127699, 0.0000013876611941934705
Definitions of the following identifiers conflict with those in another file: Node, Element, Document, HTMLImageElement, Image, ImageBitmap, HTMLVideoElement, HTMLCanvasElement, 6200, 1, 3, 3, 131695, 0.0000013876611941934705
Class name cannot be 'object'., 2414, 1, 3, 3, 290098, 0.0000013876611941934705
Parameter 'columnsArr' cannot reference identifier 'colKey' declared after it., 2373, 1, 3, 3, 307170, 0.0000013876611941934705
Interface 'ICheckbox' incorrectly extends interface 'HTMLInputElement'., 2430, 1, 3, 3, 394856, 0.0000013876611941934705
Class 'ApplicationError' incorrectly extends base class 'Error'., 2415, 1, 3, 2, 525735, 9.25107462795647e-7
Private identifiers are only allowed in class bodies and may only be used as part of a class member declaration, property access, or on the left-hand-side of an 'in' expression, 1451, 1, 3, 1, 576130, 4.625537313978235e-7
Abstract methods can only appear within an abstract class., 1244, 1, 3, 1, 790838, 4.625537313978235e-7
An export assignment cannot have modifiers., 1120, 1, 3, 3, 857721, 0.0000013876611941934705
JSDoc '@param' tag has name 'race', but there is no parameter with that name. It would match 'arguments' if it had an array type., 8029, 1, 3, 3, 877121, 0.0000013876611941934705
A parameter property cannot be declared using a rest parameter., 1317, 1, 3, 2, 1987766, 9.25107462795647e-7
'async' modifier cannot appear on a constructor declaration., 1089, 1, 2, 2, 5098, 9.25107462795647e-7
Type of 'await' operand must either be a valid promise or must not contain a callable 'then' member., 1320, 1, 2, 2, 62468, 9.25107462795647e-7
Cannot find namespace 'css'. Did you mean 'CSS'?, 2833, 1, 2, 2, 209794, 9.25107462795647e-7
Dynamic imports can only accept a module specifier and an optional assertion as arguments, 1450, 3, 2, 2, 241928, 9.25107462795647e-7
The left-hand side of an assignment expression may not be an optional property access., 2779, 1, 2, 1, 370112, 4.625537313978235e-7
Could not resolve the path 'foo' with the extensions: '.ts', '.tsx', '.d.ts', '.js', '.jsx', '.cts', '.d.cts', '.cjs', '.mts', '.d.mts', '.mjs'., 6231, 1, 2, 2, 440659, 9.25107462795647e-7
Identifier expected. 'await' is a reserved word at the top-level of a module., 1262, 1, 2, 2, 486202, 9.25107462795647e-7
Line break not permitted here., 1142, 1, 2, 2, 549219, 9.25107462795647e-7
A 'set' accessor must have exactly one parameter., 1049, 1, 2, 2, 574195, 9.25107462795647e-7
A default export must be at the top level of a file or module declaration., 1258, 1, 2, 1, 673661, 4.625537313978235e-7
Jump target cannot cross function boundary., 1107, 1, 2, 2, 786972, 9.25107462795647e-7
Identifier expected. 'static' is a reserved word in strict mode., 1212, 1, 2, 1, 792269, 4.625537313978235e-7
Expected 1 argument, but got 0. 'new Promise()' needs a JSDoc hint to produce a 'resolve' that can be called without arguments., 2810, 1, 2, 2, 883795, 9.25107462795647e-7
Import assertions are only supported when the '--module' option is set to 'esnext' or 'nodenext'., 2821, 1, 2, 2, 885154, 9.25107462795647e-7
Unexpected end of text., 1126, 1, 2, 2, 909014, 9.25107462795647e-7
The 'Object' type is assignable to very few other types. Did you mean to use the 'any' type instead?, 2696, 1, 2, 2, 909820, 9.25107462795647e-7
Import or export declaration in an ambient module declaration cannot reference module through relative module name., 2439, 1, 2, 1, 1054147, 4.625537313978235e-7
Decorator function return type 'typeof Wrapper' is not assignable to type 'void | typeof Composer'., 1270, 1, 2, 2, 1090195, 9.25107462795647e-7
JSDoc '...' may only appear in the last parameter of a signature., 8028, 1, 2, 1, 1195117, 4.625537313978235e-7
Operator '+' cannot be applied to type 'bigint'., 2736, 1, 2, 1, 1824920, 4.625537313978235e-7
A rest parameter cannot be optional., 1047, 1, 2, 2, 1887230, 9.25107462795647e-7
Initializer of instance member variable 'undo' cannot reference identifier 'store' declared in the constructor., 2301, 1, 2, 1, 2032607, 4.625537313978235e-7
Type 'any' does not satisfy the constraint 'never'., 2344, 1, 2, 1, 2108838, 4.625537313978235e-7
Unable to resolve signature of method decorator when called as an expression., 1241, 1, 1, 1, 305516, 4.625537313978235e-7
Interface declaration cannot have 'implements' clause., 1176, 1, 1, 1, 347662, 4.625537313978235e-7
An index signature must have exactly one parameter., 1096, 1, 1, 1, 554881, 4.625537313978235e-7
Module '"module"' uses 'export =' and cannot be used with 'export *'., 2498, 1, 1, 1, 575315, 4.625537313978235e-7
Pattern '*.css[*.less/*.scss]' can have at most one '*' character., 5061, 1, 1, 1, 751644, 4.625537313978235e-7
'this' cannot be referenced in a module or namespace body., 2331, 1, 1, 1, 874259, 4.625537313978235e-7
The type 'readonly any[]' is 'readonly' and cannot be assigned to the mutable type 'any[]'., 4104, 1, 1, 1, 946025, 4.625537313978235e-7
An index signature parameter type cannot be a literal type or generic type. Consider using a mapped object type instead., 1337, 1, 1, 1, 950069, 4.625537313978235e-7
A bigint literal cannot use exponential notation., 1352, 1, 1, 1, 992007, 4.625537313978235e-7
Invalid 'reference' directive syntax., 1084, 1, 1, 1, 1063710, 4.625537313978235e-7
Statements are not allowed in ambient contexts., 1036, 1, 1, 1, 1103112, 4.625537313978235e-7
Base constructors must all have the same return type., 2510, 1, 1, 1, 1153913, 4.625537313978235e-7
The operand of an increment or decrement operator may not be an optional property access., 2777, 1, 1, 1, 1192163, 4.625537313978235e-7
Export declarations are not permitted in a namespace., 1194, 1, 1, 1, 1194050, 4.625537313978235e-7
An enum member cannot be named with a private identifier., 18024, 1, 1, 1, 1271110, 4.625537313978235e-7
A rest parameter cannot have an initializer., 1048, 1, 1, 1, 1327934, 4.625537313978235e-7
The left-hand side of a 'for...of' statement cannot use a type annotation., 2483, 1, 1, 1, 1404928, 4.625537313978235e-7
Catch clause variable type annotation must be 'any' or 'unknown' if specified., 1196, 1, 1, 1, 1427994, 4.625537313978235e-7
'let' is not allowed to be used as a name in 'let' or 'const' declarations., 2480, 1, 1, 1, 1477260, 4.625537313978235e-7
In an enum with multiple declarations, only one declaration can omit an initializer for its first enum element., 2432, 1, 1, 1, 1496850, 4.625537313978235e-7
'let' declarations can only be declared inside a block., 1157, 1, 1, 1, 1717924, 4.625537313978235e-7
An index signature must have a type annotation., 1021, 1, 1, 1, 1738459, 4.625537313978235e-7
'extends' list cannot be empty., 1097, 1, 1, 1, 1761298, 4.625537313978235e-7
'extends' clause already seen., 1172, 1, 1, 1, 1761298, 4.625537313978235e-7
Code contained in a class is evaluated in JavaScript's strict mode which does not allow this use of 'arguments'. For more information, see https://developer.mozilla.org/en-US/docs/Web/JavaScript/Reference/Strict_mode., 1210, 1, 1, 1, 1814901, 4.625537313978235e-7
A 'break' statement can only jump to a label of an enclosing statement., 1116, 1, 1, 1, 1857267, 4.625537313978235e-7
'get' and 'set' accessors cannot declare 'this' parameters., 2784, 1, 1, 1, 1965802, 4.625537313978235e-7
An interface cannot extend a primitive type like 'number'; an interface can only extend named types and classes, 2840, 1, 1, 1, 1989206, 4.625537313978235e-7
Classes can only extend a single class., 1174, 1, 1, 1, 2015065, 4.625537313978235e-7
A constructor cannot contain a 'super' call when its class extends 'null'., 17005, 1, 1, 1, 2123401, 4.625537313978235e-7
Ambient modules cannot be nested in other modules or namespaces., 2435, 1, 1, 1, 2145343, 4.625537313978235e-7

Snippets without errors: 584787/2161680(0.2705243144221161)
Snippets timed out: 2/2161911(9.25107462795647e-7)
Snippets failed: 229/2161911(0.00010592480449010158)
