DATASET INFORMATION:
TOTAL SNIPPETS: 2161911
--------
ERROR ANALYSIS

ERROR, CODE, CATEGORY, NUM OCCURANCES, NUM AFFECTED SNIPPETS, FIRST ID, PERCENT
Cannot find name, 2304, 1, 7158180, 1312518, 2, 0.6071100984268085
Character expected, 1005, 1, 1598154, 326947, 1, 0.1512305548193242
Unexpected keyword or identifier., 1434, 1, 1389730, 181887, 2, 0.08413251054275592
Invalid character., 1127, 1, 1186301, 58976, 2, 0.02727956886291804
Expression expected., 1109, 1, 666291, 176841, 29, 0.0817984644141225
Cannot use JSX unless the '--jsx' flag is provided., 17004, 1, 424896, 154737, 1, 0.07157417673530501
Left side of comma operator is unused and has no side effects., 2695, 1, 321258, 74419, 29, 0.034422786136894624
Declaration or statement expected., 1128, 1, 240122, 111705, 20, 0.05166956456579387
Cannot find name 'requires'. Did you mean 'require'?, 2552, 1, 198413, 146128, 22, 0.06759205166170115
Identifier expected., 1003, 1, 128660, 61009, 21, 0.028219940598849812
'any' only refers to a type, but is being used as a value here., 2693, 1, 86856, 32065, 39, 0.01483178539727121
Property 'setState' does not exist on type 'UnicornEditor'., 2339, 1, 83483, 41036, 371, 0.018981354921641085
Top-level 'await' expressions are only allowed when the 'module' option is set to 'es2022', 'esnext', 'system', 'node16', or 'nodenext', and the 'target' option is set to 'es2017' or higher., 1378, 1, 81863, 56324, 427, 0.02605287636725101
Type annotations can only be used in TypeScript files., 8010, 1, 68548, 23827, 139, 0.011021267758015941
Cannot find name '$'. Do you need to install type definitions for jQuery? Try `npm i --save-dev @types/jquery` and then add 'jquery' to the types field in your tsconfig., 2592, 1, 62601, 37606, 37, 0.01739479562294655
Unknown keyword or identifier, 1435, 1, 61242, 30165, 2, 0.013952933307615345
Cannot find name 'document'. Do you need to change your target library? Try changing the 'lib' compiler option to include 'dom'., 2584, 1, 56333, 44799, 503, 0.020721944612891095
No value exists in scope for the shorthand property 'cfg'. Either declare one or provide an initializer., 18004, 1, 52597, 20155, 429, 0.009322770456323133
'await' expressions are only allowed at the top level of a file when that file is a module, but this file has no imports or exports. Consider adding an empty 'export {}' to make this file a module., 1375, 1, 52317, 38752, 427, 0.017924882199128456
Cannot find name 'it'. Do you need to install type definitions for a test runner? Try `npm i --save-dev @types/jest` or `npm i --save-dev @types/mocha` and then add 'jest' or 'mocha' to the types field in your tsconfig., 2593, 1, 50453, 29991, 45, 0.013872448958352124
Duplicate identifier 'zeroxName'., 2300, 1, 46330, 15404, 140, 0.007125177678452073
JSX element 'meta' has no corresponding closing tag., 17008, 1, 45035, 20268, 1, 0.009375039027971087
An identifier or keyword cannot immediately follow a numeric literal., 1351, 1, 44395, 11524, 166, 0.005330469200628518
Unexpected token. Did you mean `{'}'}` or `&rbrace;`?, 1381, 1, 40904, 11405, 816, 0.005275425306592177
The left-hand side of an arithmetic operation must be of type 'any', 'number', 'bigint' or an enum type., 2362, 1, 38451, 24800, 39, 0.011471332538666022
Cannot redeclare block-scoped variable 'Auth'., 2451, 1, 38095, 12403, 153, 0.0057370539305272045
Declaration expected., 1146, 1, 34354, 20606, 723, 0.00953138218918355
The right-hand side of an arithmetic operation must be of type 'any', 'number', 'bigint' or an enum type., 2363, 1, 34080, 14624, 422, 0.006764385767961771
Experimental support for decorators is a feature that is subject to change in a future release. Set the 'experimentalDecorators' option in your 'tsconfig' or 'jsconfig' to remove this warning., 1219, 1, 21715, 14181, 1927, 0.006559474464952535
This expression is not callable., 2349, 1, 19635, 11342, 968, 0.005246284421514114
Argument expression expected., 1135, 1, 19196, 8288, 422, 0.0038336453258251612
Operator cannot be applied to types 1 and 2, 2365, 1, 18270, 10542, 452, 0.004876241436395855
A type predicate is only allowed in return type position for functions and methods., 1228, 1, 16698, 10560, 389, 0.0048845674035610165
Unexpected token. Did you mean `{'>'}` or `&gt;`?, 1382, 1, 16307, 8130, 21, 0.003760561836264305
Unterminated regular expression literal., 1161, 1, 16288, 11957, 39, 0.005530754966323776
Unterminated string literal., 1002, 1, 15569, 10864, 389, 0.005025183737905954
JSX expressions must have one parent element., 2657, 1, 12742, 11931, 14, 0.0055187285693074324
The 'const' modifier can only be used in TypeScript files., 8009, 1, 10667, 4617, 1319, 0.0021356105778637512
Object is possibly 'undefined'., 2532, 1, 10648, 4842, 847, 0.0022396851674282613
Property assignment expected., 1136, 1, 10158, 8045, 989, 0.00372124476909549
Type 'string' is not assignable to type 'object'., 2322, 1, 9825, 6155, 809, 0.0028470182167536036
Type assertion expressions can only be used in TypeScript files., 8016, 1, 9228, 6711, 85, 0.0031041980914107937
'enum' declarations can only be used in TypeScript files., 8006, 1, 9075, 6676, 1637, 0.0030880087108118696
Type aliases can only be used in TypeScript files., 8008, 1, 8646, 4485, 1925, 0.0020745534853192386
Non-null assertions can only be used in TypeScript files., 8013, 1, 8592, 5710, 43, 0.002641181806281572
Unterminated template literal., 1160, 1, 8127, 8127, 48, 0.0037591741750701117
Module declaration names may only use ' or " quoted strings., 1443, 1, 7974, 3852, 809, 0.0017817569733444161
The operand of an increment or decrement operator must be a variable or a property access., 2357, 1, 6907, 3290, 377, 0.0015218017762988394
Expected corresponding JSX closing tag for 'div'., 17002, 1, 6651, 4064, 21, 0.0018798183644007547
A 'return' statement can only be used within a function body., 1108, 1, 6320, 5607, 1068, 0.0025935387719475964
Expected 0 arguments, but got 2., 2554, 1, 5966, 4878, 1346, 0.002256337101758583
Cannot find module '18Awesome.json'. Consider using '--resolveJsonModule' to import module with '.json' extension., 2732, 1, 5800, 5176, 515, 0.0023941781137151344
An arithmetic operand must be of type 'any', 'number', 'bigint' or an enum type., 2356, 1, 5638, 3371, 624, 0.001559268628542063
Block-scoped variable 'uth' used before its declaration., 2448, 1, 5308, 3586, 153, 0.0016587176807925951
Function implementation is missing or not immediately following the declaration., 2391, 1, 4442, 874, 50739, 0.0004042719612416977
Variable declaration expected., 1134, 1, 4136, 3414, 153, 0.0015791584389921694
The left-hand side of an assignment expression must be a variable or a property access., 2364, 1, 4016, 1918, 481, 0.0008871780568210255
Unexpected token. A constructor, method, accessor, or property was expected., 1068, 1, 3668, 2668, 1652, 0.0012340933553693931
An element access expression should take an argument., 1011, 1, 3610, 2028, 1081, 0.0009380589672747861
Cannot find namespace 'an'., 2503, 1, 3393, 2323, 1215, 0.001074512318037144
Expression or comma expected., 1137, 1, 3345, 2051, 627, 0.000948697703096936
'import ... =' can only be used in TypeScript files., 8002, 1, 3231, 2361, 1215, 0.0010920893598302614
The value 'null' cannot be used here., 18050, 1, 2769, 1651, 1501, 0.0007636762105378066
Parameter modifiers can only be used in TypeScript files., 8012, 1, 2755, 2122, 2092, 0.0009815390180261815
The operand of a 'delete' operator must be a property reference., 2703, 1, 2499, 1851, 51, 0.0008561869568173713
Type 'number' is not an array type., 2461, 1, 2412, 1948, 3688, 0.0009010546687629601
'*/' expected., 1010, 1, 2337, 2337, 39, 0.0010809880702767134
Property 'value' does not exist on type 'string'. Did you mean 'valueOf'?, 2551, 1, 2334, 1612, 3242, 0.0007456366150132915
Argument of type 'Buffer' is not assignable to parameter of type 'string'., 2345, 1, 2242, 1720, 503, 0.0007955924180042564
Index signature in type 'String' only permits reading., 2542, 1, 2239, 854, 4152, 0.00039502088661374124
A module cannot have multiple default exports., 2528, 1, 2017, 724, 3770, 0.0003348889015320242
A 'yield' expression is only allowed in a generator body., 1163, 1, 1913, 1289, 20589, 0.0005962317597717945
The '|' operator is not allowed for boolean types. Consider using '||' instead., 2447, 1, 1895, 1085, 1776, 0.0005018707985666385
Type 'IArguments' can only be iterated through when using the '--downlevelIteration' flag or with a '--target' of 'es2015' or higher., 2802, 1, 1836, 1506, 840, 0.0006966059194851221
Type '{ title: StringConstructor; date: StringConstructor; penName: StringConstructor; host: StringConstructor; ... 7 more ...; sid: NumberConstructor; }' cannot be used as an index type., 2538, 1, 1809, 938, 2314, 0.00043387540005115845
Did you mean to use a ':'? An '=' can only follow a property name when the containing object literal is part of a destructuring pattern., 1312, 1, 1801, 795, 3313, 0.0003677302164612697
Type expected., 1110, 1, 1728, 1027, 5905, 0.0004750426821455647
'{' or ';' expected., 1144, 1, 1593, 1245, 1652, 0.0005758793955902903
Property or signature expected., 1131, 1, 1585, 629, 8306, 0.00029094629704923096
Digit expected., 1124, 1, 1560, 721, 377, 0.00033350124033783074
String literal expected., 1141, 1, 1515, 1418, 4179, 0.0006559011911221138
'no' is possibly 'undefined'., 18048, 1, 1491, 711, 11869, 0.0003288757030238525
An object literal cannot have multiple properties with the same name., 1117, 1, 1365, 879, 4955, 0.0004065847298986869
'implements' clauses can only be used in TypeScript files., 8005, 1, 1365, 1327, 5116, 0.0006138088015649118
Cannot use namespace 'to' as a value., 2708, 1, 1338, 485, 5917, 0.0002243385597279444
Type arguments can only be used in TypeScript files., 8011, 1, 1309, 1069, 1652, 0.0004944699388642733
No overload matches this call., 2769, 1, 1293, 941, 3703, 0.0004352630612453519
Augmentations for the global scope should have 'declare' modifier unless they appear in already ambient context., 2670, 1, 1261, 903, 6442, 0.0004176860194522346
JSX spread child must be an array type., 2609, 1, 1254, 856, 5154, 0.00039594599407653694
Augmentations for the global scope can only be directly nested in external modules or ambient module declarations., 2669, 1, 1241, 890, 9173, 0.0004116728209440629
This condition will always return 'true' since JavaScript compares objects by reference, not value., 2839, 1, 1221, 792, 5939, 0.0003663425552670762
A parameter initializer is only allowed in a function or constructor implementation., 2371, 1, 1133, 536, 14895, 0.0002479288000292334
This comparison appears to be unintentional because the types '"hello"' and '"world"' have no overlap., 2367, 1, 1125, 690, 12584, 0.0003191620746644982
Value of type 'typeof Module' is not callable. Did you mean to include 'new'?, 2348, 1, 1094, 836, 4115, 0.00038669491944858046
Cannot assign to 'uth' because it is a constant., 2588, 1, 995, 802, 153, 0.0003709680925810544
Module '"fs"' has no default export., 1192, 1, 982, 960, 3156, 0.00044405158214191057
Identifier expected. 'in' is a reserved word that cannot be used here., 1359, 1, 972, 701, 2288, 0.00032425016570987426
Module '"path"' can only be default-imported using the 'esModuleInterop' flag, 1259, 1, 972, 959, 3412, 0.00044358902841051275
Property 'prefix' is missing in type '{ base: string; perpage: number; posts: number[]; }' but required in type '{ base: string; perpage: number; posts: number[]; prefix: string; }'., 2741, 1, 966, 715, 8556, 0.0003307259179494438
Only a void function can be called with the 'new' keyword., 2350, 1, 918, 873, 887, 0.0004038094075102999
'{' or JSX element expected., 1145, 1, 908, 663, 3325, 0.000306673123916757
'await' expressions are only allowed within async functions and at the top levels of modules., 1308, 1, 886, 593, 1383, 0.00027429436271890934
Type parameter declarations can only be used in TypeScript files., 8004, 1, 883, 732, 5119, 0.0003385893313832068
'$cssName' refers to a value, but is being used as a type here. Did you mean 'typeof $cssName'?, 2749, 1, 882, 507, 1081, 0.00023451474181869652
JSDoc '@param' tag has name '后台加密后的数据', but there is no parameter with that name., 8024, 1, 825, 388, 13464, 0.0001794708477823555
A function whose declared type is neither 'void' nor 'any' must return a value., 2355, 1, 797, 448, 7395, 0.00020722407166622492
Individual declarations in merged declaration 'two' must be all exported or all local., 2395, 1, 742, 279, 2053, 0.00012905249105999277
'super' must be called before accessing 'this' in the constructor of a derived class., 17009, 1, 731, 356, 3963, 0.00016466912837762517
Initializer provides no value for this binding element and the binding element has no default value., 2525, 1, 696, 265, 11269, 0.00012257673882042322
Parameter declaration expected., 1138, 1, 689, 465, 5175, 0.00021508748509998794
Top-level 'for await' loops are only allowed when the 'module' option is set to 'es2022', 'esnext', 'system', 'node16', or 'nodenext', and the 'target' option is set to 'es2017' or higher., 1432, 1, 681, 626, 6742, 0.0002895586358550375
Duplicate function implementation., 2393, 1, 671, 145, 11461, 0.0000670702910526844
A spread argument must either have a tuple type or be passed to a rest parameter., 2556, 1, 666, 567, 6062, 0.00026226796570256593
Cannot assign to 'App' because it is an import., 2632, 1, 657, 514, 5609, 0.0002377526179384813
This expression is not constructable., 2351, 1, 612, 540, 153, 0.0002497790149548247
A computed property name must be of type 'string', 'number', 'symbol', or 'any'., 2464, 1, 610, 550, 11162, 0.0002544045522688029
'const' declarations must be initialized., 1155, 1, 597, 405, 1578, 0.00018733426121611852
Super calls are not permitted outside constructors or in nested functions inside constructors., 2337, 1, 561, 540, 1988, 0.0002497790149548247
Cannot find name 'closeAction'. Did you mean the instance member 'this.closeAction'?, 2663, 1, 552, 382, 1319, 0.00017669552539396858
Qualified name 'bitcoinjs-lib.KeyPair' is not allowed without a leading '@param {object} bitcoinjs-lib'., 8032, 1, 542, 160, 67173, 0.00007400859702365176
Private identifiers are not allowed outside class bodies., 18016, 1, 536, 253, 74370, 0.00011702609404364935
'(Missing)' is an unused renaming of 'type'. Did you intend to use it as a type annotation?, 2842, 1, 528, 201, 12746, 0.00009297330001096252
Spread types may only be created from object types., 2698, 1, 506, 451, 14348, 0.0002086117328604184
Class 'AppComponent' used before its declaration., 2449, 1, 479, 245, 11549, 0.00011332566419246676
An object member cannot be declared optional., 1162, 1, 473, 120, 4756, 0.00005550644776773882
Constructors for derived classes must contain a 'super' call., 2377, 1, 443, 421, 2598, 0.0001947351209184837
Function with bodies can only merge with classes that are ambient., 2814, 1, 429, 69, 5546, 0.00003191620746644982
Merge conflict marker encountered., 1185, 1, 416, 385, 2597, 0.00017808318658816204
'return' tag already specified., 1223, 1, 396, 121, 52541, 0.00005596900149913664
'function' is not allowed as a variable declaration name., 1389, 1, 376, 339, 12945, 0.00015680571494386216
Trailing comma not allowed., 1009, 1, 357, 320, 4379, 0.00014801719404730352
An unary expression with the '-' operator is not allowed in the left-hand side of an exponentiation expression. Consider enclosing the expression in parentheses., 17006, 1, 357, 243, 12317, 0.00011240055672967111
'super' can only be referenced in members of derived classes or object literal expressions., 2660, 1, 355, 270, 1988, 0.00012488950747741235
The 'import.meta' meta-property is only allowed when the '--module' option is 'es2020', 'es2022', 'esnext', 'system', 'node16', or 'nodenext'., 1343, 1, 347, 271, 2919, 0.00012535206120881017
Constructor implementation is missing., 2390, 1, 345, 298, 14254, 0.0001378410119565514
Cannot invoke an object which is possibly 'undefined'., 2722, 1, 344, 276, 19587, 0.00012766482986579928
Type 'Date' is missing the following properties from type 'DateConstructor': prototype, parse, UTC, now, 2739, 1, 334, 264, 7882, 0.0001221141850890254
An import path cannot end with a '.ts' extension. Consider importing '@555platform/Author' instead., 2691, 1, 333, 292, 4810, 0.00013506568956816447
