DATASET INFORMATION:
TOTAL PACKAGES: 620221
TOTAL SNIPPETS: 2161911
--------
ERROR ANALYSIS

ERROR, CODE, CATEGORY, NUM OCCURANCES, NUM AFFECTED SNIPPETS, FIRST ID, PERCENT
Cannot find name, 2304, 1, 6253740, 1153259, 2, 0.5334442537181225
Character expected, 1005, 1, 1646853, 336611, 1, 0.15570067407955276
Unexpected keyword or identifier., 1434, 1, 1375849, 180671, 2, 0.08357004520537617
Invalid character., 1127, 1, 1181697, 58891, 2, 0.027240251795749224
Expression expected., 1109, 1, 691683, 190614, 29, 0.08816921695666473
Cannot use JSX unless the '--jsx' flag is provided., 17004, 1, 423538, 154342, 1, 0.07139146801140288
Left side of comma operator is unused and has no side effects., 2695, 1, 318991, 73669, 29, 0.03407587083834626
Declaration or statement expected., 1128, 1, 238523, 110660, 20, 0.05118619591648315
Property 'returns' does not exist on type '(arg0: any) => void'., 2339, 1, 225499, 125404, 6, 0.058006088132212655
Identifier expected., 1003, 1, 131357, 62518, 21, 0.02891793417952913
'any' only refers to a type, but is being used as a value here., 2693, 1, 85326, 31617, 39, 0.014624561325604985
Type annotations can only be used in TypeScript files., 8010, 1, 82235, 28051, 139, 0.012975094719440347
Cannot redeclare block-scoped variable 'REACT_APP_VERSION'., 2451, 1, 81417, 22596, 37, 0.01045186411466522
Top-level 'await' expressions are only allowed when the 'module' option is set to 'es2022', 'esnext', 'system', 'node16', or 'nodenext', and the 'target' option is set to 'es2017' or higher., 1378, 1, 81406, 56034, 427, 0.02591873578514564
The left-hand side of an arithmetic operation must be of type 'any', 'number', 'bigint' or an enum type., 2362, 1, 71776, 43078, 39, 0.01992588964115544
Cannot find name '$'. Do you need to install type definitions for jQuery? Try `npm i --save-dev @types/jquery` and then add 'jquery' to the types field in your tsconfig., 2592, 1, 62456, 37529, 37, 0.017359178985628918
Unknown keyword or identifier, 1435, 1, 61635, 30498, 2, 0.01410696370017082
Duplicate identifier 'zeroxName'., 2300, 1, 60827, 20748, 140, 0.009597064819042041
The right-hand side of an arithmetic operation must be of type 'any', 'number', 'bigint' or an enum type., 2363, 1, 58160, 29977, 85, 0.013865973206112554
Block-scoped variable 'uth' used before its declaration., 2448, 1, 57898, 39762, 153, 0.018392061467840257
Cannot find name 'document'. Do you need to change your target library? Try changing the 'lib' compiler option to include 'dom'., 2584, 1, 56300, 44779, 503, 0.02071269353826314
Cannot find name 'it'. Do you need to install type definitions for a test runner? Try `npm i --save-dev @types/jest` or `npm i --save-dev @types/mocha` and then add 'jest' or 'mocha' to the types field in your tsconfig., 2593, 1, 49615, 29490, 45, 0.013640709538921814
No value exists in scope for the shorthand property 'cfg'. Either declare one or provide an initializer., 18004, 1, 48851, 19155, 429, 0.00886021672492531
JSX element 'meta' has no corresponding closing tag., 17008, 1, 45331, 20369, 1, 0.009421756954842268
An identifier or keyword cannot immediately follow a numeric literal., 1351, 1, 44329, 11505, 166, 0.00532168067973196
Unexpected token. Did you mean `{'}'}` or `&rbrace;`?, 1381, 1, 41970, 12314, 816, 0.005695886648432799
This expression is not callable., 2349, 1, 38853, 26483, 244, 0.01224981046860856
Declaration expected., 1146, 1, 34084, 20517, 723, 0.009490214907089145
Argument expression expected., 1135, 1, 28004, 15606, 218, 0.007218613532194434
Cannot find name '$DOMAIN'. Did you mean 'DOMAIN'?, 2552, 1, 25979, 17860, 38, 0.008261209642765128
Operator cannot be applied to types 1 and 2, 2365, 1, 23634, 14534, 422, 0.006722755932135967
Expected 0 arguments, but got 1., 2554, 1, 22385, 14285, 742, 0.006607580053017909
Experimental support for decorators is a feature that is subject to change in a future release. Set the 'experimentalDecorators' option in your 'tsconfig' or 'jsconfig' to remove this warning., 1219, 1, 21689, 14161, 1927, 0.006550223390324578
Module '"assert"' has no exported member 'name'., 2305, 1, 19693, 18678, 454, 0.008639578595048547
Import declaration conflicts with local declaration of 'assert'., 2440, 1, 17832, 17832, 4, 0.008248258138285988
Unterminated regular expression literal., 1161, 1, 17516, 12779, 39, 0.005910974133532787
A type predicate is only allowed in return type position for functions and methods., 1228, 1, 16556, 10474, 389, 0.004844787782660803
Unexpected token. Did you mean `{'>'}` or `&gt;`?, 1382, 1, 15857, 7966, 21, 0.003684703024315062
Unterminated string literal., 1002, 1, 15574, 10861, 389, 0.005023796076711761
JSX expressions must have one parent element., 2657, 1, 12759, 11915, 14, 0.005511327709605067
Object is possibly 'undefined'., 2532, 1, 12091, 5863, 847, 0.002711952527185439
Type '(required: any) => void' is not assignable to type 'string | number | symbol'., 2322, 1, 11885, 7801, 96, 0.0036083816586344212
The 'const' modifier can only be used in TypeScript files., 8009, 1, 11853, 4919, 1319, 0.0022753018047458936
Cannot assign to 'version' because it is an import., 2632, 1, 11755, 10355, 620, 0.004789743888624462
Property assignment expected., 1136, 1, 10172, 8058, 989, 0.0037272579676036616
'module' declarations can only be used in TypeScript files., 8006, 1, 9607, 7141, 172, 0.0033030961959118576
Type assertion expressions can only be used in TypeScript files., 8016, 1, 9146, 6663, 85, 0.003081995512303698
Variable declaration expected., 1134, 1, 9135, 6863, 153, 0.0031745062585832626
Type aliases can only be used in TypeScript files., 8008, 1, 8615, 4465, 1925, 0.002065302410691282
Non-null assertions can only be used in TypeScript files., 8013, 1, 8517, 5669, 43, 0.0026222171032942616
Unterminated template literal., 1160, 1, 8126, 8126, 48, 0.0037587116213387136
Module declaration names may only use ' or " quoted strings., 1443, 1, 7920, 3805, 809, 0.0017600169479687184
An arithmetic operand must be of type 'any', 'number', 'bigint' or an enum type., 2356, 1, 7603, 5270, 624, 0.00243765816446653
The operand of an increment or decrement operator must be a variable or a property access., 2357, 1, 6518, 3119, 377, 0.0014427050882298116
A 'return' statement can only be used within a function body., 1108, 1, 6296, 5585, 1068, 0.0025833625898568444
Expected corresponding JSX closing tag for 'div'., 17002, 1, 5966, 3842, 21, 0.0017771314360304378
Cannot find module '18Awesome.json'. Consider using '--resolveJsonModule' to import module with '.json' extension., 2732, 1, 5810, 5186, 515, 0.0023988036510291127
Value of type 'typeof URL' is not callable. Did you mean to include 'new'?, 2348, 1, 5356, 4350, 755, 0.002012108731580532
Type 'void' is not an array type., 2461, 1, 5322, 4401, 1964, 0.0020356989718818214
Cannot find namespace 'an'., 2503, 1, 5081, 2418, 1215, 0.0011184549225199372
Argument of type 'Buffer' is not assignable to parameter of type 'string'., 2345, 1, 4629, 3692, 503, 0.0017077483763207643
Function implementation is missing or not immediately following the declaration., 2391, 1, 4441, 874, 50739, 0.0004042719612416977
The left-hand side of an assignment expression must be a variable or a property access., 2364, 1, 4031, 1921, 481, 0.0008885657180152189
Unexpected token. A constructor, method, accessor, or property was expected., 1068, 1, 3830, 2782, 1652, 0.001286824480748745
Cannot assign to 'version' because it is a constant., 2588, 1, 3724, 2435, 1754, 0.0011263183359537003
An element access expression should take an argument., 1011, 1, 3576, 2012, 1081, 0.0009306581075724209
Type expected., 1110, 1, 3465, 2477, 2356, 0.0011457455926724089
'import ... =' can only be used in TypeScript files., 8002, 1, 3232, 2362, 1215, 0.001092551913561659
Duplicate function implementation., 2393, 1, 3036, 1153, 5040, 0.0005333244523016905
The value 'null' cannot be used here., 18050, 1, 2946, 1819, 1501, 0.0008413852374126409
This comparison appears to be unintentional because the types '() => string' and 'string' have no overlap., 2367, 1, 2910, 1698, 760, 0.0007854162359135043
Parameter modifiers can only be used in TypeScript files., 8012, 1, 2897, 2234, 2092, 0.0010333450359427377
Array element destructuring pattern expected., 1181, 1, 2821, 1769, 5128, 0.0008182575508427497
'$cssName' refers to a value, but is being used as a type here. Did you mean 'typeof $cssName'?, 2749, 1, 2674, 1892, 1081, 0.000875151659804682
Type '{ id: string; value: number; }' cannot be used as an index type., 2538, 1, 2668, 1652, 2344, 0.0007641387642692044
Cannot assign to 'order' because it is a function., 2630, 1, 2655, 2380, 96, 0.00110087788072682
The operand of a 'delete' operator must be a property reference., 2703, 1, 2515, 1864, 51, 0.000862200155325543
'const' is not allowed as a variable declaration name., 1389, 1, 2354, 1682, 747, 0.0007780153762111391
'*/' expected., 1010, 1, 2344, 2344, 39, 0.0010842259463964984
An expression of type 'void' cannot be tested for truthiness., 1345, 1, 2279, 1985, 4322, 0.0009181691568246797
Expression or comma expected., 1137, 1, 2251, 1383, 627, 0.0006397118105231899
Index signature in type 'String' only permits reading., 2542, 1, 2228, 854, 4152, 0.00039502088661374124
No overload matches this call., 2769, 1, 2178, 1688, 232, 0.0007807906985995261
A module cannot have multiple default exports., 2528, 1, 2019, 722, 3770, 0.00033396379406922856
Unable to resolve signature of class decorator when called as an expression., 1238, 1, 1922, 1773, 4826, 0.000820107765768341
Type 'IArguments' can only be iterated through when using the '--downlevelIteration' flag or with a '--target' of 'es2015' or higher., 2802, 1, 1912, 1542, 840, 0.0007132578538154438
A 'yield' expression is only allowed in a generator body., 1163, 1, 1901, 1285, 20589, 0.0005943815448462031
The '|' operator is not allowed for boolean types. Consider using '||' instead., 2447, 1, 1892, 1084, 1776, 0.0005014082448352407
'cropper' is possibly 'undefined'., 18048, 1, 1725, 888, 1105, 0.0004107477134812673
Property or signature expected., 1131, 1, 1606, 648, 8306, 0.0002997348179457896
'{' or ';' expected., 1144, 1, 1603, 1255, 1652, 0.0005805049329042685
Digit expected., 1124, 1, 1557, 721, 377, 0.00033350124033783074
Identifier expected. 'in' is a reserved word that cannot be used here., 1359, 1, 1531, 1027, 2288, 0.0004750426821455647
String literal expected., 1141, 1, 1515, 1418, 4179, 0.0006559011911221138
Cannot use namespace 'to' as a value., 2708, 1, 1394, 532, 5917, 0.0002460785851036421
An object literal cannot have multiple properties with the same name., 1117, 1, 1373, 894, 4955, 0.0004135230358696542
'implements' clauses can only be used in TypeScript files., 8005, 1, 1371, 1333, 5116, 0.0006165841239532987
This expression is not constructable., 2351, 1, 1360, 1126, 153, 0.0005208355015539493
Type arguments can only be used in TypeScript files., 8011, 1, 1309, 1069, 1652, 0.0004944699388642733
Individual declarations in merged declaration 'two' must be all exported or all local., 2395, 1, 1308, 347, 2053, 0.00016050614479504475
Augmentations for the global scope should have 'declare' modifier unless they appear in already ambient context., 2670, 1, 1306, 951, 6442, 0.0004398885985593301
Augmentations for the global scope can only be directly nested in external modules or ambient module declarations., 2669, 1, 1268, 924, 6679, 0.0004273996478115889
JSX spread child must be an array type., 2609, 1, 1255, 857, 5154, 0.00039640854780793476
'await' expressions are only allowed at the top level of a file when that file is a module, but this file has no imports or exports. Consider adding an empty 'export {}' to make this file a module., 1375, 1, 1243, 826, 2514, 0.0003820693821346022
This condition will always return 'true' since JavaScript compares objects by reference, not value., 2839, 1, 1205, 781, 5939, 0.0003612544642217002
Only a void function can be called with the 'new' keyword., 2350, 1, 1134, 1061, 887, 0.0004907695090130907
A parameter initializer is only allowed in a function or constructor implementation., 2371, 1, 1114, 517, 14895, 0.00023914027913267476
Spread types may only be created from object types., 2698, 1, 1008, 869, 14348, 0.0004019591925847086
Module '"fs"' has no default export., 1192, 1, 982, 960, 3156, 0.00044405158214191057
Module '"path"' can only be default-imported using the 'esModuleInterop' flag, 1259, 1, 972, 959, 3412, 0.00044358902841051275
Type parameter declarations can only be used in TypeScript files., 8004, 1, 966, 754, 5119, 0.0003487655134739589
'{' or JSX element expected., 1145, 1, 864, 639, 3325, 0.0002955718343632092
'MyElement' is referenced directly or indirectly in its own base expression., 2506, 1, 860, 855, 5910, 0.0003954834403451391
A spread argument must either have a tuple type or be passed to a rest parameter., 2556, 1, 859, 714, 6062, 0.000330263364218046
Unable to resolve signature of property decorator when called as an expression., 1240, 1, 825, 519, 4224, 0.0002400653865954704
Parameter declaration expected., 1138, 1, 774, 520, 5175, 0.00024052794032686822
A function whose declared type is neither 'void' nor 'any' must return a value., 2355, 1, 772, 427, 7395, 0.00019751044330687062
A computed property name must be of type 'string', 'number', 'symbol', or 'any'., 2464, 1, 750, 663, 11162, 0.000306673123916757
Initializer provides no value for this binding element and the binding element has no default value., 2525, 1, 696, 265, 11269, 0.00012257673882042322
Top-level 'for await' loops are only allowed when the 'module' option is set to 'es2022', 'esnext', 'system', 'node16', or 'nodenext', and the 'target' option is set to 'es2017' or higher., 1432, 1, 680, 625, 6742, 0.0002890960821236397
Super calls are not permitted outside constructors or in nested functions inside constructors., 2337, 1, 562, 541, 1988, 0.0002502415686862225
'const' declarations must be initialized., 1155, 1, 561, 376, 1578, 0.00017392020300558163
Class 'AppComponent' used before its declaration., 2449, 1, 557, 289, 11549, 0.00013367802837397098
JSX element type 'LoadableBar' does not have any construct or call signatures., 2604, 1, 549, 469, 3378, 0.00021693770002557922
Qualified name 'bitcoinjs-lib.KeyPair' is not allowed without a leading '@param {object} bitcoinjs-lib'., 8032, 1, 540, 157, 67173, 0.00007262093582945828
Property 'minus' does not exist on type 'Math'. Did you mean 'min'?, 2551, 1, 539, 414, 12126, 0.00019149724479869892
'(Missing)' is an unused renaming of 'type'. Did you intend to use it as a type annotation?, 2842, 1, 529, 201, 12746, 0.00009297330001096252
Private identifiers are not allowed outside class bodies., 18016, 1, 509, 237, 74370, 0.00010962523434128417
Cannot redeclare exported variable 'default'., 2323, 1, 486, 174, 5546, 0.00008048434926322129
An object member cannot be declared optional., 1162, 1, 471, 119, 4756, 0.00005504389403634099
Property 'prefix' is missing in type '{ base: string; perpage: number; posts: number[]; }' but required in type '{ base: string; perpage: number; posts: number[]; prefix: string; }'., 2741, 1, 466, 378, 8556, 0.0001748453104683773
Cannot invoke an object which is possibly 'undefined'., 2722, 1, 456, 365, 19587, 0.00016883211196020556
JSDoc '@param' tag has name 'domain', but there is no parameter with that name., 8024, 1, 455, 210, 15478, 0.00009713628359354294
Function with bodies can only merge with classes that are ambient., 2814, 1, 428, 68, 5546, 0.000031453653735052
Merge conflict marker encountered., 1185, 1, 417, 386, 2597, 0.00017854574031955987
Unable to resolve signature of method decorator when called as an expression., 1241, 1, 415, 316, 22244, 0.00014616697912171224
Type 'Date' is missing the following properties from type 'DateConstructor': prototype, parse, UTC, now, 2739, 1, 398, 338, 7882, 0.00015634316121246433
'return' tag already specified., 1223, 1, 397, 122, 52541, 0.000056431555230534464
'static' modifier cannot appear on a module or namespace element., 1044, 1, 394, 276, 14951, 0.00012766482986579928
'super' can only be referenced in members of derived classes or object literal expressions., 2660, 1, 358, 269, 1988, 0.00012442695374601453
Trailing comma not allowed., 1009, 1, 358, 321, 4379, 0.00014847974777870135
Property destructuring pattern expected., 1180, 1, 349, 251, 45866, 0.0001161009865808537
The 'import.meta' meta-property is only allowed when the '--module' option is 'es2020', 'es2022', 'esnext', 'system', 'node16', or 'nodenext'., 1343, 1, 346, 270, 2919, 0.00012488950747741235
Constructor implementation is missing., 2390, 1, 345, 298, 14254, 0.0001378410119565514
An import path cannot end with a '.ts' extension. Consider importing '@555platform/Author' instead., 2691, 1, 333, 292, 4810, 0.00013506568956816447
Type 'void' is not a constructor function type., 2507, 1, 332, 322, 10633, 0.00014894230151009917
Function type, which lacks return-type annotation, implicitly has an 'any' return type., 7014, 1, 321, 231, 5175, 0.00010684991195289722
An unary expression with the '-' operator is not allowed in the left-hand side of an exponentiation expression. Consider enclosing the expression in parentheses., 17006, 1, 313, 203, 12317, 0.00009389840747375817
'const' declarations can only be declared inside a block., 1156, 1, 308, 284, 37333, 0.00013136525971698188
Numeric separators are not allowed here., 6188, 1, 302, 180, 12323, 0.00008325967165160823
Type 'TemplateStringsArray' has no properties in common with type 'RunOptions'., 2559, 1, 294, 269, 809, 0.00012442695374601453
Type 'void' is not an array type or a string type., 2495, 1, 282, 259, 1556, 0.00011980141643203629
Type alias name cannot be 'ɵɵFactoryDef'., 2457, 1, 274, 187, 12991, 0.00008649754777139299
'for' is not allowed as a parameter name., 1390, 1, 259, 172, 26198, 0.00007955924180042564
Hexadecimal digit expected., 1125, 1, 244, 131, 84, 0.000060594538813114876
'with' statements are not allowed in strict mode., 1101, 1, 239, 157, 19536, 0.00007262093582945828
JSX attributes must only be assigned a non-empty 'expression'., 17000, 1, 229, 206, 6586, 0.00009528606866795164
The body of an 'if' statement cannot be the empty statement., 1313, 1, 222, 157, 48960, 0.00007262093582945828
Type 'InputType' is not generic., 2315, 1, 221, 163, 3790, 0.00007539625821784523
Enum declarations can only merge with namespace or other enum declarations., 2567, 1, 221, 77, 6030, 0.00003561663731763241
Circular definition of import alias 'the'., 2303, 1, 221, 85, 9423, 0.000039317067168814994
Duplicate identifier 'exports'. Compiler reserves name 'exports' in top level scope of a module., 2441, 1, 220, 214, 25291, 0.00009898649851913423
Decorators are not valid here., 1206, 1, 217, 133, 134802, 0.00006151964627591052
Expected '=' for property initializer., 1442, 1, 216, 146, 5119, 0.00006753284478408224
Declaration or statement expected. This '=' follows a block of statements, so if you intended to write a destructuring assignment, you might need to wrap the the whole assignment in parentheses., 2809, 1, 214, 180, 19587, 0.00008325967165160823
Cannot assign to 'A' because it is a class., 2629, 1, 213, 196, 14704, 0.00009066053135397341
A 'this' parameter must be the first parameter., 2680, 1, 209, 206, 75129, 0.00009528606866795164
'super' must be followed by an argument list or member access., 1034, 1, 196, 144, 21677, 0.00006660773732128658
Type parameter declaration expected., 1139, 1, 195, 166, 5119, 0.0000767839194120387
The left-hand side of an 'instanceof' expression must be of type 'any', an object type or a type parameter., 2358, 1, 188, 125, 2976, 0.000057819216424727935
'case' or 'default' expected., 1130, 1, 185, 115, 21607, 0.0000531936791107497
Type '{}' is missing the following properties from type 'Process': stdout, stderr, stdin, openStdin, and 50 more., 2740, 1, 183, 172, 14313, 0.00007955924180042564
Cannot find type definition file for 'cypress'., 2688, 1, 174, 174, 46075, 0.00008048434926322129
JSDoc '@extends' is not attached to a class., 8022, 1, 169, 80, 104599, 0.00003700429851182588
An arrow function cannot have a 'this' parameter., 2730, 1, 168, 165, 75129, 0.00007632136568064088
Property 'replaceAll' does not exist on type '"Test abc test test abc test."'. Do you need to change your target library? Try changing the 'lib' compiler option to 'es2021' or later., 2550, 1, 168, 99, 87068, 0.000045792819408384527
JSX fragment has no corresponding closing tag., 17014, 1, 162, 84, 15175, 0.00003885451343741717
Cannot find name 'await'. Did you mean to write this in an async function?, 2311, 1, 147, 94, 2512, 0.000043480050751395406
Type 'ObjectConstructor' is not a valid async function return type in ES5/ES3 because it does not refer to a Promise-compatible constructor value., 1055, 1, 145, 96, 12648, 0.000044405158214191056
Namespace name cannot be 'with'., 2819, 1, 141, 135, 45220, 0.00006244475373870617
A 'get' accessor must return a value., 2378, 1, 140, 94, 11792, 0.000043480050751395406
Subsequent property declarations must have the same type.  Property 'state' must be of type 'string', but here has type '"Texas" | "Alabama" | "California" | "other"'., 2717, 1, 140, 75, 35907, 0.00003469152985483676
Tuple type '[]' of length '0' has no element at index '0'., 2493, 1, 134, 44, 122564, 0.000020352364181504233
File '../node_modules/ptz-user-app/src/typings/index.d.ts' not found., 6053, 1, 129, 112, 15282, 0.00005180601791655623
The right-hand side of a 'for...in' statement must be of type 'any', an object type or a type parameter, but here has type 'number'., 2407, 1, 123, 112, 3179, 0.00005180601791655623
Statement expected., 1129, 1, 123, 77, 8452, 0.00003561663731763241
'catch' or 'finally' expected., 1472, 1, 119, 118, 35937, 0.00005458134030494317
Binary digit expected., 1177, 1, 118, 81, 452, 0.0000374668522432237
'#!' can only be used at the start of a file., 18026, 1, 116, 106, 1554, 0.00004903069552816929
'export =' can only be used in TypeScript files., 8003, 1, 110, 98, 30442, 0.000045330265676986705
Merged declaration 'User' cannot include a default export declaration. Consider adding a separate 'export default User' declaration instead., 2652, 1, 109, 45, 114705, 0.000020814917912902057
Identifier expected. 'let' is a reserved word in strict mode. Modules are automatically in strict mode., 1214, 1, 108, 83, 19538, 0.00003839195970601935
A 'this' type is available only in a non-static member of a class or interface., 2526, 1, 107, 83, 38852, 0.00003839195970601935
Type 'string' is not comparable to type '() => string'., 2678, 1, 103, 39, 338148, 0.000018039595524515116
'super' can only be referenced in a derived class., 2335, 1, 102, 100, 69000, 0.00004625537313978235
The 'with' statement is not supported. All symbols in a 'with' block will have type 'any'., 2410, 1, 101, 86, 171441, 0.00003977962090021282
Multiple consecutive numeric separators are not permitted., 6189, 1, 101, 24, 225763, 0.000011101289553547764
Meta-property 'new.target' is only allowed in the body of a function declaration, function expression, or constructor., 17013, 1, 100, 82, 55782, 0.000037929405974621524
Property 'foo' of type 'string' is not assignable to 'string' index type 'number'., 2411, 1, 97, 7, 883198, 0.0000032378761197847644
The right-hand side of an 'instanceof' expression must be of type 'any' or of a type assignable to the 'Function' interface type., 2359, 1, 93, 48, 76793, 0.000022202579107095528
All declarations of 'state' must have identical modifiers., 2687, 1, 91, 38, 35907, 0.000017577041793117294
A type literal property cannot have an initializer., 1247, 1, 90, 20, 76491, 0.00000925107462795647
Enum 'S3PBAttributeType' used before its declaration., 2450, 1, 88, 22, 1637, 0.000010176182090752116
Type annotation cannot appear on a constructor declaration., 1093, 1, 88, 74, 87070, 0.00003422897612343894
Generic type 'Required' requires 1 type argument(s)., 2314, 1, 87, 55, 141084, 0.000025440455226880294
Constructor of class 'Channel' is private and only accessible within the class declaration., 2673, 1, 82, 63, 226921, 0.00002914088507806288
Cannot assign to 'fields' because it is a read-only property., 2540, 1, 81, 73, 13666, 0.00003376642239204112
Property 'testNested' is used before its initialization., 2729, 1, 77, 52, 4225, 0.000024052794032686823
Interface name cannot be 'with'., 2427, 1, 77, 50, 9031, 0.000023127686569891174
Property 'matchesWith' does not exist on type 'BaseClass'. Did you mean to access the static member 'BaseClass.matchesWith' instead?, 2576, 1, 77, 48, 45853, 0.000022202579107095528
Conversion of type 'void' to type 'UserModel' may be a mistake because neither type sufficiently overlaps with the other. If this was intentional, convert the expression to 'unknown' first., 2352, 1, 77, 44, 106280, 0.000020352364181504233
Class declaration cannot implement overload list for 'default'., 2813, 1, 73, 68, 5546, 0.000031453653735052
A computed property name in a type literal must refer to an expression whose type is a literal type or a 'unique symbol' type., 1170, 1, 72, 40, 179833, 0.00001850214925591294
An enum member name must be followed by a ',', '=', or '}'., 1357, 1, 71, 27, 194745, 0.000012488950747741235
A class declaration without the 'default' modifier must have a name., 1211, 1, 70, 67, 46158, 0.00003099110000365418
Function type notation must be parenthesized when used in a union type., 1385, 1, 66, 39, 87127, 0.000018039595524515116
Type parameter name cannot be 'string'., 2368, 1, 63, 39, 28765, 0.000018039595524515116
Unable to resolve signature of parameter decorator when called as an expression., 1239, 1, 60, 55, 27980, 0.000025440455226880294
Object is possibly 'null'., 2531, 1, 59, 46, 3690, 0.000021277471644299882
Ambient modules cannot be nested in other modules or namespaces., 2435, 1, 58, 52, 62897, 0.000024052794032686823
Variable declaration not allowed at this location., 1440, 1, 56, 49, 101849, 0.000022665132838493353
'browser' is possibly 'null'., 18047, 1, 56, 43, 118831, 0.00001988981045010641
JSX elements cannot have multiple attributes with the same name., 17001, 1, 51, 50, 149891, 0.000023127686569891174
A destructuring declaration must have an initializer., 1182, 1, 50, 42, 164213, 0.000019427256718708586
The type of a function declaration must match the function's signature., 8030, 1, 49, 35, 219234, 0.000016189380598923824
'await' expressions are only allowed within async functions and at the top levels of modules., 1308, 1, 45, 19, 5098, 0.000008788520896558647
Cannot use namespace 'read' as a type., 2709, 1, 45, 37, 68994, 0.00001711448806171947
Parameter cannot have question mark and initializer., 1015, 1, 43, 30, 87070, 0.000013876611941934705
Rest types may only be created from object types., 2700, 1, 41, 40, 31225, 0.00001850214925591294
Property 'closed' in type 'Readable' is not assignable to the same property in base type 'Readable'., 2416, 1, 39, 31, 14254, 0.000014339165673332528
Cannot invoke an object which is possibly 'null'., 2721, 1, 39, 35, 162285, 0.000016189380598923824
An import declaration can only be used at the top level of a module., 1473, 1, 35, 32, 68079, 0.000014801719404730351
Duplicate index signature for type 'string'., 2374, 1, 35, 7, 671569, 0.0000032378761197847644
A class member cannot have the 'const' keyword., 1248, 1, 34, 31, 1319, 0.000014339165673332528
Setters cannot return a value., 2408, 1, 34, 23, 4225, 0.000010638735822149941
Static property 'name' conflicts with built-in property 'Function.name' of constructor function 'CollectionName'., 2699, 1, 33, 30, 26290, 0.000013876611941934705
The left-hand side of a 'for...in' statement must be of type 'string' or 'any'., 2405, 1, 33, 29, 410464, 0.00001341405821053688
Parameter 'severity' cannot reference itself., 2372, 1, 32, 29, 65958, 0.00001341405821053688
Declaration name conflicts with built-in global identifier 'globalThis'., 2397, 1, 32, 31, 87118, 0.000014339165673332528
JSDoc '@typedef' tag should either have a type annotation or be followed by '@property' or '@member' tags., 8021, 1, 31, 24, 76773, 0.000011101289553547764
Invalid module name in augmentation, module 'deck.gl' cannot be found., 2664, 1, 31, 30, 94365, 0.000013876611941934705
Namespace '"inspector".Schema' has no exported member 'Types'., 2694, 1, 31, 22, 305363, 0.000010176182090752116
Variable 'chart' is used before being assigned., 2454, 1, 31, 17, 662848, 0.000007863413433763
Expected at least 1 arguments, but got 0., 2555, 1, 30, 22, 10218, 0.000010176182090752116
Object literal may only specify known properties, and '"args"' does not exist in type '{ name: any; }'., 2353, 1, 30, 12, 88585, 0.000005550644776773882
Cannot assign to 'undefined' because it is not a variable., 2539, 1, 29, 12, 545181, 0.000005550644776773882
Export declaration conflicts with exported declaration of 'LogoutEvent'., 2484, 1, 28, 17, 79772, 0.000007863413433763
A binding pattern parameter cannot be optional in an implementation signature., 2463, 1, 27, 20, 141910, 0.00000925107462795647
Invalid use of 'arguments'. Modules are automatically in strict mode., 1215, 1, 27, 23, 245882, 0.000010638735822149941
'delete' cannot be called on an identifier in strict mode., 1102, 1, 27, 22, 253181, 0.000010176182090752116
Assertions require the call target to be an identifier or qualified name., 2776, 1, 27, 19, 261182, 0.000008788520896558647
Cannot export 'undefined'. Only local declarations can be exported from a module., 2661, 1, 25, 18, 24406, 0.000008325967165160823
'state' is referenced directly or indirectly in its own type annotation., 2502, 1, 25, 18, 27566, 0.000008325967165160823
All declarations of 'Iterator' must have identical type parameters., 2428, 1, 25, 13, 87147, 0.000006013198508171706
An object literal cannot have property and accessor with the same name., 1119, 1, 25, 24, 109167, 0.000011101289553547764
JSX expressions may not use the comma operator. Did you mean to write an array?, 18007, 1, 24, 23, 30738, 0.000010638735822149941
Module '"cluster"' has no exported member 'isMaster'. Did you mean to use 'import isMaster from "cluster"' instead?, 2614, 1, 23, 23, 64850, 0.000010638735822149941
'for await' loops are only allowed at the top level of a file when that file is a module, but this file has no imports or exports. Consider adding an empty 'export {}' to make this file a module., 1431, 1, 23, 21, 90580, 0.000009713628359354293
Duplicate label 'uri'., 1114, 1, 22, 13, 209175, 0.000006013198508171706
The '+' operator cannot be applied to type 'symbol'., 2469, 1, 21, 15, 59691, 0.000006938305970967353
It is likely that you are missing a comma to separate these two template expressions. They form a tagged template expression which cannot be invoked., 2796, 1, 21, 17, 70990, 0.000007863413433763
'async' modifier cannot be used here., 1042, 1, 21, 21, 93848, 0.000009713628359354293
'static' modifier must precede 'async' modifier., 1029, 1, 21, 21, 288538, 0.000009713628359354293
JSDoc '@extends superhero' does not match the 'extends Dispatcher' clause., 8023, 1, 21, 21, 388552, 0.000009713628359354293
A required parameter cannot follow an optional parameter., 1016, 1, 20, 20, 75682, 0.00000925107462795647
'Number' accepts too few arguments to be used as a decorator here. Did you mean to call it first and write '@Number()'?, 1329, 1, 20, 16, 140862, 0.000007400859702365176
'parseBootstrap' is not a valid meta-property for keyword 'import'. Did you mean 'meta'?, 17012, 1, 18, 17, 61574, 0.000007863413433763
A rest parameter must be last in a parameter list., 1014, 1, 18, 14, 64430, 0.000006475752239569529
A computed property name in a class property declaration must have a simple literal type or a 'unique symbol' type., 1166, 1, 18, 13, 72435, 0.000006013198508171706
An index signature parameter type must be 'string', 'number', 'symbol', or a template literal type., 1268, 1, 18, 14, 115899, 0.000006475752239569529
Type satisfaction expressions can only be used in TypeScript files., 8037, 1, 18, 14, 400519, 0.000006475752239569529
Private identifiers are not allowed in variable declarations., 18029, 1, 18, 11, 460965, 0.000005088091045376058
'async' modifier cannot appear on a type member., 1070, 1, 17, 7, 461275, 0.0000032378761197847644
Expected corresponding closing tag for JSX fragment., 17015, 1, 16, 16, 15175, 0.000007400859702365176
Type alias 'requestErrorLog' circularly references itself., 2456, 1, 16, 16, 64147, 0.000007400859702365176
Decorators must precede the name and all keywords of property declarations., 1436, 1, 16, 16, 87171, 0.000007400859702365176
'Point' only refers to a type, but is being used as a namespace here., 2702, 1, 15, 15, 232785, 0.000006938305970967353
A 'get' accessor cannot have parameters., 1054, 1, 15, 10, 1094343, 0.000004625537313978235
Return type of constructor signature must be assignable to the instance type of the class., 2409, 1, 14, 14, 14499, 0.000006475752239569529
Type 'MUITextInputProperties' recursively references itself as a base type., 2310, 1, 14, 14, 59679, 0.000006475752239569529
A rest parameter must be of an array type., 2370, 1, 14, 13, 431881, 0.000006013198508171706
Duplicate identifier 'arguments'. Compiler uses 'arguments' to initialize rest parameters., 2396, 1, 14, 10, 532091, 0.000004625537313978235
Assertions require every name in the call target to be declared with an explicit type annotation., 2775, 1, 14, 1, 1603408, 4.625537313978235e-7
Cannot start a function call in a type annotation., 1441, 1, 13, 13, 434696, 0.000006013198508171706
Types cannot appear in export declarations in JavaScript files., 18043, 1, 13, 10, 490897, 0.000004625537313978235
Required type parameters may not follow optional type parameters., 2706, 1, 12, 7, 10064, 0.0000032378761197847644
Type argument list cannot be empty., 1099, 1, 12, 11, 22468, 0.000005088091045376058
An interface property cannot have an initializer., 1246, 1, 12, 2, 102091, 9.25107462795647e-7
A parameter property is only allowed in a constructor implementation., 2369, 1, 12, 11, 166400, 0.000005088091045376058
Cannot use 'this' in a static property initializer of a decorated class., 2816, 1, 12, 3, 244023, 0.0000013876611941934705
Value of type '(error: any, result: any) => any' has no properties in common with type 'RunOptions'. Did you mean to call it?, 2560, 1, 12, 12, 850421, 0.000005550644776773882
Dynamic import's specifier must be of type 'string', but here has type '{ onBoundary: (doc: any, cb: any) => void; onFinish: (err: any) => void; }'., 7036, 1, 11, 11, 49950, 0.000005088091045376058
'AddressInfo' is a type and cannot be imported in JavaScript files. Use 'import("net").AddressInfo' in a JSDoc type annotation., 18042, 1, 11, 9, 53181, 0.000004162983582580411
Cannot find parameter 'error'., 1225, 1, 11, 11, 81455, 0.000005088091045376058
A rest element type must be an array type., 2574, 1, 11, 8, 306651, 0.000003700429851182588
Type 'String' has no matching index signature for type 'string'., 2537, 1, 11, 7, 576567, 0.0000032378761197847644
'let' is not allowed to be used as a name in 'let' or 'const' declarations., 2480, 1, 10, 10, 19538, 0.000004625537313978235
A 'declare' modifier cannot be used in an already ambient context., 1038, 1, 10, 7, 116430, 0.0000032378761197847644
Cannot find name 'props'. Did you mean the instance member 'this.props'?, 2663, 1, 10, 7, 122617, 0.0000032378761197847644
Implicit conversion of a 'symbol' to a 'string' will fail at runtime. Consider wrapping this expression in 'String(...)'., 2731, 1, 10, 9, 195383, 0.000004162983582580411
'await' expressions cannot be used in a parameter initializer., 2524, 1, 10, 2, 257187, 9.25107462795647e-7
A 'continue' statement can only be used within an enclosing iteration statement., 1104, 1, 10, 10, 315187, 0.000004625537313978235
Constructor of class 'Interface' is protected and only accessible within the class declaration., 2674, 1, 10, 9, 701205, 0.000004162983582580411
Duplicate identifier 'Promise'. Compiler reserves name 'Promise' in top level scope of a module containing async functions., 2529, 1, 9, 9, 83994, 0.000004162983582580411
Identifier expected. 'interface' is a reserved word in strict mode. Class definitions are automatically in strict mode., 1213, 1, 9, 5, 112381, 0.0000023127686569891176
The left-hand side of a 'for...in' statement cannot be a destructuring pattern., 2491, 1, 9, 6, 136023, 0.000002775322388386941
This condition will always return 'false'., 2845, 1, 9, 9, 185455, 0.000004162983582580411
Parameter 'columnsArr' cannot reference identifier 'colKey' declared after it., 2373, 1, 9, 9, 307170, 0.000004162983582580411
An enum member cannot have a numeric name., 2452, 1, 9, 4, 352985, 0.000001850214925591294
'RequestMethod' cannot be used as a value because it was imported using 'import type'., 1361, 1, 9, 8, 375843, 0.000003700429851182588
Did you mean to use a ':'? An '=' can only follow a property name when the containing object literal is part of a destructuring pattern., 1312, 1, 9, 4, 847207, 0.000001850214925591294
Function implementation name must be 'a'., 2389, 1, 9, 9, 883761, 0.000004162983582580411
Property 'comments' is private and only accessible within class 'MyVisitor'., 2341, 1, 8, 7, 25427, 0.0000032378761197847644
'"stream"' has no exported member named 'Writeable'. Did you mean 'Writable'?, 2724, 1, 8, 8, 35119, 0.000003700429851182588
Variable declaration list cannot be empty., 1123, 1, 8, 8, 111113, 0.000003700429851182588
Private identifiers cannot be used as parameters., 18009, 1, 8, 6, 232693, 0.000002775322388386941
A rest parameter or binding pattern may not have a trailing comma., 1013, 1, 8, 8, 472037, 0.000003700429851182588
An overload signature cannot be declared as a generator., 1222, 1, 8, 8, 954017, 0.000003700429851182588
Multiple constructor implementations are not allowed., 2392, 1, 8, 3, 1097288, 0.0000013876611941934705
Line terminator not permitted before arrow., 1200, 1, 7, 6, 153188, 0.000002775322388386941
File 'D:/Documents/GitHub/node_code_correction/node_modules/@types/node/index.d.ts' is not a module., 2306, 1, 7, 7, 204992, 0.0000032378761197847644
Ambient module declaration cannot specify relative module name., 2436, 1, 7, 7, 249677, 0.0000032378761197847644
Code contained in a class is evaluated in JavaScript's strict mode which does not allow this use of 'arguments'. For more information, see https://developer.mozilla.org/en-US/docs/Web/JavaScript/Reference/Strict_mode., 1210, 1, 7, 4, 973345, 0.000001850214925591294
'super' must be called before accessing 'this' in the constructor of a derived class., 17009, 1, 7, 3, 978433, 0.0000013876611941934705
Decorators cannot be applied to multiple get/set accessors of the same name., 1207, 1, 6, 6, 305521, 0.000002775322388386941
Namespace must be given a name., 1437, 1, 6, 6, 401627, 0.000002775322388386941
Interface must be given a name., 1438, 1, 6, 6, 442999, 0.000002775322388386941
This expression is not callable because it is a 'get' accessor. Did you mean to use it without '()'?, 6234, 1, 5, 5, 326791, 0.0000023127686569891176
Decorator function return type 'Promise<any[]>' is not assignable to type 'void | TypedPropertyDescriptor<(a: any, b: any) => any>'., 1270, 1, 5, 5, 484156, 0.0000023127686569891176
Global module exports may only appear in module files., 1314, 1, 5, 5, 685864, 0.0000023127686569891176
Class static side 'typeof CircleDef' incorrectly extends base class static side 'typeof ShapeDef'., 2417, 1, 5, 4, 869369, 0.000001850214925591294
Decorator function return type is 'Buffer' but is expected to be 'void' or 'any'., 1271, 1, 5, 1, 1819369, 4.625537313978235e-7
Dynamic imports only support a second argument when the '--module' option is set to 'esnext', 'node16', or 'nodenext'., 1324, 1, 4, 4, 61573, 0.000001850214925591294
Module '"fs"' has no default export. Did you mean to use 'import { readFile } from "fs"' instead?, 2613, 1, 4, 4, 70024, 0.000001850214925591294
Enum member expected., 1132, 1, 4, 3, 114465, 0.0000013876611941934705
Only ambient modules can use quoted names., 1035, 1, 4, 3, 243348, 0.0000013876611941934705
Type 'void' does not satisfy the constraint '(...args: any) => any'., 2344, 1, 4, 3, 307962, 0.0000013876611941934705
Type 'Extract<keyof this, string>' cannot be used to index type '{}'., 2536, 1, 4, 4, 348264, 0.000001850214925591294
Class 'ApplicationError' incorrectly extends base class 'Error'., 2415, 1, 4, 3, 525735, 0.0000013876611941934705
An interface can only extend an identifier/qualified-name with optional type arguments., 2499, 1, 4, 4, 554482, 0.000001850214925591294
No overload expects 4 arguments, but overloads do exist that expect either 2 or 5 arguments., 2575, 1, 4, 2, 747894, 9.25107462795647e-7
Unexpected token. A type parameter name was expected without curly braces., 1069, 1, 4, 4, 883714, 0.000001850214925591294
Unused '@ts-expect-error' directive., 2578, 1, 4, 3, 883733, 0.0000013876611941934705
File 'test.setup.html' has an unsupported extension. The only supported extensions are '.ts', '.tsx', '.d.ts', '.js', '.jsx', '.cts', '.d.cts', '.cjs', '.mts', '.d.mts', '.mjs'., 6054, 1, 4, 4, 1037521, 0.000001850214925591294
A bigint literal must be an integer., 1353, 1, 4, 4, 1140197, 0.000001850214925591294
'assert' can only be imported by using a 'require' call or by turning on the 'esModuleInterop' flag and using a default import., 2598, 1, 4, 4, 1613464, 0.000001850214925591294
A rest element must be last in a destructuring pattern., 2462, 1, 3, 3, 92865, 0.0000013876611941934705
A decorator can only decorate a method implementation, not an overload., 1249, 1, 3, 3, 112381, 0.0000013876611941934705
Cannot import type declaration files. Consider importing 'esydoc' instead of '@types/esydoc'., 6137, 1, 3, 3, 127699, 0.0000013876611941934705
Initializer of instance member variable 'runAndTellThat' cannot reference identifier 'MY_EVENT_TYPE' declared in the constructor., 2301, 1, 3, 2, 196951, 9.25107462795647e-7
Class name cannot be 'object'., 2414, 1, 3, 3, 290098, 0.0000013876611941934705
Cannot augment module 'Intl' with value exports because it resolves to a non-module entity., 2649, 1, 3, 3, 408800, 0.0000013876611941934705
The 'Object' type is assignable to very few other types. Did you mean to use the 'any' type instead?, 2696, 1, 3, 3, 452774, 0.0000013876611941934705
Type '"INCREMEN"' is not assignable to type '"@@redux/INIT" | "INCREMENT" | "DECREMENT"'. Did you mean '"INCREMENT"'?, 2820, 1, 3, 3, 574563, 0.0000013876611941934705
Abstract methods can only appear within an abstract class., 1244, 1, 3, 1, 790838, 4.625537313978235e-7
An export assignment cannot have modifiers., 1120, 1, 3, 3, 857721, 0.0000013876611941934705
JSDoc '@param' tag has name 'race', but there is no parameter with that name. It would match 'arguments' if it had an array type., 8029, 1, 3, 3, 877121, 0.0000013876611941934705
Invalid use of 'arguments' in strict mode., 1100, 1, 3, 3, 973269, 0.0000013876611941934705
A parameter property cannot be declared using a rest parameter., 1317, 1, 3, 2, 1987766, 9.25107462795647e-7
'async' modifier cannot appear on a constructor declaration., 1089, 1, 2, 2, 5098, 9.25107462795647e-7
Type parameter 'T' has a circular default., 2716, 1, 2, 2, 27564, 9.25107462795647e-7
Type of 'await' operand must either be a valid promise or must not contain a callable 'then' member., 1320, 1, 2, 2, 62468, 9.25107462795647e-7
Dynamic imports can only accept a module specifier and an optional assertion as arguments, 1450, 3, 2, 2, 241928, 9.25107462795647e-7
Catch clause variable type annotation must be 'any' or 'unknown' if specified., 1196, 1, 2, 2, 343473, 9.25107462795647e-7
The left-hand side of an assignment expression may not be an optional property access., 2779, 1, 2, 1, 370112, 4.625537313978235e-7
The 'this' context of type 'void' is not assignable to method's 'this' of type 'REPLServer'., 2684, 1, 2, 2, 378242, 9.25107462795647e-7
Could not resolve the path 'foo' with the extensions: '.ts', '.tsx', '.d.ts', '.js', '.jsx', '.cts', '.d.cts', '.cjs', '.mts', '.d.mts', '.mjs'., 6231, 1, 2, 2, 440659, 9.25107462795647e-7
Identifier expected. 'await' is a reserved word at the top-level of a module., 1262, 1, 2, 2, 486202, 9.25107462795647e-7
Type 'void' must have a '[Symbol.asyncIterator]()' method that returns an async iterator., 2504, 1, 2, 2, 548802, 9.25107462795647e-7
Line break not permitted here., 1142, 1, 2, 2, 549219, 9.25107462795647e-7
A 'set' accessor must have exactly one parameter., 1049, 1, 2, 2, 574195, 9.25107462795647e-7
Duplicate property '1'., 2718, 1, 2, 1, 643780, 4.625537313978235e-7
A default export must be at the top level of a file or module declaration., 1258, 1, 2, 1, 673661, 4.625537313978235e-7
Jump target cannot cross function boundary., 1107, 1, 2, 2, 786972, 9.25107462795647e-7
Identifier expected. 'static' is a reserved word in strict mode., 1212, 1, 2, 1, 792269, 4.625537313978235e-7
Expected 1 argument, but got 0. 'new Promise()' needs a JSDoc hint to produce a 'resolve' that can be called without arguments., 2810, 1, 2, 2, 883795, 9.25107462795647e-7
Import assertions are only supported when the '--module' option is set to 'esnext' or 'nodenext'., 2821, 1, 2, 2, 885154, 9.25107462795647e-7
Import or export declaration in an ambient module declaration cannot reference module through relative module name., 2439, 1, 2, 1, 1054147, 4.625537313978235e-7
The left-hand side of a 'for...of' statement must be a variable or a property access., 2487, 1, 2, 2, 1105500, 9.25107462795647e-7
JSDoc '...' may only appear in the last parameter of a signature., 8028, 1, 2, 1, 1195117, 4.625537313978235e-7
This member cannot have a JSDoc comment with an '@override' tag because its containing class 'ReactNativeViewController' does not extend another class., 4121, 1, 2, 2, 1400285, 9.25107462795647e-7
Operator '+' cannot be applied to type 'bigint'., 2736, 1, 2, 1, 1824920, 4.625537313978235e-7
A rest parameter cannot be optional., 1047, 1, 2, 2, 1887230, 9.25107462795647e-7
Interface declaration cannot have 'implements' clause., 1176, 1, 1, 1, 347662, 4.625537313978235e-7
An index signature must have exactly one parameter., 1096, 1, 1, 1, 554881, 4.625537313978235e-7
Module '"module"' uses 'export =' and cannot be used with 'export *'., 2498, 1, 1, 1, 575315, 4.625537313978235e-7
Property '1' was also declared here., 2733, 1, 1, 1, 643780, 4.625537313978235e-7
Type 'void' must have a '[Symbol.iterator]()' method that returns an iterator., 2488, 1, 1, 1, 701230, 4.625537313978235e-7
Pattern '*.css[*.less/*.scss]' can have at most one '*' character., 5061, 1, 1, 1, 751644, 4.625537313978235e-7
'this' cannot be referenced in a module or namespace body., 2331, 1, 1, 1, 874259, 4.625537313978235e-7
Unexpected end of text., 1126, 1, 1, 1, 909014, 4.625537313978235e-7
The type 'readonly any[]' is 'readonly' and cannot be assigned to the mutable type 'any[]'., 4104, 1, 1, 1, 946025, 4.625537313978235e-7
An index signature parameter type cannot be a literal type or generic type. Consider using a mapped object type instead., 1337, 1, 1, 1, 950069, 4.625537313978235e-7
A bigint literal cannot use exponential notation., 1352, 1, 1, 1, 992007, 4.625537313978235e-7
Invalid 'reference' directive syntax., 1084, 1, 1, 1, 1063710, 4.625537313978235e-7
Statements are not allowed in ambient contexts., 1036, 1, 1, 1, 1103112, 4.625537313978235e-7
Base constructors must all have the same return type., 2510, 1, 1, 1, 1153913, 4.625537313978235e-7
The operand of an increment or decrement operator may not be an optional property access., 2777, 1, 1, 1, 1192163, 4.625537313978235e-7
Export declarations are not permitted in a namespace., 1194, 1, 1, 1, 1194050, 4.625537313978235e-7
Property 'start' does not exist on type 'Node'. Try changing the 'lib' compiler option to include 'dom'., 2812, 1, 1, 1, 1269606, 4.625537313978235e-7
An enum member cannot be named with a private identifier., 18024, 1, 1, 1, 1271110, 4.625537313978235e-7
A rest parameter cannot have an initializer., 1048, 1, 1, 1, 1327934, 4.625537313978235e-7
The left-hand side of a 'for...of' statement cannot use a type annotation., 2483, 1, 1, 1, 1404928, 4.625537313978235e-7
In an enum with multiple declarations, only one declaration can omit an initializer for its first enum element., 2432, 1, 1, 1, 1496850, 4.625537313978235e-7
Class 'Resolver' defines instance member property 'resolve', but extended class 'TestResolver' defines it as instance member function., 2425, 1, 1, 1, 1621306, 4.625537313978235e-7
'let' declarations can only be declared inside a block., 1157, 1, 1, 1, 1717924, 4.625537313978235e-7
An index signature must have a type annotation., 1021, 1, 1, 1, 1738459, 4.625537313978235e-7
'extends' list cannot be empty., 1097, 1, 1, 1, 1761298, 4.625537313978235e-7
'extends' clause already seen., 1172, 1, 1, 1, 1761298, 4.625537313978235e-7
Cannot assign to 'PlayerState' because it is an enum., 2628, 1, 1, 1, 1799737, 4.625537313978235e-7
The operand of a 'delete' operator cannot be a read-only property., 2704, 1, 1, 1, 1810754, 4.625537313978235e-7
A 'break' statement can only jump to a label of an enclosing statement., 1116, 1, 1, 1, 1857267, 4.625537313978235e-7
Cannot extend a class '"crypto".Hash'. Class constructor is marked as private., 2675, 1, 1, 1, 1901991, 4.625537313978235e-7
'get' and 'set' accessors cannot declare 'this' parameters., 2784, 1, 1, 1, 1965802, 4.625537313978235e-7
An interface cannot extend a primitive type like 'number'; an interface can only extend named types and classes, 2840, 1, 1, 1, 1989206, 4.625537313978235e-7
Classes can only extend a single class., 1174, 1, 1, 1, 2015065, 4.625537313978235e-7
A constructor cannot contain a 'super' call when its class extends 'null'., 17005, 1, 1, 1, 2123401, 4.625537313978235e-7

Total errors: 14096112
Snippets without errors: 648814/2161803(0.30012632973494807)
Fixed: 602629/2161803(0.27876221838900217)
Snippets no lines: 9964/2161803(0.004609115631720374)
Code lines: 18221777
Snippets timed out: 0/2161911(0)
Snippets failed: 108/2161911(0.00004995580299096494)
Snippets lineFailed: 0/2161911(0)
