DATASET INFORMATION:
TOTAL SNIPPETS: 2161911
--------
DELETION ANALYSIS

ERROR, CODE, CATEGORY, NUM OCCURANCES, NUM AFFECTED SNIPPETS, FIRST ID, PERCENT
Cannot find name, 2304, 1, 531306, 398311, 6, 0.18424023930679848
Cannot use JSX unless the '--jsx' flag is provided., 17004, 1, 132197, 57503, 27, 0.026598227216569046
Character expected, 1005, 1, 49407, 41966, 21, 0.01941152989184106
Cannot find name 'One'. Did you mean 'one'?, 2552, 1, 39850, 35611, 162, 0.016472000928807892
Expression expected., 1109, 1, 33944, 29979, 135, 0.01386689831357535
Cannot find name 'it'. Do you need to install type definitions for a test runner? Try `npm i --save-dev @types/jest` or `npm i --save-dev @types/mocha` and then add 'jest' or 'mocha' to the types field in your tsconfig., 2593, 1, 21146, 11412, 45, 0.005278663182711962
A 'return' statement can only be used within a function body., 1108, 1, 14696, 14534, 382, 0.006722755932135967
Type annotations can only be used in TypeScript files., 8010, 1, 14540, 7793, 776, 0.0036046812287832387
Property 'setState' does not exist on type 'UnicornEditor'., 2339, 1, 13890, 10414, 371, 0.004817034558776934
Declaration or statement expected., 1128, 1, 12649, 11177, 1066, 0.005169963055833473
Top-level 'await' expressions are only allowed when the 'module' option is set to 'es2022', 'esnext', 'system', 'node16', or 'nodenext', and the 'target' option is set to 'es2017' or higher., 1378, 1, 10982, 10203, 561, 0.004719435721451993
Cannot find name 'document'. Do you need to change your target library? Try changing the 'lib' compiler option to include 'dom'., 2584, 1, 10834, 9625, 503, 0.004452079664704051
Cannot find name '$'. Do you need to install type definitions for jQuery? Try `npm i --save-dev @types/jquery` and then add 'jquery' to the types field in your tsconfig., 2592, 1, 9474, 7850, 716, 0.0036310467914729143
JSX element 'command' has no corresponding closing tag., 17008, 1, 7543, 2969, 1555, 0.001373322028520138
Experimental support for decorators is a feature that is subject to change in a future release. Set the 'experimentalDecorators' option in your 'tsconfig' or 'jsconfig' to remove this warning., 1219, 1, 7275, 5449, 4434, 0.0025204552823867403
Identifier expected., 1003, 1, 5686, 4691, 756, 0.00216983955398719
'await' expressions are only allowed at the top level of a file when that file is a module, but this file has no imports or exports. Consider adding an empty 'export {}' to make this file a module., 1375, 1, 5489, 5353, 561, 0.002476050124172549
Declaration expected., 1146, 1, 4916, 4853, 2090, 0.0022447732584736373
'interface' declarations can only be used in TypeScript files., 8006, 1, 4281, 3190, 4027, 0.001475546403159057
Unterminated template literal., 1160, 1, 4007, 4007, 48, 0.0018534528017110788
This expression is not callable., 2349, 1, 3922, 3717, 48, 0.0017193122196057099
Left side of comma operator is unused and has no side effects., 2695, 1, 3903, 2384, 1777, 0.0011027280956524112
Unexpected keyword or identifier., 1434, 1, 2754, 999, 1783, 0.00046209117766642566
Type aliases can only be used in TypeScript files., 8008, 1, 2458, 1785, 1925, 0.000825658410545115
Cannot redeclare block-scoped variable 'logger'., 2451, 1, 2363, 962, 1133, 0.0004449766896047062
Invalid character., 1127, 1, 2234, 671, 1783, 0.00031037355376793956
The 'public' modifier can only be used in TypeScript files., 8009, 1, 2040, 1097, 4027, 0.0005074214433434124
Expected 1 arguments, but got 2., 2554, 1, 2029, 1890, 2051, 0.0008742265523418864
Object is possibly 'undefined'., 2532, 1, 1727, 1223, 847, 0.0005657032134995381
Unexpected token. Did you mean `{'}'}` or `&rbrace;`?, 1381, 1, 1556, 956, 5868, 0.0004422013672163193
JSX expressions must have one parent element., 2657, 1, 1384, 1384, 847, 0.0006401743642545877
Unexpected token. Did you mean `{'>'}` or `&gt;`?, 1382, 1, 1374, 786, 1555, 0.0003635672328786893
No value exists in scope for the shorthand property 'n'. Either declare one or provide an initializer., 18004, 1, 1139, 805, 1784, 0.00037235575377524794
'implements' clauses can only be used in TypeScript files., 8005, 1, 1018, 998, 6188, 0.00046162862393502784
Parameter modifiers can only be used in TypeScript files., 8012, 1, 848, 691, 7682, 0.00031962462839589604
Duplicate identifier 'arg1'., 2300, 1, 802, 265, 6327, 0.00012257673882042322
Property assignment expected., 1136, 1, 788, 781, 8428, 0.0003612544642217002
Cannot find module '18Awesome.json'. Consider using '--resolveJsonModule' to import module with '.json' extension., 2732, 1, 723, 696, 515, 0.00032193739705288515
Block-scoped variable 'SchemaData' used before its declaration., 2448, 1, 705, 645, 2023, 0.00029834715675159615
'*/' expected., 1010, 1, 692, 692, 739, 0.00032008718212729386
Operator cannot be applied to types 1 and 2, 2365, 1, 680, 512, 1819, 0.00023682751047568562
Module declaration names may only use ' or " quoted strings., 1443, 1, 623, 224, 63388, 0.00010361203583311246
'any' only refers to a type, but is being used as a value here., 2693, 1, 622, 527, 772, 0.000243765816446653
A 'yield' expression is only allowed in a generator body., 1163, 1, 598, 576, 21250, 0.0002664309492851463
Type arguments can only be used in TypeScript files., 8011, 1, 595, 507, 4027, 0.00023451474181869652
Unexpected token. A constructor, method, accessor, or property was expected., 1068, 1, 555, 491, 12103, 0.00022711388211633135
Type 'IArguments' can only be iterated through when using the '--downlevelIteration' flag or with a '--target' of 'es2015' or higher., 2802, 1, 498, 470, 840, 0.00021740025375697705
Expected corresponding JSX closing tag for 'template'., 17002, 1, 444, 375, 3338, 0.0001734576492741838
The operand of an increment or decrement operator must be a variable or a property access., 2357, 1, 404, 114, 65459, 0.00005273112537935188
A function whose declared type is neither 'void' nor 'any' must return a value., 2355, 1, 383, 267, 4939, 0.00012350184628321889
The right-hand side of an arithmetic operation must be of type 'any', 'number', 'bigint' or an enum type., 2363, 1, 380, 308, 31868, 0.00014246654927052964
'return' tag already specified., 1223, 1, 375, 111, 52541, 0.00005134346418515841
A module cannot have multiple default exports., 2528, 1, 362, 147, 57883, 0.00006799539851548006
Argument expression expected., 1135, 1, 347, 308, 9798, 0.00014246654927052964
Only a void function can be called with the 'new' keyword., 2350, 1, 333, 330, 887, 0.00015264273136128176
This condition will always return 'true' since JavaScript compares objects by reference, not value., 2839, 1, 333, 272, 5939, 0.000125814614940208
Cannot find namespace 'Koa'., 2503, 1, 322, 237, 4327, 0.00010962523434128417
Qualified name 'options.currentValue' is not allowed without a leading '@param {object} options'., 8032, 1, 319, 64, 205182, 0.000029603438809460703
Constructors for derived classes must contain a 'super' call., 2377, 1, 317, 314, 3963, 0.00014524187165891657
Merge conflict marker encountered., 1185, 1, 312, 312, 6522, 0.00014431676419612093
Property 'mkstemp' does not exist on type 'typeof import("node:fs/promises")'. Did you mean 'mkdtemp'?, 2551, 1, 305, 283, 11075, 0.00013090270598558405
Module '"path"' can only be default-imported using the 'esModuleInterop' flag, 1259, 1, 294, 292, 3412, 0.00013506568956816447
JSDoc '@param' tag has name 'enabled', but there is no parameter with that name., 8024, 1, 286, 157, 50727, 0.00007262093582945828
Unterminated string literal., 1002, 1, 282, 271, 1783, 0.00012535206120881017
Argument of type 'Buffer' is not assignable to parameter of type 'string'., 2345, 1, 275, 251, 503, 0.0001161009865808537
The left-hand side of an arithmetic operation must be of type 'any', 'number', 'bigint' or an enum type., 2362, 1, 262, 209, 1784, 0.00009667372986214511
Type 'boolean' is not an array type., 2461, 1, 259, 234, 3694, 0.0001082375731470907
Top-level 'for await' loops are only allowed when the 'module' option is set to 'es2022', 'esnext', 'system', 'node16', or 'nodenext', and the 'target' option is set to 'es2017' or higher., 1432, 1, 258, 257, 6749, 0.00011887630896924065
An object literal cannot have multiple properties with the same name., 1117, 1, 257, 238, 4955, 0.00011008778807268199
Value of type 'typeof Readable' is not callable. Did you mean to include 'new'?, 2348, 1, 255, 230, 15132, 0.0001063873582214994
A 'get' accessor must return a value., 2378, 1, 225, 186, 11175, 0.00008603499403999517
'catch' or 'finally' expected., 1472, 1, 219, 217, 10796, 0.0001003741597133277
No overload matches this call., 2769, 1, 207, 189, 5625, 0.00008742265523418865
An arithmetic operand must be of type 'any', 'number', 'bigint' or an enum type., 2356, 1, 202, 168, 65459, 0.00007770902687483435
Initializer provides no value for this binding element and the binding element has no default value., 2525, 1, 196, 95, 23755, 0.000043942604482793234
Type 'number' is not assignable to type 'object'., 2322, 1, 190, 143, 1783, 0.00006614518358988876
String literal expected., 1141, 1, 187, 185, 15278, 0.00008557244030859735
A computed property name must be of type 'string', 'number', 'symbol', or 'any'., 2464, 1, 187, 184, 48988, 0.00008510988657719953
Expression or comma expected., 1137, 1, 184, 181, 26510, 0.00008372222538300605
Type assertion expressions can only be used in TypeScript files., 8016, 1, 177, 146, 27087, 0.00006753284478408224
Cannot find type definition file for 'cypress'., 2688, 1, 177, 177, 46075, 0.00008187201045741476
'data' is possibly 'undefined'., 18048, 1, 160, 136, 52868, 0.000062907307470104
Type '{ title: StringConstructor; date: StringConstructor; penName: StringConstructor; host: StringConstructor; ... 7 more ...; sid: NumberConstructor; }' cannot be used as an index type., 2538, 1, 157, 152, 2314, 0.00007030816717246918
Unknown keyword or identifier, 1435, 1, 155, 141, 1783, 0.00006522007612709312
Property 'prefix' is missing in type '{ base: string; perpage: number; posts: number[]; }' but required in type '{ base: string; perpage: number; posts: number[]; prefix: string; }'., 2741, 1, 146, 124, 8556, 0.000057356662693330113
Module '"fs"' has no default export., 1192, 1, 143, 142, 12144, 0.00006568262985849094
File '../node_modules/ptz-user-app/src/typings/index.d.ts' not found., 6053, 1, 129, 112, 15282, 0.00005180601791655623
Trailing comma not allowed., 1009, 1, 121, 119, 34902, 0.00005504389403634099
'await' expressions are only allowed within async functions and at the top levels of modules., 1308, 1, 116, 112, 24502, 0.00005180601791655623
An element access expression should take an argument., 1011, 1, 112, 99, 51410, 0.000045792819408384527
Non-null assertions can only be used in TypeScript files., 8013, 1, 109, 95, 1783, 0.000043942604482793234
Duplicate function implementation., 2393, 1, 97, 45, 11461, 0.000020814917912902057
Did you mean to use a ':'? An '=' can only follow a property name when the containing object literal is part of a destructuring pattern., 1312, 1, 91, 79, 23472, 0.00003654174478042806
Cannot assign to 'ConsentModuleConfig' because it is an import., 2632, 1, 89, 86, 9165, 0.00003977962090021282
'const' declarations must be initialized., 1155, 1, 87, 84, 3790, 0.00003885451343741717
JSX spread child must be an array type., 2609, 1, 85, 73, 115436, 0.00003376642239204112
An expression of type 'void' cannot be tested for truthiness., 1345, 1, 83, 78, 104741, 0.00003607919104903023
This comparison appears to be unintentional because the types '8' and '20' have no overlap., 2367, 1, 83, 71, 112537, 0.00003284131492924547
This expression is not constructable., 2351, 1, 82, 77, 87691, 0.00003561663731763241
An identifier or keyword cannot immediately follow a numeric literal., 1351, 1, 80, 60, 1819, 0.00002775322388386941
Tuple type '[any]' of length '1' has no element at index '1'., 2493, 1, 80, 58, 66379, 0.00002682811642107376
Type expected., 1110, 1, 78, 58, 108278, 0.00002682811642107376
'super' must be called before accessing 'this' in the constructor of a derived class., 17009, 1, 77, 66, 3963, 0.00003052854627225635
'import ... =' can only be used in TypeScript files., 8002, 1, 74, 67, 33791, 0.00003099110000365418
Type 'any' is not a valid async function return type in ES5/ES3 because it does not refer to a Promise-compatible constructor value., 1055, 1, 64, 55, 65243, 0.000025440455226880294
JSDoc '@extends' is not attached to a class., 8022, 1, 62, 55, 104599, 0.000025440455226880294
JSX attributes must only be assigned a non-empty 'expression'., 17000, 1, 61, 57, 21580, 0.00002636556268967594
Variable declaration expected., 1134, 1, 59, 55, 10035, 0.000025440455226880294
Type parameter declarations can only be used in TypeScript files., 8004, 1, 58, 54, 5716, 0.00002497790149548247
Type '{ color: string; align: string; }' is missing the following properties from type '{ [x: string]: any; children: any; className: any; }': children, className, 2739, 1, 57, 48, 72817, 0.000022202579107095528
Cannot assign to 'value' because it is a constant., 2588, 1, 57, 51, 138501, 0.000023590240301289
'const' is not allowed as a variable declaration name., 1389, 1, 56, 54, 149619, 0.00002497790149548247
An import path cannot end with a '.ts' extension. Consider importing 'http' instead., 2691, 1, 55, 52, 27976, 0.000024052794032686823
Unterminated regular expression literal., 1161, 1, 54, 54, 12663, 0.00002497790149548247
Property 'any' does not exist on type 'PromiseConstructor'. Do you need to change your target library? Try changing the 'lib' compiler option to 'es2021' or later., 2550, 1, 54, 28, 87085, 0.000012951504479139058
'{' or JSX element expected., 1145, 1, 52, 40, 46072, 0.00001850214925591294
'{' or ';' expected., 1144, 1, 49, 44, 2522, 0.000020352364181504233
Cannot find name 'interfaces'. Did you mean the instance member 'this.interfaces'?, 2663, 1, 44, 38, 2397, 0.000017577041793117294
A spread argument must either have a tuple type or be passed to a rest parameter., 2556, 1, 43, 43, 19537, 0.00001988981045010641
A class declaration without the 'default' modifier must have a name., 1211, 1, 42, 42, 46158, 0.000019427256718708586
Type '{}' is missing the following properties from type '{ map: any; platform: any; ui: any; lat: any; lng: any; key: any; }': map, platform, ui, lat, and 2 more., 2740, 1, 40, 40, 14554, 0.00001850214925591294
The 'with' statement is not supported. All symbols in a 'with' block will have type 'any'., 2410, 1, 39, 39, 237822, 0.000018039595524515116
Function type, which lacks return-type annotation, implicitly has an 'any' return type., 7014, 1, 37, 28, 132227, 0.000012951504479139058
'export =' can only be used in TypeScript files., 8003, 1, 34, 28, 30449, 0.000012951504479139058
A parameter initializer is only allowed in a function or constructor implementation., 2371, 1, 34, 21, 66661, 0.000009713628359354293
Cannot find name 'await'. Did you mean to write this in an async function?, 2311, 1, 30, 29, 2512, 0.00001341405821053688
Property destructuring pattern expected., 1180, 1, 27, 26, 71765, 0.000012026397016343412
A destructuring declaration must have an initializer., 1182, 1, 26, 26, 5615, 0.000012026397016343412
Type '{ a: string; b: string; }' is not an array type or a string type., 2495, 1, 26, 24, 14113, 0.000011101289553547764
The left-hand side of an assignment expression must be a variable or a property access., 2364, 1, 26, 26, 43480, 0.000012026397016343412
'for await' loops are only allowed at the top level of a file when that file is a module, but this file has no imports or exports. Consider adding an empty 'export {}' to make this file a module., 1431, 1, 25, 25, 38859, 0.000011563843284945587
Decorators are not valid here., 1206, 1, 25, 25, 71066, 0.000011563843284945587
This member cannot have a JSDoc comment with an '@override' tag because its containing class 'default' does not extend another class., 4121, 1, 25, 18, 90431, 0.000008325967165160823
Identifier expected. 'in' is a reserved word that cannot be used here., 1359, 1, 24, 24, 8809, 0.000011101289553547764
'super' can only be referenced in a derived class., 2335, 1, 23, 23, 93810, 0.000010638735822149941
Function implementation is missing or not immediately following the declaration., 2391, 1, 23, 21, 101631, 0.000009713628359354293
Class 'AppComponent' used before its declaration., 2449, 1, 22, 22, 11549, 0.000010176182090752116
