DATASET INFORMATION:
TOTAL SNIPPETS: 2161911
--------
CUSTOM FIX TS ANALYSIS

ERROR, CODE, CATEGORY, NUM OCCURANCES, NUM AFFECTED SNIPPETS, FIRST ID, PERCENT
Cannot find name, 2304, 1, 2980187, 286911, 2, 0.13271175362908094
Character expected, 1005, 1, 1595623, 327040, 1, 0.1512735723163442
Unexpected keyword or identifier., 1434, 1, 1381435, 180937, 2, 0.08369308449792799
Property 'returns' does not exist on type 'string'., 2339, 1, 1330658, 722743, 6, 0.3343074714916571
Invalid character., 1127, 1, 1181389, 58881, 2, 0.027235626258435244
Expression expected., 1109, 1, 714652, 183972, 29, 0.08509693507272038
Cannot use JSX unless the '--jsx' flag is provided., 17004, 1, 422667, 154059, 1, 0.07126056530541729
The right-hand side of an arithmetic operation must be of type 'any', 'number', 'bigint' or an enum type., 2363, 1, 360355, 97191, 2, 0.04495605970828587
Left side of comma operator is unused and has no side effects., 2695, 1, 305893, 71976, 29, 0.03329276737108974
The left-hand side of an arithmetic operation must be of type 'any', 'number', 'bigint' or an enum type., 2362, 1, 290170, 113100, 2, 0.052314827021093836
Declaration or statement expected., 1128, 1, 236851, 110403, 20, 0.05106731960751391
Identifier expected., 1003, 1, 128184, 61195, 21, 0.02830597559288981
This expression is not constructable., 2351, 1, 110734, 93111, 144, 0.04306884048418275
'any' only refers to a type, but is being used as a value here., 2693, 1, 85026, 31602, 39, 0.014617623019634018
Top-level 'await' expressions are only allowed when the 'module' option is set to 'es2022', 'esnext', 'system', 'node16', or 'nodenext', and the 'target' option is set to 'es2017' or higher., 1378, 1, 81825, 56308, 427, 0.026045475507548644
Type annotations can only be used in TypeScript files., 8010, 1, 80445, 26137, 139, 0.012089766877544914
This expression is not callable., 2349, 1, 78472, 47086, 6, 0.02177980499659792
An arithmetic operand must be of type 'any', 'number', 'bigint' or an enum type., 2356, 1, 63238, 27644, 84, 0.012786835350761434
Cannot find name '$'. Do you need to install type definitions for jQuery? Try `npm i --save-dev @types/jquery` and then add 'jquery' to the types field in your tsconfig., 2592, 1, 62520, 37544, 37, 0.017366117291599887
Unknown keyword or identifier, 1435, 1, 61256, 29750, 2, 0.013760973509085249
Cannot find name 'document'. Do you need to change your target library? Try changing the 'lib' compiler option to include 'dom'., 2584, 1, 56257, 44753, 503, 0.020700667141246794
Duplicate identifier 'zeroxName'., 2300, 1, 53407, 17801, 140, 0.008233918972612657
Cannot redeclare block-scoped variable 'Auth'., 2451, 1, 51251, 15871, 153, 0.007341190271014856
Cannot find name 'it'. Do you need to install type definitions for a test runner? Try `npm i --save-dev @types/jest` or `npm i --save-dev @types/mocha` and then add 'jest' or 'mocha' to the types field in your tsconfig., 2593, 1, 48837, 29174, 45, 0.013494542559800102
JSX element 'meta' has no corresponding closing tag., 17008, 1, 45563, 20430, 1, 0.009449972732457535
No value exists in scope for the shorthand property 'root'. Either declare one or provide an initializer., 18004, 1, 44598, 17468, 511, 0.008079888580057181
An identifier or keyword cannot immediately follow a numeric literal., 1351, 1, 44277, 11492, 166, 0.005315667481223788
Unexpected token. Did you mean `{'}'}` or `&rbrace;`?, 1381, 1, 41600, 12135, 816, 0.005613089530512588
Operator cannot be applied to types 1 and 2, 2365, 1, 41367, 21702, 422, 0.010038341078795565
Declaration expected., 1146, 1, 33023, 19883, 723, 0.009196955841382925
Expected 0 arguments, but got 1., 2554, 1, 28392, 19095, 428, 0.00883246350104144
'the' refers to a value, but is being used as a type here. Did you mean 'typeof the'?, 2749, 1, 27819, 12866, 809, 0.005951216308164397
Variable declaration expected., 1134, 1, 22210, 12843, 96, 0.005940577572342247
Experimental support for decorators is a feature that is subject to change in a future release. Set the 'experimentalDecorators' option in your 'tsconfig' or 'jsconfig' to remove this warning., 1219, 1, 21680, 14161, 1927, 0.006550223390324578
Block-scoped variable 'uth' used before its declaration., 2448, 1, 21602, 14479, 153, 0.006697315476909087
Argument expression expected., 1135, 1, 19663, 8845, 218, 0.004091287754213749
Type 'string' is not assignable to type 'object'., 2322, 1, 17397, 10840, 809, 0.005014082448352407
Unterminated regular expression literal., 1161, 1, 16865, 12412, 39, 0.005741216914109786
A type predicate is only allowed in return type position for functions and methods., 1228, 1, 16625, 10508, 389, 0.0048605146095283295
Import declaration conflicts with local declaration of 'assert'., 2440, 1, 16226, 16225, 4, 0.007504934291929687
Unexpected token. Did you mean `{'>'}` or `&gt;`?, 1382, 1, 16017, 7983, 21, 0.003692566437748825
Unterminated string literal., 1002, 1, 15555, 10853, 389, 0.005020095646860579
Cannot find name 'example'. Did you mean 'Example'?, 2552, 1, 14284, 11102, 172, 0.005135271525978637
Module '"assert"' has no exported member 'name'., 2305, 1, 12518, 11909, 454, 0.0055085523872166805
JSX expressions must have one parent element., 2657, 1, 12171, 11587, 14, 0.005359610085706581
The 'const' modifier can only be used in TypeScript files., 8009, 1, 12146, 4813, 1319, 0.0022262711092177244
Object is possibly 'undefined'., 2532, 1, 12089, 5884, 847, 0.0027216661555447934
Property assignment expected., 1136, 1, 10068, 7973, 989, 0.0036879409004348467
'enum' declarations can only be used in TypeScript files., 8006, 1, 9516, 7049, 1637, 0.003260541252623258
Spread types may only be created from object types., 2698, 1, 9306, 8083, 1547, 0.0037388218108886074
Type assertion expressions can only be used in TypeScript files., 8016, 1, 9094, 6635, 85, 0.003069044007824559
Type 'string' is not a constructor function type., 2507, 1, 8909, 8225, 772, 0.0038045044407470983
'app' is possibly 'undefined'., 18048, 1, 8718, 4360, 809, 0.0020167342688945105
Type aliases can only be used in TypeScript files., 8008, 1, 8673, 4519, 1925, 0.002090280312186764
Non-null assertions can only be used in TypeScript files., 8013, 1, 8460, 5627, 43, 0.002602789846575553
Unterminated template literal., 1160, 1, 8127, 8127, 48, 0.0037591741750701117
Cannot assign to 'version' because it is an import., 2632, 1, 8075, 7407, 620, 0.0034261354884636787
Module declaration names may only use ' or " quoted strings., 1443, 1, 7689, 3733, 809, 0.001726713079308075
The operand of an increment or decrement operator must be a variable or a property access., 2357, 1, 6545, 3077, 1683, 0.001423277831511103
Expected corresponding JSX closing tag for 'div'., 17002, 1, 6317, 3959, 21, 0.0018312502226039832
Argument of type 'Buffer' is not assignable to parameter of type 'string'., 2345, 1, 6312, 5026, 503, 0.002324795054005461
A 'return' statement can only be used within a function body., 1108, 1, 6311, 5602, 1068, 0.0025912260032906072
Cannot find module '18Awesome.json'. Consider using '--resolveJsonModule' to import module with '.json' extension., 2732, 1, 5810, 5186, 515, 0.0023988036510291127
Value of type 'typeof URL' is not callable. Did you mean to include 'new'?, 2348, 1, 5714, 4471, 755, 0.0020680777330796688
Type 'IArguments' can only be iterated through when using the '--downlevelIteration' flag or with a '--target' of 'es2015' or higher., 2802, 1, 5125, 3813, 840, 0.001763717377819901
Type 'void' is not an array type., 2461, 1, 4877, 4065, 1964, 0.0018802809181321526
Function implementation is missing or not immediately following the declaration., 2391, 1, 4454, 886, 12746, 0.00040982260601847163
The left-hand side of an assignment expression must be a variable or a property access., 2364, 1, 3997, 1954, 481, 0.0009038299911513471
Unexpected token. A constructor, method, accessor, or property was expected., 1068, 1, 3836, 2792, 1652, 0.0012914500180627232
This comparison appears to be unintentional because the types 'boolean' and 'string' have no overlap., 2367, 1, 3710, 2305, 2994, 0.0010661863508719832
An element access expression should take an argument., 1011, 1, 3592, 2019, 1081, 0.0009338959836922056
Type 'typeof link' cannot be used as an index type., 2538, 1, 3482, 2274, 1664, 0.0010518471851986505
No overload matches this call., 2769, 1, 3456, 2829, 232, 0.0013085645061244426
'import ... =' can only be used in TypeScript files., 8002, 1, 3227, 2359, 1215, 0.0010911642523674656
Expression or comma expected., 1137, 1, 3135, 1927, 627, 0.0008913410404036058
Duplicate function implementation., 2393, 1, 3036, 1153, 5040, 0.0005333244523016905
The value 'null' cannot be used here., 18050, 1, 2933, 1810, 1501, 0.0008372222538300606
Cannot find namespace 'an'., 2503, 1, 2835, 2009, 1215, 0.0009292704463782274
Parameter modifiers can only be used in TypeScript files., 8012, 1, 2778, 2120, 2092, 0.0009806139105633857
The operand of a 'delete' operator must be a property reference., 2703, 1, 2496, 1850, 51, 0.0008557244030859734
Index signature in type 'String' only permits reading., 2542, 1, 2378, 1118, 3427, 0.0005171350717027667
'*/' expected., 1010, 1, 2345, 2345, 39, 0.001084688500127896
Type expected., 1110, 1, 2338, 1537, 2356, 0.0007109450851584548
Unable to resolve signature of class decorator when called as an expression., 1238, 1, 2251, 1994, 1929, 0.00092233214040726
An expression of type 'void' cannot be tested for truthiness., 1345, 1, 2223, 1944, 4322, 0.0008992044538373689
A module cannot have multiple default exports., 2528, 1, 2019, 722, 3770, 0.00033396379406922856
A 'yield' expression is only allowed in a generator body., 1163, 1, 1913, 1289, 20589, 0.0005962317597717945
The '|' operator is not allowed for boolean types. Consider using '||' instead., 2447, 1, 1898, 1088, 1776, 0.000503258459760832
Cannot assign to 'version' because it is a constant., 2588, 1, 1877, 1290, 1754, 0.0005966943135031923
Cannot assign to 'httpEndpoint' because it is a function., 2630, 1, 1854, 1715, 142, 0.0007932796493472673
Property or signature expected., 1131, 1, 1625, 657, 8306, 0.00030389780152837006
'{' or ';' expected., 1144, 1, 1590, 1244, 1652, 0.0005754168418588924
Digit expected., 1124, 1, 1555, 719, 377, 0.0003325761328750351
String literal expected., 1141, 1, 1512, 1415, 4179, 0.0006545135299279202
'implements' clauses can only be used in TypeScript files., 8005, 1, 1376, 1338, 5116, 0.0006188968926102878
'await' expressions are only allowed at the top level of a file when that file is a module, but this file has no imports or exports. Consider adding an empty 'export {}' to make this file a module., 1375, 1, 1374, 868, 2514, 0.0004014966388533108
An object literal cannot have multiple properties with the same name., 1117, 1, 1365, 879, 4955, 0.0004065847298986869
Cannot use namespace 'to' as a value., 2708, 1, 1363, 519, 5917, 0.0002400653865954704
Only a void function can be called with the 'new' keyword., 2350, 1, 1347, 1244, 887, 0.0005754168418588924
Unable to resolve signature of property decorator when called as an expression., 1240, 1, 1315, 783, 5092, 0.0003621795716844958
Cannot invoke an object which is possibly 'undefined'., 2722, 1, 1311, 978, 1860, 0.0004523775493070714
Type arguments can only be used in TypeScript files., 8011, 1, 1308, 1068, 1652, 0.0004940073851328755
Augmentations for the global scope should have 'declare' modifier unless they appear in already ambient context., 2670, 1, 1255, 891, 6442, 0.00041213537467546074
JSX spread child must be an array type., 2609, 1, 1252, 854, 5154, 0.00039502088661374124
Augmentations for the global scope can only be directly nested in external modules or ambient module declarations., 2669, 1, 1241, 881, 6679, 0.0004075098373614825
This condition will always return 'true' since JavaScript compares objects by reference, not value., 2839, 1, 1215, 790, 5939, 0.00036541744780428057
Identifier expected. 'in' is a reserved word that cannot be used here., 1359, 1, 1153, 851, 2288, 0.0003936332254195478
A parameter initializer is only allowed in a function or constructor implementation., 2371, 1, 1120, 525, 10065, 0.00024284070898385733
Array element destructuring pattern expected., 1181, 1, 1038, 707, 5128, 0.00032702548809826124
The right-hand side of an 'instanceof' expression must be of type 'any' or of a type assignable to the 'Function' interface type., 2359, 1, 982, 754, 2106, 0.0003487655134739589
Module '"fs"' has no default export., 1192, 1, 982, 960, 3156, 0.00044405158214191057
Module '"path"' can only be default-imported using the 'esModuleInterop' flag, 1259, 1, 969, 956, 3412, 0.0004422013672163193
Type parameter declarations can only be used in TypeScript files., 8004, 1, 965, 749, 5119, 0.0003464527448169698
A spread argument must either have a tuple type or be passed to a rest parameter., 2556, 1, 897, 755, 6062, 0.0003492280672053567
JSX element type 'ModalButton' does not have any construct or call signatures., 2604, 1, 864, 716, 3348, 0.00033118847168084163
'true' is not allowed as a variable declaration name., 1389, 1, 862, 651, 9701, 0.0003011224791399831
A function whose declared type is neither 'void' nor 'any' must return a value., 2355, 1, 831, 466, 7395, 0.00021555003883138576
'{' or JSX element expected., 1145, 1, 813, 596, 3325, 0.0002756820239131028
Individual declarations in merged declaration 'two' must be all exported or all local., 2395, 1, 797, 300, 2053, 0.00013876611941934704
Unable to resolve signature of method decorator when called as an expression., 1241, 1, 788, 570, 1927, 0.0002636556268967594
Parameter declaration expected., 1138, 1, 705, 481, 5175, 0.0002224883448023531
Initializer provides no value for this binding element and the binding element has no default value., 2525, 1, 696, 265, 11269, 0.00012257673882042322
A computed property name must be of type 'string', 'number', 'symbol', or 'any'., 2464, 1, 691, 617, 11162, 0.0002853956522724571
Top-level 'for await' loops are only allowed when the 'module' option is set to 'es2022', 'esnext', 'system', 'node16', or 'nodenext', and the 'target' option is set to 'es2017' or higher., 1432, 1, 681, 626, 6742, 0.0002895586358550375
Property 'substrict' does not exist on type 'string'. Did you mean 'substr'?, 2551, 1, 604, 414, 47, 0.00019149724479869892
Super calls are not permitted outside constructors or in nested functions inside constructors., 2337, 1, 563, 542, 1988, 0.00025070412241762034
'const' declarations must be initialized., 1155, 1, 561, 376, 1578, 0.00017392020300558163
Qualified name 'bitcoinjs-lib.KeyPair' is not allowed without a leading '@param {object} bitcoinjs-lib'., 8032, 1, 540, 157, 67173, 0.00007262093582945828
Private identifiers are not allowed outside class bodies., 18016, 1, 539, 254, 74370, 0.00011748864777504717
'(Missing)' is an unused renaming of 'type'. Did you intend to use it as a type annotation?, 2842, 1, 531, 202, 12746, 0.00009343585374236035
Class 'AppComponent' used before its declaration., 2449, 1, 508, 263, 11549, 0.00012165163135762757
An object member cannot be declared optional., 1162, 1, 473, 120, 4756, 0.00005550644776773882
JSDoc '@param' tag has name 'domain', but there is no parameter with that name., 8024, 1, 447, 205, 15478, 0.00009482351493655382
Property 'prefix' is missing in type '{ base: string; perpage: number; posts: number[]; }' but required in type '{ base: string; perpage: number; posts: number[]; prefix: string; }'., 2741, 1, 435, 348, 8556, 0.00016096869852644257
The right-hand side of a 'for...in' statement must be of type 'any', an object type or a type parameter, but here has type 'string'., 2407, 1, 431, 362, 1724, 0.0001674444507660121
Function with bodies can only merge with classes that are ambient., 2814, 1, 428, 68, 5546, 0.000031453653735052
Merge conflict marker encountered., 1185, 1, 417, 386, 2597, 0.00017854574031955987
'return' tag already specified., 1223, 1, 399, 124, 52541, 0.000057356662693330113
Trailing comma not allowed., 1009, 1, 387, 350, 4379, 0.00016189380598923822
'super' can only be referenced in members of derived classes or object literal expressions., 2660, 1, 357, 268, 1988, 0.0001239644000146167
Cannot redeclare exported variable 'default'., 2323, 1, 354, 122, 5546, 0.000056431555230534464
The 'import.meta' meta-property is only allowed when the '--module' option is 'es2020', 'es2022', 'esnext', 'system', 'node16', or 'nodenext'., 1343, 1, 346, 270, 2919, 0.00012488950747741235
Constructor implementation is missing., 2390, 1, 345, 298, 14254, 0.0001378410119565514
An import path cannot end with a '.ts' extension. Consider importing '@555platform/Author' instead., 2691, 1, 333, 292, 4810, 0.00013506568956816447
Function type, which lacks return-type annotation, implicitly has an 'any' return type., 7014, 1, 318, 229, 5175, 0.00010592480449010158
An unary expression with the '-' operator is not allowed in the left-hand side of an exponentiation expression. Consider enclosing the expression in parentheses., 17006, 1, 308, 199, 12317, 0.00009204819254816687
Property destructuring pattern expected., 1180, 1, 306, 232, 44816, 0.00010731246568429505
The left-hand side of an 'instanceof' expression must be of type 'any', an object type or a type parameter., 2358, 1, 304, 208, 2976, 0.0000962111761307473
Numeric separators are not allowed here., 6188, 1, 303, 180, 12323, 0.00008325967165160823
'var' is not allowed as a parameter name., 1390, 1, 291, 194, 12746, 0.00008973542389117775
Type alias name cannot be 'ɵɵFactoryDef'., 2457, 1, 273, 187, 12991, 0.00008649754777139299
Type 'Date' is missing the following properties from type 'DateConstructor': prototype, parse, UTC, now, 2739, 1, 262, 204, 7882, 0.000094360961205156
Type 'void' is not an array type or a string type., 2495, 1, 256, 233, 1556, 0.00010777501941569288
Type 'TemplateStringsArray' has no properties in common with type 'RunOptions'., 2559, 1, 244, 226, 3496, 0.00010453714329590812
Hexadecimal digit expected., 1125, 1, 242, 129, 84, 0.000059669431350319234
Conversion of type 'string' to type 'JSON' may be a mistake because neither type sufficiently overlaps with the other. If this was intentional, convert the expression to 'unknown' first., 2352, 1, 236, 189, 85, 0.00008742265523418865
'with' statements are not allowed in strict mode., 1101, 1, 231, 149, 19536, 0.0000689205059782757
JSX attributes must only be assigned a non-empty 'expression'., 17000, 1, 226, 205, 6586, 0.00009482351493655382
The body of an 'if' statement cannot be the empty statement., 1313, 1, 222, 157, 48960, 0.00007262093582945828
Enum declarations can only merge with namespace or other enum declarations., 2567, 1, 221, 77, 6030, 0.00003561663731763241
Declaration or statement expected. This '=' follows a block of statements, so if you intended to write a destructuring assignment, you might need to wrap the the whole assignment in parentheses., 2809, 1, 217, 182, 19587, 0.00008418477911440387
Expected '=' for property initializer., 1442, 1, 216, 146, 5119, 0.00006753284478408224
Circular definition of import alias 'the'., 2303, 1, 203, 71, 9423, 0.00003284131492924547
Duplicate identifier 'exports'. Compiler reserves name 'exports' in top level scope of a module., 2441, 1, 197, 191, 1394, 0.00008834776269698429
'super' must be followed by an argument list or member access., 1034, 1, 195, 143, 21677, 0.00006614518358988876
Decorators are not valid here., 1206, 1, 190, 150, 31822, 0.00006938305970967352
Property 'replaceAll' does not exist on type '"Test abc test test abc test."'. Do you need to change your target library? Try changing the 'lib' compiler option to 'es2021' or later., 2550, 1, 188, 117, 87068, 0.00005411878657354535
Cannot assign to 'A' because it is a class., 2629, 1, 186, 173, 14704, 0.00008002179553182347
Type parameter declaration expected., 1139, 1, 182, 156, 5119, 0.00007215838209806046
'case' or 'default' expected., 1130, 1, 179, 110, 9163, 0.00005088091045376059
JSDoc '@extends' is not attached to a class., 8022, 1, 169, 80, 104599, 0.00003700429851182588
JSX fragment has no corresponding closing tag., 17014, 1, 158, 80, 15175, 0.00003700429851182588
'#!' can only be used at the start of a file., 18026, 1, 149, 139, 1554, 0.00006429496866429746
Cannot find name 'await'. Did you mean to write this in an async function?, 2311, 1, 148, 94, 2512, 0.000043480050751395406
Type 'ObjectConstructor' is not a valid async function return type in ES5/ES3 because it does not refer to a Promise-compatible constructor value., 1055, 1, 147, 96, 12648, 0.000044405158214191056
A 'get' accessor must return a value., 2378, 1, 140, 94, 11792, 0.000043480050751395406
Subsequent property declarations must have the same type.  Property 'state' must be of type 'string', but here has type '"Texas" | "Alabama" | "California" | "other"'., 2717, 1, 139, 74, 35907, 0.00003422897612343894
Tuple type '[]' of length '0' has no element at index '0'., 2493, 1, 131, 43, 122564, 0.00001988981045010641
Statement expected., 1129, 1, 128, 80, 8452, 0.00003700429851182588
'window' is possibly 'null'., 18047, 1, 127, 82, 4684, 0.000037929405974621524
Unable to resolve signature of parameter decorator when called as an expression., 1239, 1, 127, 97, 27980, 0.00004486771194558888
Namespace name cannot be 'with'., 2819, 1, 120, 116, 45220, 0.00005365623284214752
'catch' or 'finally' expected., 1472, 1, 119, 118, 35937, 0.00005458134030494317
Binary digit expected., 1177, 1, 118, 81, 452, 0.0000374668522432237
File '../node_modules/ptz-user-app/src/typings/index.d.ts' not found., 6053, 1, 118, 104, 15282, 0.00004810558806537365
Identifier expected. 'let' is a reserved word in strict mode. Modules are automatically in strict mode., 1214, 1, 117, 83, 19538, 0.00003839195970601935
Type 'number' is not comparable to type 'string'., 2678, 1, 113, 53, 105062, 0.000024515347764084645
'export =' can only be used in TypeScript files., 8003, 1, 109, 97, 30442, 0.00004486771194558888
Merged declaration 'User' cannot include a default export declaration. Consider adding a separate 'export default User' declaration instead., 2652, 1, 109, 45, 114705, 0.000020814917912902057
A 'this' type is available only in a non-static member of a class or interface., 2526, 1, 104, 80, 38852, 0.00003700429851182588
'super' can only be referenced in a derived class., 2335, 1, 102, 100, 69000, 0.00004625537313978235
The 'with' statement is not supported. All symbols in a 'with' block will have type 'any'., 2410, 1, 101, 86, 171441, 0.00003977962090021282
Meta-property 'new.target' is only allowed in the body of a function declaration, function expression, or constructor., 17013, 1, 100, 82, 55782, 0.000037929405974621524
Multiple consecutive numeric separators are not permitted., 6189, 1, 99, 23, 225763, 0.000010638735822149941
It is likely that you are missing a comma to separate these two template expressions. They form a tagged template expression which cannot be invoked., 2796, 1, 97, 64, 11285, 0.000029603438809460703
A 'this' parameter must be the first parameter., 2680, 1, 97, 94, 75129, 0.000043480050751395406
Property 'foo' of type 'string' is not assignable to 'string' index type 'number'., 2411, 1, 96, 6, 883198, 0.000002775322388386941
Type 'Function' is not generic., 2315, 1, 93, 61, 14362, 0.000028215777615267232
All declarations of 'state' must have identical modifiers., 2687, 1, 91, 38, 35907, 0.000017577041793117294
Enum 'S3PBAttributeType' used before its declaration., 2450, 1, 90, 22, 1637, 0.000010176182090752116
A type literal property cannot have an initializer., 1247, 1, 90, 20, 76491, 0.00000925107462795647
Type '{}' is missing the following properties from type 'Process': stdout, stderr, stdin, openStdin, and 50 more., 2740, 1, 88, 78, 14313, 0.00003607919104903023
Namespace 'http' has no exported member 'IncomingMessage'., 2694, 1, 88, 46, 85780, 0.000021277471644299882
Type annotation cannot appear on a constructor declaration., 1093, 1, 88, 74, 87070, 0.00003422897612343894
Property 'matchesWith' does not exist on type 'BaseClass'. Did you mean to access the static member 'BaseClass.matchesWith' instead?, 2576, 1, 78, 49, 45853, 0.000022665132838493353
Interface name cannot be 'for'., 2427, 1, 78, 51, 120609, 0.000023590240301289
Property 'testNested' is used before its initialization., 2729, 1, 74, 49, 4225, 0.000022665132838493353
Cannot find type definition file for 'cypress'., 2688, 1, 74, 74, 46075, 0.00003422897612343894
Class declaration cannot implement overload list for 'default'., 2813, 1, 73, 68, 5546, 0.000031453653735052
A computed property name in a type literal must refer to an expression whose type is a literal type or a 'unique symbol' type., 1170, 1, 72, 40, 179833, 0.00001850214925591294
Cannot assign to 'fields' because it is a read-only property., 2540, 1, 71, 65, 13666, 0.000030065992540858527
An enum member name must be followed by a ',', '=', or '}'., 1357, 1, 71, 27, 194745, 0.000012488950747741235
A class declaration without the 'default' modifier must have a name., 1211, 1, 70, 67, 46158, 0.00003099110000365418
Function type notation must be parenthesized when used in a union type., 1385, 1, 65, 38, 87127, 0.000017577041793117294
Type parameter name cannot be 'string'., 2368, 1, 63, 39, 28765, 0.000018039595524515116
Object is possibly 'null'., 2531, 1, 59, 46, 3690, 0.000021277471644299882
Variable declaration not allowed at this location., 1440, 1, 57, 50, 101849, 0.000023127686569891174
An arrow function cannot have a 'this' parameter., 2730, 1, 56, 53, 75129, 0.000024515347764084645
'View' is referenced directly or indirectly in its own base expression., 2506, 1, 55, 55, 79762, 0.000025440455226880294
JSX elements cannot have multiple attributes with the same name., 17001, 1, 51, 50, 149891, 0.000023127686569891174
Generic type 'Partial' requires 1 type argument(s)., 2314, 1, 49, 31, 81494, 0.000014339165673332528
Ambient modules cannot be nested in other modules or namespaces., 2435, 1, 49, 44, 147606, 0.000020352364181504233
The type of a function declaration must match the function's signature., 8030, 1, 49, 35, 219234, 0.000016189380598923824
Rest types may only be created from object types., 2700, 1, 45, 44, 31225, 0.000020352364181504233
Private identifiers are not allowed in variable declarations., 18029, 1, 45, 29, 165275, 0.00001341405821053688
'await' expressions are only allowed within async functions and at the top levels of modules., 1308, 1, 44, 19, 5098, 0.000008788520896558647
Parameter cannot have question mark and initializer., 1015, 1, 43, 30, 87070, 0.000013876611941934705
Variable 'tree' is used before being assigned., 2454, 1, 41, 27, 37327, 0.000012488950747741235
Cannot invoke an object which is possibly 'null'., 2721, 1, 38, 34, 162285, 0.000015726826867526
Type '{ milliseconds: any; arguments: any; }' has no matching index signature for type 'string'., 2537, 1, 37, 30, 106682, 0.000013876611941934705
An import declaration can only be used at the top level of a module., 1473, 1, 35, 32, 68079, 0.000014801719404730351
Assertions require every name in the call target to be declared with an explicit type annotation., 2775, 1, 35, 12, 71471, 0.000005550644776773882
Duplicate index signature for type 'string'., 2374, 1, 35, 7, 671569, 0.0000032378761197847644
A class member cannot have the 'const' keyword., 1248, 1, 34, 31, 1319, 0.000014339165673332528
Setters cannot return a value., 2408, 1, 34, 23, 4225, 0.000010638735822149941
Static property 'name' conflicts with built-in property 'Function.name' of constructor function 'CollectionName'., 2699, 1, 33, 30, 26290, 0.000013876611941934705
Declaration name conflicts with built-in global identifier 'globalThis'., 2397, 1, 33, 32, 87118, 0.000014801719404730351
JSDoc '@typedef' tag should either have a type annotation or be followed by '@property' or '@member' tags., 8021, 1, 31, 24, 76773, 0.000011101289553547764
Export declaration conflicts with exported declaration of 'LogoutEvent'., 2484, 1, 31, 20, 79772, 0.00000925107462795647
Invalid module name in augmentation, module 'deck.gl' cannot be found., 2664, 1, 31, 30, 94365, 0.000013876611941934705
Invalid use of 'arguments'. Modules are automatically in strict mode., 1215, 1, 31, 28, 116347, 0.000012951504479139058
Object literal may only specify known properties, and '"args"' does not exist in type '{ name: any; }'., 2353, 1, 30, 12, 88585, 0.000005550644776773882
Cannot use namespace 'path' as a type., 2709, 1, 28, 21, 81540, 0.000009713628359354293
Parameter 'images' cannot reference itself., 2372, 1, 27, 21, 10065, 0.000009713628359354293
Expected at least 1 arguments, but got 0., 2555, 1, 27, 18, 27149, 0.000008325967165160823
Assertions require the call target to be an identifier or qualified name., 2776, 1, 27, 19, 261182, 0.000008788520896558647
The left-hand side of a 'for...in' statement must be of type 'string' or 'any'., 2405, 1, 27, 26, 410464, 0.000012026397016343412
Cannot assign to 'undefined' because it is not a variable., 2539, 1, 27, 10, 1127308, 0.000004625537313978235
All declarations of 'Iterator' must have identical type parameters., 2428, 1, 25, 13, 87147, 0.000006013198508171706
An object literal cannot have property and accessor with the same name., 1119, 1, 25, 24, 109167, 0.000011101289553547764
A binding pattern parameter cannot be optional in an implementation signature., 2463, 1, 25, 20, 141910, 0.00000925107462795647
'delete' cannot be called on an identifier in strict mode., 1102, 1, 25, 21, 253181, 0.000009713628359354293
'public' modifier cannot appear on a module or namespace element., 1044, 1, 24, 14, 86049, 0.000006475752239569529
'for await' loops are only allowed at the top level of a file when that file is a module, but this file has no imports or exports. Consider adding an empty 'export {}' to make this file a module., 1431, 1, 23, 21, 90580, 0.000009713628359354293
The '+' operator cannot be applied to type 'symbol'., 2469, 1, 21, 15, 59691, 0.000006938305970967353
Module '"cluster"' has no exported member 'isMaster'. Did you mean to use 'import isMaster from "cluster"' instead?, 2614, 1, 21, 21, 64850, 0.000009713628359354293
'static' modifier must precede 'async' modifier., 1029, 1, 21, 21, 288538, 0.000009713628359354293
JSDoc '@extends superhero' does not match the 'extends Dispatcher' clause., 8023, 1, 21, 21, 388552, 0.000009713628359354293
'state' is referenced directly or indirectly in its own type annotation., 2502, 1, 20, 15, 27566, 0.000006938305970967353
JSX expressions may not use the comma operator. Did you mean to write an array?, 18007, 1, 20, 19, 30738, 0.000008788520896558647
A required parameter cannot follow an optional parameter., 1016, 1, 20, 20, 75682, 0.00000925107462795647
'async' modifier cannot be used here., 1042, 1, 20, 20, 93848, 0.00000925107462795647
Duplicate label 'uri'., 1114, 1, 20, 12, 209175, 0.000005550644776773882
The left-hand side of a 'for...in' statement must be a variable or a property access., 2406, 1, 20, 16, 365823, 0.000007400859702365176
Cannot initialize outer scoped variable 'provider' in the same scope as block scoped declaration 'provider'., 2481, 1, 19, 13, 68994, 0.000006013198508171706
'parseBootstrap' is not a valid meta-property for keyword 'import'. Did you mean 'meta'?, 17012, 1, 18, 17, 61574, 0.000007863413433763
An index signature parameter type must be 'string', 'number', 'symbol', or a template literal type., 1268, 1, 18, 14, 115899, 0.000006475752239569529
Type satisfaction expressions can only be used in TypeScript files., 8037, 1, 18, 14, 400519, 0.000006475752239569529
'async' modifier cannot appear on a type member., 1070, 1, 17, 7, 461275, 0.0000032378761197847644
A computed property name in a class property declaration must have a simple literal type or a 'unique symbol' type., 1166, 1, 17, 12, 574196, 0.000005550644776773882
Decorators must precede the name and all keywords of property declarations., 1436, 1, 16, 16, 87171, 0.000007400859702365176
Return type of constructor signature must be assignable to the instance type of the class., 2409, 1, 15, 15, 14499, 0.000006938305970967353
Initializer of instance member variable 'onWindowHashChange' cannot reference identifier 'window' declared in the constructor., 2301, 1, 15, 11, 32619, 0.000005088091045376058
'Point' only refers to a type, but is being used as a namespace here., 2702, 1, 15, 15, 232785, 0.000006938305970967353
A 'get' accessor cannot have parameters., 1054, 1, 15, 10, 1094343, 0.000004625537313978235
Property 'closed' in type 'Readable' is not assignable to the same property in base type 'Readable'., 2416, 1, 14, 12, 14254, 0.000005550644776773882
A rest parameter must be of an array type., 2370, 1, 14, 13, 431881, 0.000006013198508171706
Duplicate identifier 'arguments'. Compiler uses 'arguments' to initialize rest parameters., 2396, 1, 14, 10, 532091, 0.000004625537313978235
A rest parameter must be last in a parameter list., 1014, 1, 13, 12, 64430, 0.000005550644776773882
This condition will always return 'false'., 2845, 1, 13, 12, 185455, 0.000005550644776773882
Type argument list cannot be empty., 1099, 1, 12, 11, 22468, 0.000005088091045376058
Ambient module declaration cannot specify relative module name., 2436, 1, 12, 12, 62897, 0.000005550644776773882
An interface property cannot have an initializer., 1246, 1, 12, 2, 102091, 9.25107462795647e-7
Identifier expected. 'interface' is a reserved word in strict mode. Class definitions are automatically in strict mode., 1213, 1, 12, 6, 112381, 0.000002775322388386941
A parameter property is only allowed in a constructor implementation., 2369, 1, 12, 11, 166400, 0.000005088091045376058
Cannot use 'this' in a static property initializer of a decorated class., 2816, 1, 12, 3, 244023, 0.0000013876611941934705
Cannot start a function call in a type annotation., 1441, 1, 12, 12, 434696, 0.000005550644776773882
Value of type '(error: any, result: any) => any' has no properties in common with type 'RunOptions'. Did you mean to call it?, 2560, 1, 12, 12, 850421, 0.000005550644776773882
'AddressInfo' is a type and cannot be imported in JavaScript files. Use 'import("net").AddressInfo' in a JSDoc type annotation., 18042, 1, 11, 9, 53181, 0.000004162983582580411
Cannot find parameter 'error'., 1225, 1, 11, 11, 81455, 0.000005088091045376058
A rest element type must be an array type., 2574, 1, 11, 8, 306651, 0.000003700429851182588
Did you mean to use a ':'? An '=' can only follow a property name when the containing object literal is part of a destructuring pattern., 1312, 1, 11, 5, 613778, 0.0000023127686569891176
Expected corresponding closing tag for JSX fragment., 17015, 1, 10, 10, 15175, 0.000004625537313978235
A 'declare' modifier cannot be used in an already ambient context., 1038, 1, 10, 7, 116430, 0.0000032378761197847644
Implicit conversion of a 'symbol' to a 'string' will fail at runtime. Consider wrapping this expression in 'String(...)'., 2731, 1, 10, 9, 195383, 0.000004162983582580411
'await' expressions cannot be used in a parameter initializer., 2524, 1, 10, 2, 257187, 9.25107462795647e-7
A 'continue' statement can only be used within an enclosing iteration statement., 1104, 1, 10, 10, 315187, 0.000004625537313978235
A destructuring declaration must have an initializer., 1182, 1, 10, 10, 371641, 0.000004625537313978235
Duplicate identifier 'Promise'. Compiler reserves name 'Promise' in top level scope of a module containing async functions., 2529, 1, 9, 9, 83994, 0.000004162983582580411
An enum member cannot have a numeric name., 2452, 1, 9, 4, 352985, 0.000001850214925591294
Types cannot appear in export declarations in JavaScript files., 18043, 1, 9, 6, 570489, 0.000002775322388386941
Function implementation name must be 'a'., 2389, 1, 9, 9, 883761, 0.000004162983582580411
Property 'comments' is private and only accessible within class 'MyVisitor'., 2341, 1, 8, 7, 25427, 0.0000032378761197847644
'"stream"' has no exported member named 'Writeable'. Did you mean 'Writable'?, 2724, 1, 8, 8, 35119, 0.000003700429851182588
Variable declaration list cannot be empty., 1123, 1, 8, 8, 111113, 0.000003700429851182588
The left-hand side of a 'for...in' statement cannot be a destructuring pattern., 2491, 1, 8, 5, 136023, 0.0000023127686569891176
A rest parameter or binding pattern may not have a trailing comma., 1013, 1, 8, 8, 472037, 0.000003700429851182588
An overload signature cannot be declared as a generator., 1222, 1, 8, 8, 954017, 0.000003700429851182588
Multiple constructor implementations are not allowed., 2392, 1, 8, 3, 1097288, 0.0000013876611941934705
Line terminator not permitted before arrow., 1200, 1, 7, 6, 153188, 0.000002775322388386941
File 'C:/Users/User/Documents/GitHub/node_code_correction/node_modules/@types/node/index.d.ts' is not a module., 2306, 1, 7, 7, 204992, 0.0000032378761197847644
Private identifiers cannot be used as parameters., 18009, 1, 7, 5, 232693, 0.0000023127686569891176
Code contained in a class is evaluated in JavaScript's strict mode which does not allow this use of 'arguments'. For more information, see https://developer.mozilla.org/en-US/docs/Web/JavaScript/Reference/Strict_mode., 1210, 1, 7, 4, 973345, 0.000001850214925591294
'super' must be called before accessing 'this' in the constructor of a derived class., 17009, 1, 7, 3, 978433, 0.0000013876611941934705
Dynamic import's specifier must be of type 'string', but here has type '{ onBoundary: (doc: any, cb: any) => void; onFinish: (err: any) => void; }'., 7036, 1, 6, 6, 49950, 0.000002775322388386941
Type alias 'pingResponse' circularly references itself., 2456, 1, 6, 6, 230596, 0.000002775322388386941
Decorators cannot be applied to multiple get/set accessors of the same name., 1207, 1, 6, 6, 305521, 0.000002775322388386941
Type 'void' does not satisfy the constraint '(...args: any) => any'., 2344, 1, 6, 5, 307962, 0.0000023127686569891176
Interface must be given a name., 1438, 1, 6, 6, 442999, 0.000002775322388386941
Parameter 'metadata' cannot reference identifier 'auth' declared after it., 2373, 1, 5, 5, 167668, 0.0000023127686569891176
This expression is not callable because it is a 'get' accessor. Did you mean to use it without '()'?, 6234, 1, 5, 5, 326791, 0.0000023127686569891176
Global module exports may only appear in module files., 1314, 1, 5, 5, 685864, 0.0000023127686569891176
Class static side 'typeof CircleDef' incorrectly extends base class static side 'typeof ShapeDef'., 2417, 1, 5, 4, 869369, 0.000001850214925591294
Dynamic imports only support a second argument when the '--module' option is set to 'esnext', 'node16', or 'nodenext'., 1324, 1, 4, 4, 61573, 0.000001850214925591294
Module '"fs"' has no default export. Did you mean to use 'import { readFile } from "fs"' instead?, 2613, 1, 4, 4, 70024, 0.000001850214925591294
Enum member expected., 1132, 1, 4, 3, 114465, 0.0000013876611941934705
Only ambient modules can use quoted names., 1035, 1, 4, 3, 243348, 0.0000013876611941934705
Type 'Extract<keyof this, string>' cannot be used to index type '{}'., 2536, 1, 4, 4, 348264, 0.000001850214925591294
'const' declarations can only be declared inside a block., 1156, 1, 4, 3, 356747, 0.0000013876611941934705
Cannot export 'globalThis'. Only local declarations can be exported from a module., 2661, 1, 4, 2, 391642, 9.25107462795647e-7
Required type parameters may not follow optional type parameters., 2706, 1, 4, 2, 469405, 9.25107462795647e-7
The left-hand side of a 'for...of' statement must be a variable or a property access., 2487, 1, 4, 3, 687009, 0.0000013876611941934705
Namespace must be given a name., 1437, 1, 4, 4, 688450, 0.000001850214925591294
No overload expects 4 arguments, but overloads do exist that expect either 2 or 5 arguments., 2575, 1, 4, 2, 747894, 9.25107462795647e-7
Unexpected token. A type parameter name was expected without curly braces., 1069, 1, 4, 4, 883714, 0.000001850214925591294
Unused '@ts-expect-error' directive., 2578, 1, 4, 3, 883733, 0.0000013876611941934705
Invalid use of 'arguments' in strict mode., 1100, 1, 4, 3, 973269, 0.0000013876611941934705
File 'test.setup.html' has an unsupported extension. The only supported extensions are '.ts', '.tsx', '.d.ts', '.js', '.jsx', '.cts', '.d.cts', '.cjs', '.mts', '.d.mts', '.mjs'., 6054, 1, 4, 4, 1037521, 0.000001850214925591294
A bigint literal must be an integer., 1353, 1, 4, 4, 1140197, 0.000001850214925591294
'assert' can only be imported by using a 'require' call or by turning on the 'esModuleInterop' flag and using a default import., 2598, 1, 4, 4, 1613464, 0.000001850214925591294
The operand of a 'delete' operator cannot be a read-only property., 2704, 1, 3, 3, 88161, 0.0000013876611941934705
A rest element must be last in a destructuring pattern., 2462, 1, 3, 3, 92865, 0.0000013876611941934705
A decorator can only decorate a method implementation, not an overload., 1249, 1, 3, 3, 112381, 0.0000013876611941934705
Cannot import type declaration files. Consider importing 'esydoc' instead of '@types/esydoc'., 6137, 1, 3, 3, 127699, 0.0000013876611941934705
Class name cannot be 'object'., 2414, 1, 3, 3, 290098, 0.0000013876611941934705
Class 'ApplicationError' incorrectly extends base class 'Error'., 2415, 1, 3, 2, 525735, 9.25107462795647e-7
Type '"INCREMEN"' is not assignable to type '"@@redux/INIT" | "INCREMENT" | "DECREMENT"'. Did you mean '"INCREMENT"'?, 2820, 1, 3, 3, 574563, 0.0000013876611941934705
Constructor of class 'ECDH' is private and only accessible within the class declaration., 2673, 1, 3, 2, 747317, 9.25107462795647e-7
Abstract methods can only appear within an abstract class., 1244, 1, 3, 1, 790838, 4.625537313978235e-7
An export assignment cannot have modifiers., 1120, 1, 3, 3, 857721, 0.0000013876611941934705
JSDoc '@param' tag has name 'race', but there is no parameter with that name. It would match 'arguments' if it had an array type., 8029, 1, 3, 3, 877121, 0.0000013876611941934705
A parameter property cannot be declared using a rest parameter., 1317, 1, 3, 2, 1987766, 9.25107462795647e-7
'async' modifier cannot appear on a constructor declaration., 1089, 1, 2, 2, 5098, 9.25107462795647e-7
Type of 'await' operand must either be a valid promise or must not contain a callable 'then' member., 1320, 1, 2, 2, 62468, 9.25107462795647e-7
Initializers are not allowed in ambient contexts., 1039, 1, 2, 2, 134802, 9.25107462795647e-7
Dynamic imports can only accept a module specifier and an optional assertion as arguments, 1450, 3, 2, 2, 241928, 9.25107462795647e-7
The left-hand side of an assignment expression may not be an optional property access., 2779, 1, 2, 1, 370112, 4.625537313978235e-7
The 'this' context of type 'void' is not assignable to method's 'this' of type 'REPLServer'., 2684, 1, 2, 2, 378242, 9.25107462795647e-7
Decorator function return type 'string' is not assignable to type 'void | typeof Sample'., 1270, 1, 2, 2, 437487, 9.25107462795647e-7
Could not resolve the path 'foo' with the extensions: '.ts', '.tsx', '.d.ts', '.js', '.jsx', '.cts', '.d.cts', '.cjs', '.mts', '.d.mts', '.mjs'., 6231, 1, 2, 2, 440659, 9.25107462795647e-7
'extends' list cannot be empty., 1097, 1, 2, 2, 472700, 9.25107462795647e-7
Identifier expected. 'await' is a reserved word at the top-level of a module., 1262, 1, 2, 2, 486202, 9.25107462795647e-7
Type 'void' must have a '[Symbol.asyncIterator]()' method that returns an async iterator., 2504, 1, 2, 2, 548802, 9.25107462795647e-7
Line break not permitted here., 1142, 1, 2, 2, 549219, 9.25107462795647e-7
A 'set' accessor must have exactly one parameter., 1049, 1, 2, 2, 574195, 9.25107462795647e-7
A default export must be at the top level of a file or module declaration., 1258, 1, 2, 1, 673661, 4.625537313978235e-7
Jump target cannot cross function boundary., 1107, 1, 2, 2, 786972, 9.25107462795647e-7
Identifier expected. 'static' is a reserved word in strict mode., 1212, 1, 2, 1, 792269, 4.625537313978235e-7
Expected 1 argument, but got 0. 'new Promise()' needs a JSDoc hint to produce a 'resolve' that can be called without arguments., 2810, 1, 2, 2, 883795, 9.25107462795647e-7
Import assertions are only supported when the '--module' option is set to 'esnext' or 'nodenext'., 2821, 1, 2, 2, 885154, 9.25107462795647e-7
Unexpected end of text., 1126, 1, 2, 2, 909014, 9.25107462795647e-7
The 'Object' type is assignable to very few other types. Did you mean to use the 'any' type instead?, 2696, 1, 2, 2, 909820, 9.25107462795647e-7
Import or export declaration in an ambient module declaration cannot reference module through relative module name., 2439, 1, 2, 1, 1054147, 4.625537313978235e-7
JSDoc '...' may only appear in the last parameter of a signature., 8028, 1, 2, 1, 1195117, 4.625537313978235e-7
This member cannot have a JSDoc comment with an '@override' tag because its containing class 'ReactNativeViewController' does not extend another class., 4121, 1, 2, 2, 1400285, 9.25107462795647e-7
'newWrapper()' accepts too few arguments to be used as a decorator here. Did you mean to call it first and write '@newWrapper()()'?, 1329, 1, 2, 2, 1713392, 9.25107462795647e-7
'Meta' cannot be used as a value because it was imported using 'import type'., 1361, 1, 2, 2, 1714900, 9.25107462795647e-7
Operator '+' cannot be applied to type 'bigint'., 2736, 1, 2, 1, 1824920, 4.625537313978235e-7
A rest parameter cannot be optional., 1047, 1, 2, 2, 1887230, 9.25107462795647e-7
Interface declaration cannot have 'implements' clause., 1176, 1, 1, 1, 347662, 4.625537313978235e-7
An index signature must have exactly one parameter., 1096, 1, 1, 1, 554881, 4.625537313978235e-7
Module '"module"' uses 'export =' and cannot be used with 'export *'., 2498, 1, 1, 1, 575315, 4.625537313978235e-7
Type 'void' must have a '[Symbol.iterator]()' method that returns an iterator., 2488, 1, 1, 1, 701230, 4.625537313978235e-7
Pattern '*.css[*.less/*.scss]' can have at most one '*' character., 5061, 1, 1, 1, 751644, 4.625537313978235e-7
'this' cannot be referenced in a module or namespace body., 2331, 1, 1, 1, 874259, 4.625537313978235e-7
The type 'readonly any[]' is 'readonly' and cannot be assigned to the mutable type 'any[]'., 4104, 1, 1, 1, 946025, 4.625537313978235e-7
An index signature parameter type cannot be a literal type or generic type. Consider using a mapped object type instead., 1337, 1, 1, 1, 950069, 4.625537313978235e-7
A bigint literal cannot use exponential notation., 1352, 1, 1, 1, 992007, 4.625537313978235e-7
Invalid 'reference' directive syntax., 1084, 1, 1, 1, 1063710, 4.625537313978235e-7
Statements are not allowed in ambient contexts., 1036, 1, 1, 1, 1103112, 4.625537313978235e-7
Base constructors must all have the same return type., 2510, 1, 1, 1, 1153913, 4.625537313978235e-7
The operand of an increment or decrement operator may not be an optional property access., 2777, 1, 1, 1, 1192163, 4.625537313978235e-7
Export declarations are not permitted in a namespace., 1194, 1, 1, 1, 1194050, 4.625537313978235e-7
Property 'start' does not exist on type 'Node'. Try changing the 'lib' compiler option to include 'dom'., 2812, 1, 1, 1, 1269606, 4.625537313978235e-7
An enum member cannot be named with a private identifier., 18024, 1, 1, 1, 1271110, 4.625537313978235e-7
A rest parameter cannot have an initializer., 1048, 1, 1, 1, 1327934, 4.625537313978235e-7
The left-hand side of a 'for...of' statement cannot use a type annotation., 2483, 1, 1, 1, 1404928, 4.625537313978235e-7
Catch clause variable type annotation must be 'any' or 'unknown' if specified., 1196, 1, 1, 1, 1427994, 4.625537313978235e-7
'let' is not allowed to be used as a name in 'let' or 'const' declarations., 2480, 1, 1, 1, 1477260, 4.625537313978235e-7
In an enum with multiple declarations, only one declaration can omit an initializer for its first enum element., 2432, 1, 1, 1, 1496850, 4.625537313978235e-7
'let' declarations can only be declared inside a block., 1157, 1, 1, 1, 1717924, 4.625537313978235e-7
An index signature must have a type annotation., 1021, 1, 1, 1, 1738459, 4.625537313978235e-7
'extends' clause already seen., 1172, 1, 1, 1, 1761298, 4.625537313978235e-7
Cannot assign to 'PlayerState' because it is an enum., 2628, 1, 1, 1, 1799737, 4.625537313978235e-7
A 'break' statement can only jump to a label of an enclosing statement., 1116, 1, 1, 1, 1857267, 4.625537313978235e-7
'get' and 'set' accessors cannot declare 'this' parameters., 2784, 1, 1, 1, 1965802, 4.625537313978235e-7
An interface cannot extend a primitive type like 'number'; an interface can only extend named types and classes, 2840, 1, 1, 1, 1989206, 4.625537313978235e-7
Classes can only extend a single class., 1174, 1, 1, 1, 2015065, 4.625537313978235e-7
A constructor cannot contain a 'super' call when its class extends 'null'., 17005, 1, 1, 1, 2123401, 4.625537313978235e-7

Total errors: 12586900
Snippets without errors: 716591/2161790(0.331480393562742)
Fixed: 1282886/2161790(0.5934369203299118)
Snippets no lines: 9964/2161790(0.004609143348798912)
Code lines: 20548795
Snippets timed out: 0/2161911(0)
Snippets failed: 121/2161911(0.00005596900149913664)
Snippets lineFailed: 0/2161911(0)
