DATASET INFORMATION:
TOTAL SNIPPETS: 1099
--------
ERROR ANALYSIS

ERROR, CODE, CATEGORY, NUM OCCURANCES, NUM AFFECTED SNIPPETS, FIRST ID, PERCENT
Cannot find name, 2304, 1, 1813, 647, 2, 0.5887170154686078
Character expected, 1005, 1, 471, 241, 8, 0.21929026387625114
Unexpected keyword or identifier., 1434, 1, 232, 41, 90, 0.0373066424021838
Cannot find name 'processes'. Did you mean 'process'?, 2552, 1, 197, 141, 10, 0.12829845313921748
Declaration or statement expected., 1128, 1, 149, 88, 58, 0.08007279344858963
Property 'sendBody' does not exist on type 'ServerResponse<IncomingMessage> & { req: IncomingMessage; }'., 2339, 1, 97, 66, 0, 0.06005459508644222
Expression expected., 1109, 1, 89, 56, 60, 0.050955414012738856
Left side of comma operator is unused and has no side effects., 2695, 1, 64, 29, 288, 0.026387625113739762
Unterminated string literal., 1002, 1, 45, 38, 8, 0.034576888080072796
'number' only refers to a type, but is being used as a value here., 2693, 1, 38, 7, 776, 0.006369426751592357
Identifier expected., 1003, 1, 32, 23, 190, 0.020928116469517744
Expected 1 arguments, but got 2., 2554, 1, 27, 25, 8, 0.022747952684258416
Argument of type 'number' is not assignable to parameter of type 'string'., 2345, 1, 23, 21, 134, 0.01910828025477707
Property 'sendHeader' does not exist on type 'ServerResponse<IncomingMessage> & { req: IncomingMessage; }'. Did you mean 'setHeader'?, 2551, 1, 20, 18, 0, 0.01637852593266606
Cannot use JSX unless the '--jsx' flag is provided., 17004, 1, 18, 7, 412, 0.006369426751592357
Duplicate identifier 'require_cwd'., 2300, 1, 15, 8, 408, 0.007279344858962694
Top-level 'await' expressions are only allowed when the 'module' option is set to 'es2022', 'esnext', 'system', 'node16', or 'nodenext', and the 'target' option is set to 'es2017' or higher., 1378, 1, 15, 11, 1150, 0.010009099181073703
A 'return' statement can only be used within a function body., 1108, 1, 14, 11, 972, 0.010009099181073703
Unknown keyword or identifier, 1435, 1, 13, 12, 90, 0.01091901728844404
Invalid character., 1127, 1, 13, 8, 90, 0.007279344858962694
Cannot find name '$'. Do you need to install type definitions for jQuery? Try `npm i --save-dev @types/jquery` and then add 'jquery' to the types field in your tsconfig., 2592, 1, 13, 9, 508, 0.00818926296633303
Cannot find name 'it'. Do you need to install type definitions for a test runner? Try `npm i --save-dev @types/jest` or `npm i --save-dev @types/mocha` and then add 'jest' or 'mocha' to the types field in your tsconfig., 2593, 1, 12, 10, 444, 0.009099181073703366
Cannot redeclare block-scoped variable 'inst'., 2451, 1, 11, 5, 930, 0.004549590536851683
'await' expressions are only allowed at the top level of a file when that file is a module, but this file has no imports or exports. Consider adding an empty 'export {}' to make this file a module., 1375, 1, 11, 7, 1198, 0.006369426751592357
No overload matches this call., 2769, 1, 10, 10, 126, 0.009099181073703366
Type 'string[]' is not assignable to type 'string'., 2322, 1, 10, 10, 184, 0.009099181073703366
Operator cannot be applied to types 1 and 2, 2365, 1, 9, 5, 132, 0.004549590536851683
This expression is not callable., 2349, 1, 9, 9, 146, 0.00818926296633303
The left-hand side of an arithmetic operation must be of type 'any', 'number', 'bigint' or an enum type., 2362, 1, 9, 8, 272, 0.007279344858962694
An identifier or keyword cannot immediately follow a numeric literal., 1351, 1, 8, 3, 246, 0.00272975432211101
Argument expression expected., 1135, 1, 7, 5, 412, 0.004549590536851683
The right-hand side of an arithmetic operation must be of type 'any', 'number', 'bigint' or an enum type., 2363, 1, 7, 5, 414, 0.004549590536851683
No value exists in scope for the shorthand property 'response'. Either declare one or provide an initializer., 18004, 1, 6, 4, 84, 0.003639672429481347
Unterminated template literal., 1160, 1, 6, 6, 102, 0.00545950864422202
Did you mean to use a ':'? An '=' can only follow a property name when the containing object literal is part of a destructuring pattern., 1312, 1, 6, 4, 388, 0.003639672429481347
Unterminated regular expression literal., 1161, 1, 6, 6, 412, 0.00545950864422202
'nextKey' is possibly 'undefined'., 18048, 1, 6, 3, 466, 0.00272975432211101
Unexpected token. Did you mean `{'}'}` or `&rbrace;`?, 1381, 1, 6, 2, 1194, 0.0018198362147406734
Trailing comma not allowed., 1009, 1, 5, 4, 86, 0.003639672429481347
JSX element 'script' has no corresponding closing tag., 17008, 1, 5, 3, 796, 0.00272975432211101
String literal expected., 1141, 1, 5, 4, 920, 0.003639672429481347
Block-scoped variable 'models' used before its declaration., 2448, 1, 5, 5, 1688, 0.004549590536851683
Cannot find name 'document'. Do you need to change your target library? Try changing the 'lib' compiler option to include 'dom'., 2584, 1, 4, 4, 236, 0.003639672429481347
Only a void function can be called with the 'new' keyword., 2350, 1, 4, 4, 644, 0.003639672429481347
Type '10000' is not an array type., 2461, 1, 4, 3, 1168, 0.00272975432211101
Declaration expected., 1146, 1, 3, 3, 190, 0.00272975432211101
'enum' declarations can only be used in TypeScript files., 8006, 1, 3, 1, 324, 0.0009099181073703367
A type predicate is only allowed in return type position for functions and methods., 1228, 1, 3, 3, 444, 0.00272975432211101
'const' declarations must be initialized., 1155, 1, 3, 2, 1032, 0.0018198362147406734
The operand of a 'delete' operator must be a property reference., 2703, 1, 3, 3, 1080, 0.00272975432211101
Cannot find name 'splitSize'. Did you mean the instance member 'this.splitSize'?, 2663, 1, 3, 3, 1090, 0.00272975432211101
Cannot find module '/Users/john/Desktop/Apps/APNS/node/mhn-app-firebase-adminsdk-bs45c-5ac3770488.json'. Consider using '--resolveJsonModule' to import module with '.json' extension., 2732, 1, 3, 3, 1764, 0.00272975432211101
Type '(request: any, response: any) => void' has no properties in common with type 'ServerOptions<typeof IncomingMessage, typeof ServerResponse>'., 2559, 1, 2, 2, 84, 0.0018198362147406734
Value of type 'typeof EventEmitter' is not callable. Did you mean to include 'new'?, 2348, 1, 2, 2, 128, 0.0018198362147406734
Variable declaration expected., 1134, 1, 2, 2, 246, 0.0018198362147406734
Circular definition of import alias 'dbConnection'., 2303, 1, 2, 2, 416, 0.0018198362147406734
Property assignment expected., 1136, 1, 2, 2, 422, 0.0018198362147406734
This comparison appears to be unintentional because the types 'void' and 'string' have no overlap., 2367, 1, 2, 2, 460, 0.0018198362147406734
Index signature in type 'String' only permits reading., 2542, 1, 2, 1, 568, 0.0009099181073703367
An object literal cannot have multiple properties with the same name., 1117, 1, 2, 2, 870, 0.0018198362147406734
Type 'IterableIterator<number>' can only be iterated through when using the '--downlevelIteration' flag or with a '--target' of 'es2015' or higher., 2802, 1, 2, 2, 916, 0.0018198362147406734
Unexpected token. A constructor, method, accessor, or property was expected., 1068, 1, 2, 2, 944, 0.0018198362147406734
Cannot assign to 'json' because it is a constant., 2588, 1, 2, 2, 1396, 0.0018198362147406734
The 'public' modifier can only be used in TypeScript files., 8009, 1, 2, 1, 1642, 0.0009099181073703367
Super calls are not permitted outside constructors or in nested functions inside constructors., 2337, 1, 2, 1, 1734, 0.0009099181073703367
Non-null assertions can only be used in TypeScript files., 8013, 1, 2, 1, 1900, 0.0009099181073703367
Type assertion expressions can only be used in TypeScript files., 8016, 1, 2, 2, 2132, 0.0018198362147406734
Cannot assign to 'winston' because it is an import., 2632, 1, 1, 1, 322, 0.0009099181073703367
'enum' is not allowed as a parameter name., 1390, 1, 1, 1, 324, 0.0009099181073703367
Function type, which lacks return-type annotation, implicitly has an 'any' return type., 7014, 1, 1, 1, 394, 0.0009099181073703367
Type annotations can only be used in TypeScript files., 8010, 1, 1, 1, 394, 0.0009099181073703367
Cannot use namespace 'NodeJS' as a value., 2708, 1, 1, 1, 558, 0.0009099181073703367
'out' modifier can only appear on a type parameter of a class, interface or type alias, 1274, 1, 1, 1, 634, 0.0009099181073703367
Parameter modifiers can only be used in TypeScript files., 8012, 1, 1, 1, 634, 0.0009099181073703367
'var' is not allowed as a variable declaration name., 1389, 1, 1, 1, 636, 0.0009099181073703367
The 'with' statement is not supported. All symbols in a 'with' block will have type 'any'., 2410, 1, 1, 1, 708, 0.0009099181073703367
Cannot find name 'await'. Did you mean to write this in an async function?, 2311, 1, 1, 1, 714, 0.0009099181073703367
A class declaration without the 'default' modifier must have a name., 1211, 1, 1, 1, 756, 0.0009099181073703367
Type '{ date: any; values: { value: any; score: any; }[]; }' is missing the following properties from type '{ date: string; value: string; score: number; }': value, score, 2739, 1, 1, 1, 788, 0.0009099181073703367
Declaration name conflicts with built-in global identifier 'globalThis'., 2397, 1, 1, 1, 790, 0.0009099181073703367
Cannot invoke an object which is possibly 'undefined'., 2722, 1, 1, 1, 952, 0.0009099181073703367
'*/' expected., 1010, 1, 1, 1, 1040, 0.0009099181073703367
'import ... =' can only be used in TypeScript files., 8002, 1, 1, 1, 1068, 0.0009099181073703367
An arithmetic operand must be of type 'any', 'number', 'bigint' or an enum type., 2356, 1, 1, 1, 1200, 0.0009099181073703367
This expression is not constructable., 2351, 1, 1, 1, 1340, 0.0009099181073703367
Property 'set' in type 'WeakMapObj' is not assignable to the same property in base type 'Map<any, any>'., 2416, 1, 1, 1, 1430, 0.0009099181073703367
Cannot assign to 'bar' because it is a read-only property., 2540, 1, 1, 1, 1648, 0.0009099181073703367
JSX expressions must have one parent element., 2657, 1, 1, 1, 1696, 0.0009099181073703367
Expected at least 1 arguments, but got 0., 2555, 1, 1, 1, 1962, 0.0009099181073703367
'await' expressions are only allowed within async functions and at the top levels of modules., 1308, 1, 1, 1, 2110, 0.0009099181073703367
Module declaration names may only use ' or " quoted strings., 1443, 1, 1, 1, 2162, 0.0009099181073703367

Total errors: 3644
Snippets without errors: 0/1099(0)
Fixed: 0/1099(0)
Snippets no lines: 0/1099(0)
Code lines: 13068
Snippets timed out: 0/1099(0)
Snippets failed: 0/1099(0)
Snippets lineFailed: 0/1099(0)
--------
DELETION ANALYSIS

ERROR, CODE, CATEGORY, NUM OCCURANCES, NUM AFFECTED SNIPPETS, FIRST ID, PERCENT
Cannot find name, 2304, 1, 369, 273, 2, 0.2484076433121019
Character expected, 1005, 1, 112, 106, 20, 0.09645131938125569
Cannot find name 'processes'. Did you mean 'process'?, 2552, 1, 42, 41, 10, 0.0373066424021838
Property 'pump' does not exist on type 'typeof import("util")'., 2339, 1, 26, 22, 12, 0.020018198362147407
Expression expected., 1109, 1, 13, 13, 240, 0.011828935395814377
Declaration or statement expected., 1128, 1, 9, 8, 374, 0.007279344858962694
A 'return' statement can only be used within a function body., 1108, 1, 9, 9, 860, 0.00818926296633303
Argument of type 'Promise<any>' is not assignable to parameter of type '(value: void) => void | PromiseLike<void>'., 2345, 1, 7, 7, 350, 0.006369426751592357
Cannot find name '$'. Do you need to install type definitions for jQuery? Try `npm i --save-dev @types/jquery` and then add 'jquery' to the types field in your tsconfig., 2592, 1, 5, 4, 596, 0.003639672429481347
No overload matches this call., 2769, 1, 4, 4, 662, 0.003639672429481347
Left side of comma operator is unused and has no side effects., 2695, 1, 3, 3, 486, 0.00272975432211101
Unterminated template literal., 1160, 1, 3, 3, 734, 0.00272975432211101
This expression is not callable., 2349, 1, 3, 3, 1588, 0.00272975432211101
Property 'export' does not exist on type 'NodeModule'. Did you mean 'exports'?, 2551, 1, 2, 2, 484, 0.0018198362147406734
Cannot find name 'document'. Do you need to change your target library? Try changing the 'lib' compiler option to include 'dom'., 2584, 1, 2, 2, 588, 0.0018198362147406734
Trailing comma not allowed., 1009, 1, 2, 2, 768, 0.0018198362147406734
Type 'IterableIterator<number>' can only be iterated through when using the '--downlevelIteration' flag or with a '--target' of 'es2015' or higher., 2802, 1, 2, 2, 916, 0.0018198362147406734
Block-scoped variable 'models' used before its declaration., 2448, 1, 2, 2, 1688, 0.0018198362147406734
'conn' is possibly 'undefined'., 18048, 1, 2, 2, 1720, 0.0018198362147406734
Type '(socket: any, server: any) => void' has no properties in common with type 'ServerOpts'., 2559, 1, 1, 1, 88, 0.0009099181073703367
Cannot assign to 'winston' because it is an import., 2632, 1, 1, 1, 322, 0.0009099181073703367
Identifier expected., 1003, 1, 1, 1, 364, 0.0009099181073703367
This comparison appears to be unintentional because the types 'void' and 'string' have no overlap., 2367, 1, 1, 1, 460, 0.0009099181073703367
Expected 2-3 arguments, but got 0., 2554, 1, 1, 1, 590, 0.0009099181073703367
'out' modifier can only appear on a type parameter of a class, interface or type alias, 1274, 1, 1, 1, 634, 0.0009099181073703367
Parameter modifiers can only be used in TypeScript files., 8012, 1, 1, 1, 634, 0.0009099181073703367
A 'yield' expression is only allowed in a generator body., 1163, 1, 1, 1, 660, 0.0009099181073703367
A class declaration without the 'default' modifier must have a name., 1211, 1, 1, 1, 756, 0.0009099181073703367
Type 'number' is not assignable to type 'object'., 2322, 1, 1, 1, 796, 0.0009099181073703367
Cannot use JSX unless the '--jsx' flag is provided., 17004, 1, 1, 1, 796, 0.0009099181073703367
JSX element 'script' has no corresponding closing tag., 17008, 1, 1, 1, 796, 0.0009099181073703367
'*/' expected., 1010, 1, 1, 1, 1040, 0.0009099181073703367
'const' declarations can only be declared inside a block., 1156, 1, 1, 1, 1128, 0.0009099181073703367
Top-level 'await' expressions are only allowed when the 'module' option is set to 'es2022', 'esnext', 'system', 'node16', or 'nodenext', and the 'target' option is set to 'es2017' or higher., 1378, 1, 1, 1, 1150, 0.0009099181073703367
Property 'set' in type 'WeakMapObj' is not assignable to the same property in base type 'Map<any, any>'., 2416, 1, 1, 1, 1430, 0.0009099181073703367
Cannot find name 'test'. Do you need to install type definitions for a test runner? Try `npm i --save-dev @types/jest` or `npm i --save-dev @types/mocha` and then add 'jest' or 'mocha' to the types field in your tsconfig., 2593, 1, 1, 1, 1558, 0.0009099181073703367
Property assignment expected., 1136, 1, 1, 1, 1588, 0.0009099181073703367
Type 'undefined' is not an array type., 2461, 1, 1, 1, 1650, 0.0009099181073703367
Cannot find name 'parameters'. Did you mean the instance member 'this.parameters'?, 2663, 1, 1, 1, 1656, 0.0009099181073703367
The right-hand side of an arithmetic operation must be of type 'any', 'number', 'bigint' or an enum type., 2363, 1, 1, 1, 1682, 0.0009099181073703367
Unknown keyword or identifier, 1435, 1, 1, 1, 1756, 0.0009099181073703367
A 'get' accessor must return a value., 2378, 1, 1, 1, 1762, 0.0009099181073703367
Cannot assign to 'i' because it is a constant., 2588, 1, 1, 1, 2034, 0.0009099181073703367
The operand of a 'delete' operator must be a property reference., 2703, 1, 1, 1, 2160, 0.0009099181073703367
The left-hand side of an arithmetic operation must be of type 'any', 'number', 'bigint' or an enum type., 2362, 1, 1, 1, 2178, 0.0009099181073703367

Total errors: 643
Snippets without errors: 617/1099(0.5614194722474978)
Fixed: 889/1099(0.8089171974522293)
Snippets no lines: 145/1099(0.13193812556869883)
Code lines: 11132
Snippets timed out: 0/1099(0)
Snippets failed: 0/1099(0)
Snippets lineFailed: 0/1099(0)
--------
TS FIX ANALYSIS

ERROR, CODE, CATEGORY, NUM OCCURANCES, NUM AFFECTED SNIPPETS, FIRST ID, PERCENT
Cannot find name, 2304, 1, 1310, 513, 2, 0.46678798908098273
Character expected, 1005, 1, 475, 243, 8, 0.2211101000909918
Unexpected keyword or identifier., 1434, 1, 232, 41, 90, 0.0373066424021838
Property 'sendBody' does not exist on type 'ServerResponse<IncomingMessage> & { req: IncomingMessage; }'., 2339, 1, 187, 126, 0, 0.11464968152866242
Declaration or statement expected., 1128, 1, 150, 89, 58, 0.08098271155595996
Expression expected., 1109, 1, 103, 68, 16, 0.06187443130118289
Type annotations can only be used in TypeScript files., 8010, 1, 98, 6, 204, 0.00545950864422202
Left side of comma operator is unused and has no side effects., 2695, 1, 64, 29, 288, 0.026387625113739762
Unterminated string literal., 1002, 1, 45, 38, 8, 0.034576888080072796
'number' only refers to a type, but is being used as a value here., 2693, 1, 38, 7, 776, 0.006369426751592357
Identifier expected., 1003, 1, 34, 25, 190, 0.022747952684258416
Duplicate identifier 'express'., 2300, 1, 32, 15, 142, 0.01364877161055505
Argument of type 'number' is not assignable to parameter of type 'string'., 2345, 1, 29, 25, 0, 0.022747952684258416
Import declaration conflicts with local declaration of 'readFileSync'., 2440, 1, 29, 29, 230, 0.026387625113739762
Expected 1 arguments, but got 2., 2554, 1, 28, 26, 8, 0.023657870791628753
Block-scoped variable 'app' used before its declaration., 2448, 1, 25, 20, 876, 0.018198362147406732
Cannot redeclare block-scoped variable 'W'., 2451, 1, 22, 10, 16, 0.009099181073703366
Cannot use JSX unless the '--jsx' flag is provided., 17004, 1, 18, 7, 412, 0.006369426751592357
The '?' modifier can only be used in TypeScript files., 8009, 1, 16, 2, 1296, 0.0018198362147406734
This expression is not callable., 2349, 1, 15, 15, 0, 0.01364877161055505
Top-level 'await' expressions are only allowed when the 'module' option is set to 'es2022', 'esnext', 'system', 'node16', or 'nodenext', and the 'target' option is set to 'es2017' or higher., 1378, 1, 15, 11, 1150, 0.010009099181073703
Type 'string[]' is not assignable to type 'string'., 2322, 1, 14, 14, 104, 0.012738853503184714
A 'return' statement can only be used within a function body., 1108, 1, 14, 11, 972, 0.010009099181073703
Invalid character., 1127, 1, 13, 8, 90, 0.007279344858962694
No overload matches this call., 2769, 1, 13, 13, 126, 0.011828935395814377
Cannot find name '$'. Do you need to install type definitions for jQuery? Try `npm i --save-dev @types/jquery` and then add 'jquery' to the types field in your tsconfig., 2592, 1, 13, 9, 508, 0.00818926296633303
Unknown keyword or identifier, 1435, 1, 12, 11, 90, 0.010009099181073703
Cannot find name 'it'. Do you need to install type definitions for a test runner? Try `npm i --save-dev @types/jest` or `npm i --save-dev @types/mocha` and then add 'jest' or 'mocha' to the types field in your tsconfig., 2593, 1, 12, 10, 444, 0.009099181073703366
Operator cannot be applied to types 1 and 2, 2365, 1, 10, 6, 132, 0.00545950864422202
The right-hand side of an arithmetic operation must be of type 'any', 'number', 'bigint' or an enum type., 2363, 1, 10, 7, 246, 0.006369426751592357
The left-hand side of an arithmetic operation must be of type 'any', 'number', 'bigint' or an enum type., 2362, 1, 10, 9, 272, 0.00818926296633303
Module '"assert"' has no exported member 'toString'., 2305, 1, 9, 9, 28, 0.00818926296633303
Argument expression expected., 1135, 1, 9, 7, 210, 0.006369426751592357
An identifier or keyword cannot immediately follow a numeric literal., 1351, 1, 8, 3, 246, 0.00272975432211101
'nextKey' is possibly 'undefined'., 18048, 1, 7, 4, 466, 0.003639672429481347
No value exists in scope for the shorthand property 'response'. Either declare one or provide an initializer., 18004, 1, 6, 4, 84, 0.003639672429481347
Unterminated template literal., 1160, 1, 6, 6, 102, 0.00545950864422202
Unterminated regular expression literal., 1161, 1, 6, 6, 412, 0.00545950864422202
Unexpected token. Did you mean `{'}'}` or `&rbrace;`?, 1381, 1, 6, 2, 1194, 0.0018198362147406734
Trailing comma not allowed., 1009, 1, 5, 4, 86, 0.003639672429481347
Type '{ date: any; values: { value: any; score: any; }[]; }' is missing the following properties from type '{ date: string; value: string; score: number; }': value, score, 2739, 1, 5, 4, 788, 0.003639672429481347
JSX element 'script' has no corresponding closing tag., 17008, 1, 5, 3, 796, 0.00272975432211101
String literal expected., 1141, 1, 5, 4, 920, 0.003639672429481347
Cannot find name 'document'. Do you need to change your target library? Try changing the 'lib' compiler option to include 'dom'., 2584, 1, 4, 4, 236, 0.003639672429481347
'enum' declarations can only be used in TypeScript files., 8006, 1, 4, 2, 324, 0.0018198362147406734
An expression of type 'void' cannot be tested for truthiness., 1345, 1, 4, 4, 374, 0.003639672429481347
Only a void function can be called with the 'new' keyword., 2350, 1, 4, 4, 644, 0.003639672429481347
Type '10000' is not an array type., 2461, 1, 4, 3, 1168, 0.00272975432211101
Declaration expected., 1146, 1, 3, 3, 190, 0.00272975432211101
Cannot find name 'doSomeOtherWorkOnArgs'. Did you mean 'doSomeWorkOnArgs'?, 2552, 1, 3, 2, 316, 0.0018198362147406734
Cannot assign to 'count' because it is a constant., 2588, 1, 3, 3, 362, 0.00272975432211101
A type predicate is only allowed in return type position for functions and methods., 1228, 1, 3, 3, 444, 0.00272975432211101
The operand of a 'delete' operator must be a property reference., 2703, 1, 3, 3, 1080, 0.00272975432211101
Cannot find module '/Users/john/Desktop/Apps/APNS/node/mhn-app-firebase-adminsdk-bs45c-5ac3770488.json'. Consider using '--resolveJsonModule' to import module with '.json' extension., 2732, 1, 3, 3, 1764, 0.00272975432211101
Type '(request: any, response: any) => void' has no properties in common with type 'ServerOptions<typeof IncomingMessage, typeof ServerResponse>'., 2559, 1, 2, 2, 84, 0.0018198362147406734
This expression is not constructable., 2351, 1, 2, 2, 128, 0.0018198362147406734
Cannot assign to 'app' because it is a function., 2630, 1, 2, 2, 204, 0.0018198362147406734
Variable declaration expected., 1134, 1, 2, 2, 246, 0.0018198362147406734
Property assignment expected., 1136, 1, 2, 2, 422, 0.0018198362147406734
This comparison appears to be unintentional because the types 'void' and 'string' have no overlap., 2367, 1, 2, 2, 460, 0.0018198362147406734
Index signature in type 'String' only permits reading., 2542, 1, 2, 1, 568, 0.0009099181073703367
'var' is not allowed as a variable declaration name., 1389, 1, 2, 2, 636, 0.0018198362147406734
An object literal cannot have multiple properties with the same name., 1117, 1, 2, 2, 870, 0.0018198362147406734
Type 'IterableIterator<number>' can only be iterated through when using the '--downlevelIteration' flag or with a '--target' of 'es2015' or higher., 2802, 1, 2, 2, 916, 0.0018198362147406734
Unexpected token. A constructor, method, accessor, or property was expected., 1068, 1, 2, 2, 944, 0.0018198362147406734
'const' declarations must be initialized., 1155, 1, 2, 1, 1032, 0.0009099181073703367
Cannot assign to 'bar' because it is a read-only property., 2540, 1, 2, 2, 1648, 0.0018198362147406734
Super calls are not permitted outside constructors or in nested functions inside constructors., 2337, 1, 2, 1, 1734, 0.0009099181073703367
Non-null assertions can only be used in TypeScript files., 8013, 1, 2, 1, 1900, 0.0009099181073703367
'const' declarations can only be declared inside a block., 1156, 1, 2, 2, 1992, 0.0018198362147406734
Type assertion expressions can only be used in TypeScript files., 8016, 1, 2, 2, 2132, 0.0018198362147406734
Cannot assign to 'winston' because it is an import., 2632, 1, 1, 1, 322, 0.0009099181073703367
'enum' is not allowed as a parameter name., 1390, 1, 1, 1, 324, 0.0009099181073703367
'await' expressions are only allowed within async functions and at the top levels of modules., 1308, 1, 1, 1, 350, 0.0009099181073703367
Function type, which lacks return-type annotation, implicitly has an 'any' return type., 7014, 1, 1, 1, 394, 0.0009099181073703367
Cannot use namespace 'NodeJS' as a value., 2708, 1, 1, 1, 558, 0.0009099181073703367
'out' modifier can only appear on a type parameter of a class, interface or type alias, 1274, 1, 1, 1, 634, 0.0009099181073703367
Parameter modifiers can only be used in TypeScript files., 8012, 1, 1, 1, 634, 0.0009099181073703367
The 'with' statement is not supported. All symbols in a 'with' block will have type 'any'., 2410, 1, 1, 1, 708, 0.0009099181073703367
A class declaration without the 'default' modifier must have a name., 1211, 1, 1, 1, 756, 0.0009099181073703367
Declaration name conflicts with built-in global identifier 'globalThis'., 2397, 1, 1, 1, 790, 0.0009099181073703367
Cannot invoke an object which is possibly 'undefined'., 2722, 1, 1, 1, 952, 0.0009099181073703367
Type 'string' is not comparable to type '() => string'., 2678, 1, 1, 1, 960, 0.0009099181073703367
'*/' expected., 1010, 1, 1, 1, 1040, 0.0009099181073703367
'import ... =' can only be used in TypeScript files., 8002, 1, 1, 1, 1068, 0.0009099181073703367
An arithmetic operand must be of type 'any', 'number', 'bigint' or an enum type., 2356, 1, 1, 1, 1200, 0.0009099181073703367
Property 'set' in type 'WeakMapObj' is not assignable to the same property in base type 'Map<any, any>'., 2416, 1, 1, 1, 1430, 0.0009099181073703367
Value of type 'BufferConstructor' is not callable. Did you mean to include 'new'?, 2348, 1, 1, 1, 1594, 0.0009099181073703367
JSX expressions must have one parent element., 2657, 1, 1, 1, 1696, 0.0009099181073703367
Expected at least 1 arguments, but got 0., 2555, 1, 1, 1, 1962, 0.0009099181073703367
Type 'RegExpExecArray' is missing the following properties from type 'Math': E, LN10, LN2, LOG2E, and 40 more., 2740, 1, 1, 1, 2074, 0.0009099181073703367
Module declaration names may only use ' or " quoted strings., 1443, 1, 1, 1, 2162, 0.0009099181073703367

Total errors: 3256
Snippets without errors: 135/1099(0.12283894449499545)
Fixed: 390/1099(0.3548680618744313)
Snippets no lines: 0/1099(0)
Code lines: 13674
Snippets timed out: 0/1099(0)
Snippets failed: 0/1099(0)
Snippets lineFailed: 0/1099(0)
--------
CUSTOM FIX ANALYSIS

ERROR, CODE, CATEGORY, NUM OCCURANCES, NUM AFFECTED SNIPPETS, FIRST ID, PERCENT
Cannot find name, 2304, 1, 548, 155, 40, 0.1410373066424022
Property 'sendBody' does not exist on type 'ServerResponse<IncomingMessage> & { req: IncomingMessage; }'., 2339, 1, 532, 336, 0, 0.3057324840764331
Character expected, 1005, 1, 457, 240, 8, 0.2183803457688808
Unexpected keyword or identifier., 1434, 1, 234, 41, 90, 0.0373066424021838
Declaration or statement expected., 1128, 1, 148, 88, 58, 0.08007279344858963
Expression expected., 1109, 1, 94, 57, 60, 0.051865332120109194
Cannot find name 'toString'. Did you mean 'String'?, 2552, 1, 86, 71, 28, 0.0646041856232939
Left side of comma operator is unused and has no side effects., 2695, 1, 54, 28, 288, 0.025477707006369428
Unterminated string literal., 1002, 1, 45, 38, 8, 0.034576888080072796
'number' only refers to a type, but is being used as a value here., 2693, 1, 38, 7, 776, 0.006369426751592357
Identifier expected., 1003, 1, 32, 23, 190, 0.020928116469517744
Expected 1 arguments, but got 2., 2554, 1, 31, 29, 8, 0.026387625113739762
Property 'sendHeader' does not exist on type 'ServerResponse<IncomingMessage> & { req: IncomingMessage; }'. Did you mean 'setHeader'?, 2551, 1, 30, 25, 0, 0.022747952684258416
The right-hand side of an arithmetic operation must be of type 'any', 'number', 'bigint' or an enum type., 2363, 1, 29, 12, 246, 0.01091901728844404
Argument of type 'number' is not assignable to parameter of type 'string'., 2345, 1, 28, 26, 134, 0.023657870791628753
This expression is not constructable., 2351, 1, 23, 23, 18, 0.020928116469517744
This expression is not callable., 2349, 1, 22, 19, 146, 0.017288444040036398
Type 'string[]' is not assignable to type 'string'., 2322, 1, 18, 16, 184, 0.014558689717925387
Cannot use JSX unless the '--jsx' flag is provided., 17004, 1, 18, 7, 412, 0.006369426751592357
The left-hand side of an arithmetic operation must be of type 'any', 'number', 'bigint' or an enum type., 2362, 1, 17, 15, 226, 0.01364877161055505
Duplicate identifier 'require_cwd'., 2300, 1, 15, 8, 408, 0.007279344858962694
Top-level 'await' expressions are only allowed when the 'module' option is set to 'es2022', 'esnext', 'system', 'node16', or 'nodenext', and the 'target' option is set to 'es2017' or higher., 1378, 1, 15, 11, 1150, 0.010009099181073703
No overload matches this call., 2769, 1, 14, 14, 126, 0.012738853503184714
A 'return' statement can only be used within a function body., 1108, 1, 14, 11, 972, 0.010009099181073703
Unknown keyword or identifier, 1435, 1, 13, 12, 90, 0.01091901728844404
Invalid character., 1127, 1, 13, 8, 90, 0.007279344858962694
Cannot find name '$'. Do you need to install type definitions for jQuery? Try `npm i --save-dev @types/jquery` and then add 'jquery' to the types field in your tsconfig., 2592, 1, 13, 9, 508, 0.00818926296633303
Cannot find name 'it'. Do you need to install type definitions for a test runner? Try `npm i --save-dev @types/jest` or `npm i --save-dev @types/mocha` and then add 'jest' or 'mocha' to the types field in your tsconfig., 2593, 1, 12, 10, 444, 0.009099181073703366
Type annotations can only be used in TypeScript files., 8010, 1, 11, 2, 394, 0.0018198362147406734
Cannot redeclare block-scoped variable 'inst'., 2451, 1, 11, 5, 930, 0.004549590536851683
'await' expressions are only allowed at the top level of a file when that file is a module, but this file has no imports or exports. Consider adding an empty 'export {}' to make this file a module., 1375, 1, 11, 7, 1198, 0.006369426751592357
Operator cannot be applied to types 1 and 2, 2365, 1, 10, 6, 132, 0.00545950864422202
The right-hand side of a 'for...in' statement must be of type 'any', an object type or a type parameter, but here has type 'string'., 2407, 1, 9, 8, 148, 0.007279344858962694
An identifier or keyword cannot immediately follow a numeric literal., 1351, 1, 8, 3, 246, 0.00272975432211101
Argument expression expected., 1135, 1, 7, 5, 412, 0.004549590536851683
'nextKey' is possibly 'undefined'., 18048, 1, 7, 4, 466, 0.003639672429481347
No value exists in scope for the shorthand property 'response'. Either declare one or provide an initializer., 18004, 1, 6, 4, 84, 0.003639672429481347
Unterminated template literal., 1160, 1, 6, 6, 102, 0.00545950864422202
Index signature in type 'String' only permits reading., 2542, 1, 6, 5, 226, 0.004549590536851683
Did you mean to use a ':'? An '=' can only follow a property name when the containing object literal is part of a destructuring pattern., 1312, 1, 6, 4, 388, 0.003639672429481347
Unterminated regular expression literal., 1161, 1, 6, 6, 412, 0.00545950864422202
Unexpected token. Did you mean `{'}'}` or `&rbrace;`?, 1381, 1, 6, 2, 1194, 0.0018198362147406734
An arithmetic operand must be of type 'any', 'number', 'bigint' or an enum type., 2356, 1, 6, 3, 1200, 0.00272975432211101
Trailing comma not allowed., 1009, 1, 5, 4, 86, 0.003639672429481347
JSX element 'script' has no corresponding closing tag., 17008, 1, 5, 3, 796, 0.00272975432211101
String literal expected., 1141, 1, 5, 4, 920, 0.003639672429481347
Block-scoped variable 'models' used before its declaration., 2448, 1, 5, 5, 1688, 0.004549590536851683
Cannot find name 'document'. Do you need to change your target library? Try changing the 'lib' compiler option to include 'dom'., 2584, 1, 4, 4, 236, 0.003639672429481347
Only a void function can be called with the 'new' keyword., 2350, 1, 4, 4, 644, 0.003639672429481347
Type '10000' is not an array type., 2461, 1, 4, 3, 1168, 0.00272975432211101
Type '(request: any, response: any) => void' has no properties in common with type 'ServerOptions<typeof IncomingMessage, typeof ServerResponse>'., 2559, 1, 3, 3, 84, 0.00272975432211101
Declaration expected., 1146, 1, 3, 3, 190, 0.00272975432211101
'enum' declarations can only be used in TypeScript files., 8006, 1, 3, 1, 324, 0.0009099181073703367
A type predicate is only allowed in return type position for functions and methods., 1228, 1, 3, 3, 444, 0.00272975432211101
Type 'IterableIterator<number>' can only be iterated through when using the '--downlevelIteration' flag or with a '--target' of 'es2015' or higher., 2802, 1, 3, 3, 916, 0.00272975432211101
'const' declarations must be initialized., 1155, 1, 3, 2, 1032, 0.0018198362147406734
The operand of a 'delete' operator must be a property reference., 2703, 1, 3, 3, 1080, 0.00272975432211101
Cannot find name 'splitSize'. Did you mean the instance member 'this.splitSize'?, 2663, 1, 3, 3, 1090, 0.00272975432211101
Cannot find module '/Users/john/Desktop/Apps/APNS/node/mhn-app-firebase-adminsdk-bs45c-5ac3770488.json'. Consider using '--resolveJsonModule' to import module with '.json' extension., 2732, 1, 3, 3, 1764, 0.00272975432211101
Value of type 'typeof EventEmitter' is not callable. Did you mean to include 'new'?, 2348, 1, 2, 2, 128, 0.0018198362147406734
Variable declaration expected., 1134, 1, 2, 2, 246, 0.0018198362147406734
Property assignment expected., 1136, 1, 2, 2, 422, 0.0018198362147406734
This comparison appears to be unintentional because the types 'void' and 'string' have no overlap., 2367, 1, 2, 2, 460, 0.0018198362147406734
An object literal cannot have multiple properties with the same name., 1117, 1, 2, 2, 870, 0.0018198362147406734
Unexpected token. A constructor, method, accessor, or property was expected., 1068, 1, 2, 2, 944, 0.0018198362147406734
Cannot assign to 'json' because it is a constant., 2588, 1, 2, 2, 1396, 0.0018198362147406734
The 'public' modifier can only be used in TypeScript files., 8009, 1, 2, 1, 1642, 0.0009099181073703367
Super calls are not permitted outside constructors or in nested functions inside constructors., 2337, 1, 2, 1, 1734, 0.0009099181073703367
Non-null assertions can only be used in TypeScript files., 8013, 1, 2, 1, 1900, 0.0009099181073703367
Type assertion expressions can only be used in TypeScript files., 8016, 1, 2, 2, 2132, 0.0018198362147406734
Cannot assign to 'winston' because it is an import., 2632, 1, 1, 1, 322, 0.0009099181073703367
'enum' is not allowed as a parameter name., 1390, 1, 1, 1, 324, 0.0009099181073703367
Function type, which lacks return-type annotation, implicitly has an 'any' return type., 7014, 1, 1, 1, 394, 0.0009099181073703367
Cannot use namespace 'NodeJS' as a value., 2708, 1, 1, 1, 558, 0.0009099181073703367
'out' modifier can only appear on a type parameter of a class, interface or type alias, 1274, 1, 1, 1, 634, 0.0009099181073703367
Parameter modifiers can only be used in TypeScript files., 8012, 1, 1, 1, 634, 0.0009099181073703367
'var' is not allowed as a variable declaration name., 1389, 1, 1, 1, 636, 0.0009099181073703367
The 'with' statement is not supported. All symbols in a 'with' block will have type 'any'., 2410, 1, 1, 1, 708, 0.0009099181073703367
Cannot find name 'await'. Did you mean to write this in an async function?, 2311, 1, 1, 1, 714, 0.0009099181073703367
A class declaration without the 'default' modifier must have a name., 1211, 1, 1, 1, 756, 0.0009099181073703367
Type '{ date: any; values: { value: any; score: any; }[]; }' is missing the following properties from type '{ date: string; value: string; score: number; }': value, score, 2739, 1, 1, 1, 788, 0.0009099181073703367
Declaration name conflicts with built-in global identifier 'globalThis'., 2397, 1, 1, 1, 790, 0.0009099181073703367
Spread types may only be created from object types., 2698, 1, 1, 1, 910, 0.0009099181073703367
Cannot invoke an object which is possibly 'undefined'., 2722, 1, 1, 1, 952, 0.0009099181073703367
'*/' expected., 1010, 1, 1, 1, 1040, 0.0009099181073703367
'import ... =' can only be used in TypeScript files., 8002, 1, 1, 1, 1068, 0.0009099181073703367
Property 'set' in type 'WeakMapObj' is not assignable to the same property in base type 'Map<any, any>'., 2416, 1, 1, 1, 1430, 0.0009099181073703367
Cannot assign to 'bar' because it is a read-only property., 2540, 1, 1, 1, 1648, 0.0009099181073703367
JSX expressions must have one parent element., 2657, 1, 1, 1, 1696, 0.0009099181073703367
Expected at least 1 arguments, but got 0., 2555, 1, 1, 1, 1962, 0.0009099181073703367
'await' expressions are only allowed within async functions and at the top levels of modules., 1308, 1, 1, 1, 2110, 0.0009099181073703367
Module declaration names may only use ' or " quoted strings., 1443, 1, 1, 1, 2162, 0.0009099181073703367

Total errors: 2812
Snippets without errors: 194/1099(0.17652411282984531)
Fixed: 608/1099(0.5532302092811647)
Snippets no lines: 0/1099(0)
Code lines: 13982
Snippets timed out: 0/1099(0)
Snippets failed: 0/1099(0)
Snippets lineFailed: 0/1099(0)
--------
TS DELETE ANALYSIS

ERROR, CODE, CATEGORY, NUM OCCURANCES, NUM AFFECTED SNIPPETS, FIRST ID, PERCENT
Cannot find name, 2304, 1, 283, 223, 2, 0.20291173794358508
Character expected, 1005, 1, 114, 107, 20, 0.09736123748862602
Type annotations can only be used in TypeScript files., 8010, 1, 88, 2, 898, 0.0018198362147406734
Property 'length' does not exist on type 'Process'., 2339, 1, 52, 46, 10, 0.04185623293903549
The '?' modifier can only be used in TypeScript files., 8009, 1, 14, 1, 1296, 0.0009099181073703367
Expression expected., 1109, 1, 12, 12, 240, 0.01091901728844404
Declaration or statement expected., 1128, 1, 11, 9, 204, 0.00818926296633303
Block-scoped variable 'client' used before its declaration., 2448, 1, 10, 9, 1122, 0.00818926296633303
Argument of type '{ key: string; cert: string; }' is not assignable to parameter of type 'ServerOptions<typeof IncomingMessage, typeof ServerResponse>'., 2345, 1, 7, 7, 900, 0.006369426751592357
No overload matches this call., 2769, 1, 6, 6, 156, 0.00545950864422202
Cannot find name '$'. Do you need to install type definitions for jQuery? Try `npm i --save-dev @types/jquery` and then add 'jquery' to the types field in your tsconfig., 2592, 1, 5, 4, 596, 0.003639672429481347
A 'return' statement can only be used within a function body., 1108, 1, 5, 5, 1034, 0.004549590536851683
This expression is not callable., 2349, 1, 4, 4, 714, 0.003639672429481347
Left side of comma operator is unused and has no side effects., 2695, 1, 3, 3, 486, 0.00272975432211101
Unterminated template literal., 1160, 1, 3, 3, 734, 0.00272975432211101
Cannot find name 'fcm'. Did you mean 'FCM'?, 2552, 1, 3, 3, 1764, 0.00272975432211101
Cannot find name 'document'. Do you need to change your target library? Try changing the 'lib' compiler option to include 'dom'., 2584, 1, 2, 2, 588, 0.0018198362147406734
Trailing comma not allowed., 1009, 1, 2, 2, 768, 0.0018198362147406734
Type 'IterableIterator<number>' can only be iterated through when using the '--downlevelIteration' flag or with a '--target' of 'es2015' or higher., 2802, 1, 2, 2, 916, 0.0018198362147406734
Type 'string[][]' is missing the following properties from type 'ArrayConstructor': isArray, prototype, from, of, [Symbol.species], 2739, 1, 2, 2, 1162, 0.0018198362147406734
Type '(socket: any, server: any) => void' has no properties in common with type 'ServerOpts'., 2559, 1, 1, 1, 88, 0.0009099181073703367
Cannot assign to 'winston' because it is an import., 2632, 1, 1, 1, 322, 0.0009099181073703367
'await' expressions are only allowed within async functions and at the top levels of modules., 1308, 1, 1, 1, 350, 0.0009099181073703367
Identifier expected., 1003, 1, 1, 1, 364, 0.0009099181073703367
This comparison appears to be unintentional because the types 'void' and 'string' have no overlap., 2367, 1, 1, 1, 460, 0.0009099181073703367
Expected 2-3 arguments, but got 0., 2554, 1, 1, 1, 590, 0.0009099181073703367
'out' modifier can only appear on a type parameter of a class, interface or type alias, 1274, 1, 1, 1, 634, 0.0009099181073703367
Parameter modifiers can only be used in TypeScript files., 8012, 1, 1, 1, 634, 0.0009099181073703367
A class declaration without the 'default' modifier must have a name., 1211, 1, 1, 1, 756, 0.0009099181073703367
Type 'number' is not assignable to type 'object'., 2322, 1, 1, 1, 796, 0.0009099181073703367
Cannot use JSX unless the '--jsx' flag is provided., 17004, 1, 1, 1, 796, 0.0009099181073703367
JSX element 'script' has no corresponding closing tag., 17008, 1, 1, 1, 796, 0.0009099181073703367
An expression of type 'void' cannot be tested for truthiness., 1345, 1, 1, 1, 958, 0.0009099181073703367
'case' or 'default' expected., 1130, 1, 1, 1, 960, 0.0009099181073703367
'*/' expected., 1010, 1, 1, 1, 1040, 0.0009099181073703367
Top-level 'await' expressions are only allowed when the 'module' option is set to 'es2022', 'esnext', 'system', 'node16', or 'nodenext', and the 'target' option is set to 'es2017' or higher., 1378, 1, 1, 1, 1150, 0.0009099181073703367
Property 'set' in type 'WeakMapObj' is not assignable to the same property in base type 'Map<any, any>'., 2416, 1, 1, 1, 1430, 0.0009099181073703367
Cannot find name 'test'. Do you need to install type definitions for a test runner? Try `npm i --save-dev @types/jest` or `npm i --save-dev @types/mocha` and then add 'jest' or 'mocha' to the types field in your tsconfig., 2593, 1, 1, 1, 1558, 0.0009099181073703367
Property assignment expected., 1136, 1, 1, 1, 1588, 0.0009099181073703367
Type 'undefined' is not an array type., 2461, 1, 1, 1, 1650, 0.0009099181073703367
The right-hand side of an arithmetic operation must be of type 'any', 'number', 'bigint' or an enum type., 2363, 1, 1, 1, 1682, 0.0009099181073703367
Unknown keyword or identifier, 1435, 1, 1, 1, 1756, 0.0009099181073703367
'r' is possibly 'undefined'., 18048, 1, 1, 1, 1918, 0.0009099181073703367
The operand of a 'delete' operator must be a property reference., 2703, 1, 1, 1, 2160, 0.0009099181073703367
The left-hand side of an arithmetic operation must be of type 'any', 'number', 'bigint' or an enum type., 2362, 1, 1, 1, 2178, 0.0009099181073703367

Total errors: 653
Snippets without errors: 674/1099(0.6132848043676069)
Fixed: 902/1099(0.8207461328480437)
Snippets no lines: 105/1099(0.09554140127388536)
Code lines: 12063
Snippets timed out: 0/1099(0)
Snippets failed: 0/1099(0)
Snippets lineFailed: 0/1099(0)
--------
CUSTOM FIX TS ANALYSIS

ERROR, CODE, CATEGORY, NUM OCCURANCES, NUM AFFECTED SNIPPETS, FIRST ID, PERCENT
Property 'sendBody' does not exist on type 'ServerResponse<IncomingMessage> & { req: IncomingMessage; }'., 2339, 1, 578, 364, 0, 0.33121019108280253
Character expected, 1005, 1, 458, 241, 8, 0.21929026387625114
Cannot find name, 2304, 1, 394, 65, 90, 0.059144676979071886
Unexpected keyword or identifier., 1434, 1, 234, 41, 90, 0.0373066424021838
Declaration or statement expected., 1128, 1, 148, 88, 58, 0.08007279344858963
Type annotations can only be used in TypeScript files., 8010, 1, 98, 3, 394, 0.00272975432211101
Expression expected., 1109, 1, 93, 57, 60, 0.051865332120109194
Left side of comma operator is unused and has no side effects., 2695, 1, 54, 28, 288, 0.025477707006369428
Unterminated string literal., 1002, 1, 45, 38, 8, 0.034576888080072796
'number' only refers to a type, but is being used as a value here., 2693, 1, 38, 7, 776, 0.006369426751592357
Expected 1 arguments, but got 2., 2554, 1, 35, 33, 8, 0.03002729754322111
Argument of type 'number' is not assignable to parameter of type 'string'., 2345, 1, 33, 29, 0, 0.026387625113739762
Identifier expected., 1003, 1, 32, 23, 190, 0.020928116469517744
The right-hand side of an arithmetic operation must be of type 'any', 'number', 'bigint' or an enum type., 2363, 1, 29, 12, 246, 0.01091901728844404
This expression is not callable., 2349, 1, 28, 25, 0, 0.022747952684258416
This expression is not constructable., 2351, 1, 24, 24, 18, 0.02183803457688808
Import declaration conflicts with local declaration of 'readFileSync'., 2440, 1, 24, 24, 230, 0.02183803457688808
Duplicate identifier 'require_cwd'., 2300, 1, 20, 9, 408, 0.00818926296633303
Type 'string[]' is not assignable to type 'string'., 2322, 1, 18, 16, 184, 0.014558689717925387
The left-hand side of an arithmetic operation must be of type 'any', 'number', 'bigint' or an enum type., 2362, 1, 18, 16, 226, 0.014558689717925387
Cannot use JSX unless the '--jsx' flag is provided., 17004, 1, 18, 7, 412, 0.006369426751592357
No overload matches this call., 2769, 1, 17, 17, 126, 0.015468607825295723
The '?' modifier can only be used in TypeScript files., 8009, 1, 16, 2, 1296, 0.0018198362147406734
Top-level 'await' expressions are only allowed when the 'module' option is set to 'es2022', 'esnext', 'system', 'node16', or 'nodenext', and the 'target' option is set to 'es2017' or higher., 1378, 1, 15, 11, 1150, 0.010009099181073703
A 'return' statement can only be used within a function body., 1108, 1, 14, 11, 972, 0.010009099181073703
Invalid character., 1127, 1, 13, 8, 90, 0.007279344858962694
Cannot find name '$'. Do you need to install type definitions for jQuery? Try `npm i --save-dev @types/jquery` and then add 'jquery' to the types field in your tsconfig., 2592, 1, 13, 9, 508, 0.00818926296633303
Unknown keyword or identifier, 1435, 1, 12, 11, 90, 0.010009099181073703
Cannot find name 'it'. Do you need to install type definitions for a test runner? Try `npm i --save-dev @types/jest` or `npm i --save-dev @types/mocha` and then add 'jest' or 'mocha' to the types field in your tsconfig., 2593, 1, 12, 10, 444, 0.009099181073703366
Operator cannot be applied to types 1 and 2, 2365, 1, 11, 7, 132, 0.006369426751592357
Cannot redeclare block-scoped variable 'inst'., 2451, 1, 11, 5, 930, 0.004549590536851683
Block-scoped variable 'somethingElse' used before its declaration., 2448, 1, 11, 10, 1198, 0.009099181073703366
The right-hand side of a 'for...in' statement must be of type 'any', an object type or a type parameter, but here has type 'string'., 2407, 1, 9, 8, 148, 0.007279344858962694
An identifier or keyword cannot immediately follow a numeric literal., 1351, 1, 8, 3, 246, 0.00272975432211101
'nextKey' is possibly 'undefined'., 18048, 1, 8, 5, 466, 0.004549590536851683
Module '"assert"' has no exported member 'toString'., 2305, 1, 7, 7, 28, 0.006369426751592357
Argument expression expected., 1135, 1, 7, 5, 412, 0.004549590536851683
No value exists in scope for the shorthand property 'response'. Either declare one or provide an initializer., 18004, 1, 6, 4, 84, 0.003639672429481347
Unterminated template literal., 1160, 1, 6, 6, 102, 0.00545950864422202
Index signature in type 'String' only permits reading., 2542, 1, 6, 5, 226, 0.004549590536851683
Unterminated regular expression literal., 1161, 1, 6, 6, 412, 0.00545950864422202
Unexpected token. Did you mean `{'}'}` or `&rbrace;`?, 1381, 1, 6, 2, 1194, 0.0018198362147406734
An arithmetic operand must be of type 'any', 'number', 'bigint' or an enum type., 2356, 1, 6, 3, 1200, 0.00272975432211101
Trailing comma not allowed., 1009, 1, 5, 4, 86, 0.003639672429481347
JSX element 'script' has no corresponding closing tag., 17008, 1, 5, 3, 796, 0.00272975432211101
String literal expected., 1141, 1, 5, 4, 920, 0.003639672429481347
Cannot find name 'document'. Do you need to change your target library? Try changing the 'lib' compiler option to include 'dom'., 2584, 1, 4, 4, 236, 0.003639672429481347
'enum' declarations can only be used in TypeScript files., 8006, 1, 4, 2, 324, 0.0018198362147406734
Only a void function can be called with the 'new' keyword., 2350, 1, 4, 4, 644, 0.003639672429481347
Type '10000' is not an array type., 2461, 1, 4, 3, 1168, 0.00272975432211101
Type '(request: any, response: any) => void' has no properties in common with type 'ServerOptions<typeof IncomingMessage, typeof ServerResponse>'., 2559, 1, 3, 3, 84, 0.00272975432211101
Declaration expected., 1146, 1, 3, 3, 190, 0.00272975432211101
An expression of type 'void' cannot be tested for truthiness., 1345, 1, 3, 3, 374, 0.00272975432211101
A type predicate is only allowed in return type position for functions and methods., 1228, 1, 3, 3, 444, 0.00272975432211101
Type 'IterableIterator<number>' can only be iterated through when using the '--downlevelIteration' flag or with a '--target' of 'es2015' or higher., 2802, 1, 3, 3, 916, 0.00272975432211101
The operand of a 'delete' operator must be a property reference., 2703, 1, 3, 3, 1080, 0.00272975432211101
Cannot find module '/Users/john/Desktop/Apps/APNS/node/mhn-app-firebase-adminsdk-bs45c-5ac3770488.json'. Consider using '--resolveJsonModule' to import module with '.json' extension., 2732, 1, 3, 3, 1764, 0.00272975432211101
Variable declaration expected., 1134, 1, 2, 2, 246, 0.0018198362147406734
Cannot find name 'doSomeOtherWorkOnArgs'. Did you mean 'doSomeWorkOnArgs'?, 2552, 1, 2, 1, 316, 0.0009099181073703367
Property assignment expected., 1136, 1, 2, 2, 422, 0.0018198362147406734
This comparison appears to be unintentional because the types 'void' and 'string' have no overlap., 2367, 1, 2, 2, 460, 0.0018198362147406734
An object literal cannot have multiple properties with the same name., 1117, 1, 2, 2, 870, 0.0018198362147406734
Unexpected token. A constructor, method, accessor, or property was expected., 1068, 1, 2, 2, 944, 0.0018198362147406734
'const' declarations must be initialized., 1155, 1, 2, 1, 1032, 0.0009099181073703367
Cannot assign to 'bar' because it is a read-only property., 2540, 1, 2, 2, 1648, 0.0018198362147406734
Super calls are not permitted outside constructors or in nested functions inside constructors., 2337, 1, 2, 1, 1734, 0.0009099181073703367
Non-null assertions can only be used in TypeScript files., 8013, 1, 2, 1, 1900, 0.0009099181073703367
Type assertion expressions can only be used in TypeScript files., 8016, 1, 2, 2, 2132, 0.0018198362147406734
Cannot assign to 'winston' because it is an import., 2632, 1, 1, 1, 322, 0.0009099181073703367
'enum' is not allowed as a parameter name., 1390, 1, 1, 1, 324, 0.0009099181073703367
'await' expressions are only allowed within async functions and at the top levels of modules., 1308, 1, 1, 1, 350, 0.0009099181073703367
Function type, which lacks return-type annotation, implicitly has an 'any' return type., 7014, 1, 1, 1, 394, 0.0009099181073703367
Cannot use namespace 'NodeJS' as a value., 2708, 1, 1, 1, 558, 0.0009099181073703367
'out' modifier can only appear on a type parameter of a class, interface or type alias, 1274, 1, 1, 1, 634, 0.0009099181073703367
Parameter modifiers can only be used in TypeScript files., 8012, 1, 1, 1, 634, 0.0009099181073703367
'var' is not allowed as a variable declaration name., 1389, 1, 1, 1, 636, 0.0009099181073703367
The 'with' statement is not supported. All symbols in a 'with' block will have type 'any'., 2410, 1, 1, 1, 708, 0.0009099181073703367
A class declaration without the 'default' modifier must have a name., 1211, 1, 1, 1, 756, 0.0009099181073703367
Type '{ date: any; values: { value: any; score: any; }[]; }' is missing the following properties from type '{ date: string; value: string; score: number; }': value, score, 2739, 1, 1, 1, 788, 0.0009099181073703367
Declaration name conflicts with built-in global identifier 'globalThis'., 2397, 1, 1, 1, 790, 0.0009099181073703367
Spread types may only be created from object types., 2698, 1, 1, 1, 910, 0.0009099181073703367
Cannot invoke an object which is possibly 'undefined'., 2722, 1, 1, 1, 952, 0.0009099181073703367
'*/' expected., 1010, 1, 1, 1, 1040, 0.0009099181073703367
'import ... =' can only be used in TypeScript files., 8002, 1, 1, 1, 1068, 0.0009099181073703367
Property 'set' in type 'WeakMapObj' is not assignable to the same property in base type 'Map<any, any>'., 2416, 1, 1, 1, 1430, 0.0009099181073703367
Value of type 'BufferConstructor' is not callable. Did you mean to include 'new'?, 2348, 1, 1, 1, 1594, 0.0009099181073703367
JSX expressions must have one parent element., 2657, 1, 1, 1, 1696, 0.0009099181073703367
Expected at least 1 arguments, but got 0., 2555, 1, 1, 1, 1962, 0.0009099181073703367
Module declaration names may only use ' or " quoted strings., 1443, 1, 1, 1, 2162, 0.0009099181073703367

Total errors: 2734
Snippets without errors: 268/1099(0.24385805277525022)
Fixed: 746/1099(0.6787989080982711)
Snippets no lines: 0/1099(0)
Code lines: 14479
Snippets timed out: 0/1099(0)
Snippets failed: 0/1099(0)
Snippets lineFailed: 0/1099(0)
--------
ALL FIXES ANALYSIS

ERROR, CODE, CATEGORY, NUM OCCURANCES, NUM AFFECTED SNIPPETS, FIRST ID, PERCENT
Property 'pump' does not exist on type 'typeof import("util")'., 2339, 1, 202, 169, 12, 0.1537761601455869
Character expected, 1005, 1, 112, 107, 20, 0.09736123748862602
Type annotations can only be used in TypeScript files., 8010, 1, 87, 1, 1296, 0.0009099181073703367
Cannot find name, 2304, 1, 37, 34, 86, 0.030937215650591446
The '?' modifier can only be used in TypeScript files., 8009, 1, 14, 1, 1296, 0.0009099181073703367
Expression expected., 1109, 1, 11, 11, 240, 0.010009099181073703
This expression is not constructable., 2351, 1, 9, 9, 122, 0.00818926296633303
Declaration or statement expected., 1128, 1, 9, 8, 374, 0.007279344858962694
No overload matches this call., 2769, 1, 8, 8, 156, 0.007279344858962694
The right-hand side of a 'for...in' statement must be of type 'any', an object type or a type parameter, but here has type 'string'., 2407, 1, 7, 6, 148, 0.00545950864422202
This expression is not callable., 2349, 1, 7, 7, 298, 0.006369426751592357
A 'return' statement can only be used within a function body., 1108, 1, 6, 6, 960, 0.00545950864422202
Argument of type '{ bgColor1: StringConstructor; bgColor2: StringConstructor; bannerBgColor1: StringConstructor; bannerBgColor2: StringConstructor; ... 46 more ...; at: (index: number) => string; }' is not assignable to parameter of type 'string'., 2345, 1, 6, 6, 1296, 0.00545950864422202
Cannot find name '$'. Do you need to install type definitions for jQuery? Try `npm i --save-dev @types/jquery` and then add 'jquery' to the types field in your tsconfig., 2592, 1, 5, 4, 596, 0.003639672429481347
Block-scoped variable 'models' used before its declaration., 2448, 1, 5, 4, 1688, 0.003639672429481347
'app' is possibly 'undefined'., 18048, 1, 3, 3, 204, 0.00272975432211101
Left side of comma operator is unused and has no side effects., 2695, 1, 3, 3, 486, 0.00272975432211101
Unterminated template literal., 1160, 1, 3, 3, 734, 0.00272975432211101
Cannot find name 'document'. Do you need to change your target library? Try changing the 'lib' compiler option to include 'dom'., 2584, 1, 2, 2, 588, 0.0018198362147406734
Cannot find name 'userId'. Did you mean 'User'?, 2552, 1, 2, 2, 598, 0.0018198362147406734
Trailing comma not allowed., 1009, 1, 2, 2, 768, 0.0018198362147406734
Type 'IterableIterator<number>' can only be iterated through when using the '--downlevelIteration' flag or with a '--target' of 'es2015' or higher., 2802, 1, 2, 2, 916, 0.0018198362147406734
Type '(socket: any, server: any) => void' has no properties in common with type 'ServerOpts'., 2559, 1, 1, 1, 88, 0.0009099181073703367
Cannot assign to 'winston' because it is an import., 2632, 1, 1, 1, 322, 0.0009099181073703367
'await' expressions are only allowed within async functions and at the top levels of modules., 1308, 1, 1, 1, 350, 0.0009099181073703367
Identifier expected., 1003, 1, 1, 1, 364, 0.0009099181073703367
This comparison appears to be unintentional because the types 'void' and 'string' have no overlap., 2367, 1, 1, 1, 460, 0.0009099181073703367
Operator cannot be applied to types 1 and 2, 2365, 1, 1, 1, 614, 0.0009099181073703367
'out' modifier can only appear on a type parameter of a class, interface or type alias, 1274, 1, 1, 1, 634, 0.0009099181073703367
Parameter modifiers can only be used in TypeScript files., 8012, 1, 1, 1, 634, 0.0009099181073703367
A class declaration without the 'default' modifier must have a name., 1211, 1, 1, 1, 756, 0.0009099181073703367
Type 'number' is not assignable to type 'object'., 2322, 1, 1, 1, 796, 0.0009099181073703367
Cannot use JSX unless the '--jsx' flag is provided., 17004, 1, 1, 1, 796, 0.0009099181073703367
JSX element 'script' has no corresponding closing tag., 17008, 1, 1, 1, 796, 0.0009099181073703367
Expected 1 arguments, but got 2., 2554, 1, 1, 1, 958, 0.0009099181073703367
An expression of type 'void' cannot be tested for truthiness., 1345, 1, 1, 1, 958, 0.0009099181073703367
'*/' expected., 1010, 1, 1, 1, 1040, 0.0009099181073703367
Top-level 'await' expressions are only allowed when the 'module' option is set to 'es2022', 'esnext', 'system', 'node16', or 'nodenext', and the 'target' option is set to 'es2017' or higher., 1378, 1, 1, 1, 1150, 0.0009099181073703367
Property 'set' in type 'WeakMapObj' is not assignable to the same property in base type 'Map<any, any>'., 2416, 1, 1, 1, 1430, 0.0009099181073703367
Cannot find name 'test'. Do you need to install type definitions for a test runner? Try `npm i --save-dev @types/jest` or `npm i --save-dev @types/mocha` and then add 'jest' or 'mocha' to the types field in your tsconfig., 2593, 1, 1, 1, 1558, 0.0009099181073703367
Property assignment expected., 1136, 1, 1, 1, 1588, 0.0009099181073703367
Type 'undefined' is not an array type., 2461, 1, 1, 1, 1650, 0.0009099181073703367
The right-hand side of an arithmetic operation must be of type 'any', 'number', 'bigint' or an enum type., 2363, 1, 1, 1, 1682, 0.0009099181073703367
Unknown keyword or identifier, 1435, 1, 1, 1, 1756, 0.0009099181073703367
The operand of a 'delete' operator must be a property reference., 2703, 1, 1, 1, 2160, 0.0009099181073703367
The left-hand side of an arithmetic operation must be of type 'any', 'number', 'bigint' or an enum type., 2362, 1, 1, 1, 2178, 0.0009099181073703367

Total errors: 566
Snippets without errors: 726/1099(0.6606005459508644)
Fixed: 1026/1099(0.9335759781619655)
Snippets no lines: 47/1099(0.042766151046405826)
Code lines: 13164
Snippets timed out: 0/1099(0)
Snippets failed: 0/1099(0)
Snippets lineFailed: 0/1099(0)
DATASET INFORMATION:
TOTAL SNIPPETS: 1099
--------
ERROR ANALYSIS

ERROR, CODE, CATEGORY, NUM OCCURANCES, NUM AFFECTED SNIPPETS, FIRST ID, PERCENT

Total errors: 0
Snippets without errors: 1099/1099(1)
Fixed: 0/1099(0)
Snippets no lines: 2/1099(0.0018198362147406734)
Code lines: 15498
Snippets timed out: 0/1099(0)
Snippets failed: 0/1099(0)
Snippets lineFailed: 0/1099(0)
--------
DELETION ANALYSIS

ERROR, CODE, CATEGORY, NUM OCCURANCES, NUM AFFECTED SNIPPETS, FIRST ID, PERCENT

Total errors: 0
Snippets without errors: 1099/1099(1)
Fixed: 0/1099(0)
Snippets no lines: 2/1099(0.0018198362147406734)
Code lines: 15498
Snippets timed out: 0/1099(0)
Snippets failed: 0/1099(0)
Snippets lineFailed: 0/1099(0)
--------
TS FIX ANALYSIS

ERROR, CODE, CATEGORY, NUM OCCURANCES, NUM AFFECTED SNIPPETS, FIRST ID, PERCENT

Total errors: 0
Snippets without errors: 1099/1099(1)
Fixed: 0/1099(0)
Snippets no lines: 2/1099(0.0018198362147406734)
Code lines: 15498
Snippets timed out: 0/1099(0)
Snippets failed: 0/1099(0)
Snippets lineFailed: 0/1099(0)
--------
CUSTOM FIX ANALYSIS

ERROR, CODE, CATEGORY, NUM OCCURANCES, NUM AFFECTED SNIPPETS, FIRST ID, PERCENT

Total errors: 0
Snippets without errors: 1099/1099(1)
Fixed: 0/1099(0)
Snippets no lines: 2/1099(0.0018198362147406734)
Code lines: 15498
Snippets timed out: 0/1099(0)
Snippets failed: 0/1099(0)
Snippets lineFailed: 0/1099(0)
--------
TS DELETE ANALYSIS

ERROR, CODE, CATEGORY, NUM OCCURANCES, NUM AFFECTED SNIPPETS, FIRST ID, PERCENT

Total errors: 0
Snippets without errors: 1099/1099(1)
Fixed: 0/1099(0)
Snippets no lines: 2/1099(0.0018198362147406734)
Code lines: 15498
Snippets timed out: 0/1099(0)
Snippets failed: 0/1099(0)
Snippets lineFailed: 0/1099(0)
--------
CUSTOM FIX TS ANALYSIS

ERROR, CODE, CATEGORY, NUM OCCURANCES, NUM AFFECTED SNIPPETS, FIRST ID, PERCENT

Total errors: 0
Snippets without errors: 1099/1099(1)
Fixed: 0/1099(0)
Snippets no lines: 2/1099(0.0018198362147406734)
Code lines: 15498
Snippets timed out: 0/1099(0)
Snippets failed: 0/1099(0)
Snippets lineFailed: 0/1099(0)
--------
ALL FIXES ANALYSIS

ERROR, CODE, CATEGORY, NUM OCCURANCES, NUM AFFECTED SNIPPETS, FIRST ID, PERCENT

Total errors: 0
Snippets without errors: 1099/1099(1)
Fixed: 0/1099(0)
Snippets no lines: 2/1099(0.0018198362147406734)
Code lines: 15498
Snippets timed out: 0/1099(0)
Snippets failed: 0/1099(0)
Snippets lineFailed: 0/1099(0)
